#################    Q = 1  F = 1     #################
~~~~~~~~~ ITERACCION 0 ~~~~~~~~~
Clocks = 1279502.0000000000. Resultado: [ 
-185574386071466235907385963657451314085888.000000 + 
-105786130682032627374095790236465138499584.000000i + 
-104996566909520738056838615476642062008320.000000j + 
-105357267838743148801383693900590308392960.000000k ]

 Processor clock rate = 2195.2 MHz
~~~~~~~~~ ITERACCION 1 ~~~~~~~~~
Clocks = 1551516.0000000000. Resultado: [ 
-185574386071466235907385963657451314085888.000000 + 
-105786130682032627374095790236465138499584.000000i + 
-104996566909520738056838615476642062008320.000000j + 
-105357267838743148801383693900590308392960.000000k ]

 Processor clock rate = 2195.1 MHz
~~~~~~~~~ ITERACCION 2 ~~~~~~~~~
Clocks = 2684732.0000000000. Resultado: [ 
-185574386071466235907385963657451314085888.000000 + 
-105786130682032627374095790236465138499584.000000i + 
-104996566909520738056838615476642062008320.000000j + 
-105357267838743148801383693900590308392960.000000k ]

 Processor clock rate = 2195.1 MHz
~~~~~~~~~ ITERACCION 3 ~~~~~~~~~
Clocks = 968672.0000000000. Resultado: [ 
-185574386071466235907385963657451314085888.000000 + 
-105786130682032627374095790236465138499584.000000i + 
-104996566909520738056838615476642062008320.000000j + 
-105357267838743148801383693900590308392960.000000k ]

 Processor clock rate = 2195.1 MHz
~~~~~~~~~ ITERACCION 4 ~~~~~~~~~
Clocks = 2389889.0000000000. Resultado: [ 
-185574386071466235907385963657451314085888.000000 + 
-105786130682032627374095790236465138499584.000000i + 
-104996566909520738056838615476642062008320.000000j + 
-105357267838743148801383693900590308392960.000000k ]

 Processor clock rate = 2195.1 MHz
~~~~~~~~~ ITERACCION 5 ~~~~~~~~~
Clocks = 1163830.0000000000. Resultado: [ 
-185574386071466235907385963657451314085888.000000 + 
-105786130682032627374095790236465138499584.000000i + 
-104996566909520738056838615476642062008320.000000j + 
-105357267838743148801383693900590308392960.000000k ]

 Processor clock rate = 2195.1 MHz
~~~~~~~~~ ITERACCION 6 ~~~~~~~~~
Clocks = 2077265.0000000000. Resultado: [ 
-185574386071466235907385963657451314085888.000000 + 
-105786130682032627374095790236465138499584.000000i + 
-104996566909520738056838615476642062008320.000000j + 
-105357267838743148801383693900590308392960.000000k ]

 Processor clock rate = 2195.1 MHz
~~~~~~~~~ ITERACCION 7 ~~~~~~~~~
Clocks = 1186547.0000000000. Resultado: [ 
-185574386071466235907385963657451314085888.000000 + 
-105786130682032627374095790236465138499584.000000i + 
-104996566909520738056838615476642062008320.000000j + 
-105357267838743148801383693900590308392960.000000k ]

 Processor clock rate = 2195.1 MHz
~~~~~~~~~ ITERACCION 8 ~~~~~~~~~
Clocks = 1307407.0000000000. Resultado: [ 
-185574386071466235907385963657451314085888.000000 + 
-105786130682032627374095790236465138499584.000000i + 
-104996566909520738056838615476642062008320.000000j + 
-105357267838743148801383693900590308392960.000000k ]

 Processor clock rate = 2195.2 MHz
~~~~~~~~~ ITERACCION 9 ~~~~~~~~~
Clocks = 1417499.0000000000. Resultado: [ 
-185574386071466235907385963657451314085888.000000 + 
-105786130682032627374095790236465138499584.000000i + 
-104996566909520738056838615476642062008320.000000j + 
-105357267838743148801383693900590308392960.000000k ]

 Processor clock rate = 2195.1 MHz
