#################    Q = 1  F = 4     #################
~~~~~~~~~ ITERACCION 0 ~~~~~~~~~
Clocks = 2552946.0000000000. Resultado: [ 
-185574386071466235907385963657451314085888.000000 + 
-105786130682032627374095790236465138499584.000000i + 
-104996566909520738056838615476642062008320.000000j + 
-105357267838743148801383693900590308392960.000000k ]

 Processor clock rate = 2195.1 MHz
~~~~~~~~~ ITERACCION 1 ~~~~~~~~~
Clocks = 1544330.0000000000. Resultado: [ 
-185574386071466235907385963657451314085888.000000 + 
-105786130682032627374095790236465138499584.000000i + 
-104996566909520738056838615476642062008320.000000j + 
-105357267838743148801383693900590308392960.000000k ]

 Processor clock rate = 2195.1 MHz
~~~~~~~~~ ITERACCION 2 ~~~~~~~~~
Clocks = 2393527.0000000000. Resultado: [ 
-185574386071466235907385963657451314085888.000000 + 
-105786130682032627374095790236465138499584.000000i + 
-104996566909520738056838615476642062008320.000000j + 
-105357267838743148801383693900590308392960.000000k ]

 Processor clock rate = 2195.1 MHz
~~~~~~~~~ ITERACCION 3 ~~~~~~~~~
Clocks = 1774807.0000000000. Resultado: [ 
-185574386071466235907385963657451314085888.000000 + 
-105786130682032627374095790236465138499584.000000i + 
-104996566909520738056838615476642062008320.000000j + 
-105357267838743148801383693900590308392960.000000k ]

 Processor clock rate = 2195.1 MHz
~~~~~~~~~ ITERACCION 4 ~~~~~~~~~
Clocks = 2372724.0000000000. Resultado: [ 
-185574386071466235907385963657451314085888.000000 + 
-105786130682032627374095790236465138499584.000000i + 
-104996566909520738056838615476642062008320.000000j + 
-105357267838743148801383693900590308392960.000000k ]

 Processor clock rate = 2195.1 MHz
~~~~~~~~~ ITERACCION 5 ~~~~~~~~~
Clocks = 1686587.0000000000. Resultado: [ 
-185574386071466235907385963657451314085888.000000 + 
-105786130682032627374095790236465138499584.000000i + 
-104996566909520738056838615476642062008320.000000j + 
-105357267838743148801383693900590308392960.000000k ]

 Processor clock rate = 2195.1 MHz
~~~~~~~~~ ITERACCION 6 ~~~~~~~~~
Clocks = 1446200.0000000000. Resultado: [ 
-185574386071466235907385963657451314085888.000000 + 
-105786130682032627374095790236465138499584.000000i + 
-104996566909520738056838615476642062008320.000000j + 
-105357267838743148801383693900590308392960.000000k ]

 Processor clock rate = 2195.1 MHz
~~~~~~~~~ ITERACCION 7 ~~~~~~~~~
Clocks = 3810604.0000000000. Resultado: [ 
-185574386071466235907385963657451314085888.000000 + 
-105786130682032627374095790236465138499584.000000i + 
-104996566909520738056838615476642062008320.000000j + 
-105357267838743148801383693900590308392960.000000k ]

 Processor clock rate = 2195.1 MHz
~~~~~~~~~ ITERACCION 8 ~~~~~~~~~
Clocks = 2241360.0000000000. Resultado: [ 
-185574386071466235907385963657451314085888.000000 + 
-105786130682032627374095790236465138499584.000000i + 
-104996566909520738056838615476642062008320.000000j + 
-105357267838743148801383693900590308392960.000000k ]

 Processor clock rate = 2195.1 MHz
~~~~~~~~~ ITERACCION 9 ~~~~~~~~~
Clocks = 1572494.0000000000. Resultado: [ 
-185574386071466235907385963657451314085888.000000 + 
-105786130682032627374095790236465138499584.000000i + 
-104996566909520738056838615476642062008320.000000j + 
-105357267838743148801383693900590308392960.000000k ]

 Processor clock rate = 2195.1 MHz
