#################    Q = 1  F = 0     #################
~~~~~~~~~ ITERACCION 0 ~~~~~~~~~
Clocks = 1364688.0000000000. Resultado: [ 
-185574386071466235907385963657451314085888.000000 + 
-105786130682032627374095790236465138499584.000000i + 
-104996566909520738056838615476642062008320.000000j + 
-105357267838743148801383693900590308392960.000000k ]

 Processor clock rate = 2195.1 MHz
~~~~~~~~~ ITERACCION 1 ~~~~~~~~~
Clocks = 4166800.0000000000. Resultado: [ 
-185574386071466235907385963657451314085888.000000 + 
-105786130682032627374095790236465138499584.000000i + 
-104996566909520738056838615476642062008320.000000j + 
-105357267838743148801383693900590308392960.000000k ]

 Processor clock rate = 2195.1 MHz
~~~~~~~~~ ITERACCION 2 ~~~~~~~~~
Clocks = 1354252.0000000000. Resultado: [ 
-185574386071466235907385963657451314085888.000000 + 
-105786130682032627374095790236465138499584.000000i + 
-104996566909520738056838615476642062008320.000000j + 
-105357267838743148801383693900590308392960.000000k ]

 Processor clock rate = 2195.1 MHz
~~~~~~~~~ ITERACCION 3 ~~~~~~~~~
Clocks = 2175961.0000000000. Resultado: [ 
-185574386071466235907385963657451314085888.000000 + 
-105786130682032627374095790236465138499584.000000i + 
-104996566909520738056838615476642062008320.000000j + 
-105357267838743148801383693900590308392960.000000k ]

 Processor clock rate = 2195.1 MHz
~~~~~~~~~ ITERACCION 4 ~~~~~~~~~
Clocks = 1985273.0000000000. Resultado: [ 
-185574386071466235907385963657451314085888.000000 + 
-105786130682032627374095790236465138499584.000000i + 
-104996566909520738056838615476642062008320.000000j + 
-105357267838743148801383693900590308392960.000000k ]

 Processor clock rate = 2195.1 MHz
~~~~~~~~~ ITERACCION 5 ~~~~~~~~~
Clocks = 2643847.0000000000. Resultado: [ 
-185574386071466235907385963657451314085888.000000 + 
-105786130682032627374095790236465138499584.000000i + 
-104996566909520738056838615476642062008320.000000j + 
-105357267838743148801383693900590308392960.000000k ]

 Processor clock rate = 2195.2 MHz
~~~~~~~~~ ITERACCION 6 ~~~~~~~~~
Clocks = 1829274.0000000000. Resultado: [ 
-185574386071466235907385963657451314085888.000000 + 
-105786130682032627374095790236465138499584.000000i + 
-104996566909520738056838615476642062008320.000000j + 
-105357267838743148801383693900590308392960.000000k ]

 Processor clock rate = 2195.1 MHz
~~~~~~~~~ ITERACCION 7 ~~~~~~~~~
Clocks = 1897576.0000000000. Resultado: [ 
-185574386071466235907385963657451314085888.000000 + 
-105786130682032627374095790236465138499584.000000i + 
-104996566909520738056838615476642062008320.000000j + 
-105357267838743148801383693900590308392960.000000k ]

 Processor clock rate = 2195.1 MHz
~~~~~~~~~ ITERACCION 8 ~~~~~~~~~
Clocks = 3382781.0000000000. Resultado: [ 
-185574386071466235907385963657451314085888.000000 + 
-105786130682032627374095790236465138499584.000000i + 
-104996566909520738056838615476642062008320.000000j + 
-105357267838743148801383693900590308392960.000000k ]

 Processor clock rate = 2195.2 MHz
~~~~~~~~~ ITERACCION 9 ~~~~~~~~~
Clocks = 1702790.0000000000. Resultado: [ 
-185574386071466235907385963657451314085888.000000 + 
-105786130682032627374095790236465138499584.000000i + 
-104996566909520738056838615476642062008320.000000j + 
-105357267838743148801383693900590308392960.000000k ]

 Processor clock rate = 2195.1 MHz
