#################      Q = 3     #################
~~~~~~~~~ ITERACCION 0 ~~~~~~~~~
Clocks = 345944283.0000000000. Resultado: [ 
23625970025707484345754218534428400213295104.000000 + 23620736528661448876904055713005238982017024.000000i + 23621574894146279491726579725246107094089728.000000j + 23618215408324733762161840965449838147665920.000000k ]

 Processor clock rate = 2195.1 MHz
~~~~~~~~~ ITERACCION 1 ~~~~~~~~~
Clocks = 376722668.0000000000. Resultado: [ 
23625970025707484345754218534428400213295104.000000 + 23620736528661448876904055713005238982017024.000000i + 23621574894146279491726579725246107094089728.000000j + 23618215408324733762161840965449838147665920.000000k ]

 Processor clock rate = 2195.1 MHz
~~~~~~~~~ ITERACCION 2 ~~~~~~~~~
Clocks = 342330839.0000000000. Resultado: [ 
23625970025707484345754218534428400213295104.000000 + 23620736528661448876904055713005238982017024.000000i + 23621574894146279491726579725246107094089728.000000j + 23618215408324733762161840965449838147665920.000000k ]

 Processor clock rate = 2195.1 MHz
~~~~~~~~~ ITERACCION 3 ~~~~~~~~~
Clocks = 327543395.0000000000. Resultado: [ 
23625970025707484345754218534428400213295104.000000 + 23620736528661448876904055713005238982017024.000000i + 23621574894146279491726579725246107094089728.000000j + 23618215408324733762161840965449838147665920.000000k ]

 Processor clock rate = 2195.1 MHz
~~~~~~~~~ ITERACCION 4 ~~~~~~~~~
Clocks = 385517567.0000000000. Resultado: [ 
23625970025707484345754218534428400213295104.000000 + 23620736528661448876904055713005238982017024.000000i + 23621574894146279491726579725246107094089728.000000j + 23618215408324733762161840965449838147665920.000000k ]

 Processor clock rate = 2195.1 MHz
~~~~~~~~~ ITERACCION 5 ~~~~~~~~~
Clocks = 320725938.0000000000. Resultado: [ 
23625970025707484345754218534428400213295104.000000 + 23620736528661448876904055713005238982017024.000000i + 23621574894146279491726579725246107094089728.000000j + 23618215408324733762161840965449838147665920.000000k ]

 Processor clock rate = 2195.1 MHz
~~~~~~~~~ ITERACCION 6 ~~~~~~~~~
Clocks = 339788822.0000000000. Resultado: [ 
23625970025707484345754218534428400213295104.000000 + 23620736528661448876904055713005238982017024.000000i + 23621574894146279491726579725246107094089728.000000j + 23618215408324733762161840965449838147665920.000000k ]

 Processor clock rate = 2195.1 MHz
~~~~~~~~~ ITERACCION 7 ~~~~~~~~~
Clocks = 327041036.0000000000. Resultado: [ 
23625970025707484345754218534428400213295104.000000 + 23620736528661448876904055713005238982017024.000000i + 23621574894146279491726579725246107094089728.000000j + 23618215408324733762161840965449838147665920.000000k ]

 Processor clock rate = 2195.1 MHz
~~~~~~~~~ ITERACCION 8 ~~~~~~~~~
Clocks = 393328138.0000000000. Resultado: [ 
23625970025707484345754218534428400213295104.000000 + 23620736528661448876904055713005238982017024.000000i + 23621574894146279491726579725246107094089728.000000j + 23618215408324733762161840965449838147665920.000000k ]

 Processor clock rate = 2195.1 MHz
~~~~~~~~~ ITERACCION 9 ~~~~~~~~~
Clocks = 386964773.0000000000. Resultado: [ 
23625970025707484345754218534428400213295104.000000 + 23620736528661448876904055713005238982017024.000000i + 23621574894146279491726579725246107094089728.000000j + 23618215408324733762161840965449838147665920.000000k ]

 Processor clock rate = 2195.0 MHz
