#################      Q = 1     #################
~~~~~~~~~ ITERACCION 0 ~~~~~~~~~
Clocks = 1812752.0000000000. Resultado: [ 
-185574386071466235907385963657451314085888.000000 + 
-105786130682032627374095790236465138499584.000000i + 
-104996566909520738056838615476642062008320.000000j + 
-105357267838743148801383693900590308392960.000000k ]

 Processor clock rate = 2195.2 MHz
~~~~~~~~~ ITERACCION 1 ~~~~~~~~~
Clocks = 1734260.0000000000. Resultado: [ 
-185574386071466235907385963657451314085888.000000 + 
-105786130682032627374095790236465138499584.000000i + 
-104996566909520738056838615476642062008320.000000j + 
-105357267838743148801383693900590308392960.000000k ]

 Processor clock rate = 2195.1 MHz
~~~~~~~~~ ITERACCION 2 ~~~~~~~~~
Clocks = 1746594.0000000000. Resultado: [ 
-185574386071466235907385963657451314085888.000000 + 
-105786130682032627374095790236465138499584.000000i + 
-104996566909520738056838615476642062008320.000000j + 
-105357267838743148801383693900590308392960.000000k ]

 Processor clock rate = 2195.2 MHz
~~~~~~~~~ ITERACCION 3 ~~~~~~~~~
Clocks = 2750402.0000000000. Resultado: [ 
-185574386071466235907385963657451314085888.000000 + 
-105786130682032627374095790236465138499584.000000i + 
-104996566909520738056838615476642062008320.000000j + 
-105357267838743148801383693900590308392960.000000k ]

 Processor clock rate = 2195.1 MHz
~~~~~~~~~ ITERACCION 4 ~~~~~~~~~
Clocks = 1478156.0000000000. Resultado: [ 
-185574386071466235907385963657451314085888.000000 + 
-105786130682032627374095790236465138499584.000000i + 
-104996566909520738056838615476642062008320.000000j + 
-105357267838743148801383693900590308392960.000000k ]

 Processor clock rate = 2195.2 MHz
~~~~~~~~~ ITERACCION 5 ~~~~~~~~~
Clocks = 2926511.0000000000. Resultado: [ 
-185574386071466235907385963657451314085888.000000 + 
-105786130682032627374095790236465138499584.000000i + 
-104996566909520738056838615476642062008320.000000j + 
-105357267838743148801383693900590308392960.000000k ]

 Processor clock rate = 2195.1 MHz
~~~~~~~~~ ITERACCION 6 ~~~~~~~~~
Clocks = 1928104.0000000000. Resultado: [ 
-185574386071466235907385963657451314085888.000000 + 
-105786130682032627374095790236465138499584.000000i + 
-104996566909520738056838615476642062008320.000000j + 
-105357267838743148801383693900590308392960.000000k ]

 Processor clock rate = 2195.1 MHz
~~~~~~~~~ ITERACCION 7 ~~~~~~~~~
Clocks = 1599996.0000000000. Resultado: [ 
-185574386071466235907385963657451314085888.000000 + 
-105786130682032627374095790236465138499584.000000i + 
-104996566909520738056838615476642062008320.000000j + 
-105357267838743148801383693900590308392960.000000k ]

 Processor clock rate = 2195.1 MHz
~~~~~~~~~ ITERACCION 8 ~~~~~~~~~
Clocks = 1691492.0000000000. Resultado: [ 
-185574386071466235907385963657451314085888.000000 + 
-105786130682032627374095790236465138499584.000000i + 
-104996566909520738056838615476642062008320.000000j + 
-105357267838743148801383693900590308392960.000000k ]

 Processor clock rate = 2195.2 MHz
~~~~~~~~~ ITERACCION 9 ~~~~~~~~~
Clocks = 1109160.0000000000. Resultado: [ 
-185574386071466235907385963657451314085888.000000 + 
-105786130682032627374095790236465138499584.000000i + 
-104996566909520738056838615476642062008320.000000j + 
-105357267838743148801383693900590308392960.000000k ]

 Processor clock rate = 2195.1 MHz
