#################      Q = 2     #################
~~~~~~~~~ ITERACCION 0 ~~~~~~~~~
Clocks = 32479717.0000000000. Resultado: [ 
2364235132737820365756719291349654143238144.000000 + 2361477028390276315769211858909031131250688.000000i + 2365704330014472015863535300905649303453696.000000j + 2360693032697427058459885106777295635349504.000000k ]

 Processor clock rate = 2195.1 MHz
~~~~~~~~~ ITERACCION 1 ~~~~~~~~~
Clocks = 33363279.0000000000. Resultado: [ 
2364235132737820365756719291349654143238144.000000 + 2361477028390276315769211858909031131250688.000000i + 2365704330014472015863535300905649303453696.000000j + 2360693032697427058459885106777295635349504.000000k ]

 Processor clock rate = 2195.2 MHz
~~~~~~~~~ ITERACCION 2 ~~~~~~~~~
Clocks = 35071147.0000000000. Resultado: [ 
2364235132737820365756719291349654143238144.000000 + 2361477028390276315769211858909031131250688.000000i + 2365704330014472015863535300905649303453696.000000j + 2360693032697427058459885106777295635349504.000000k ]

 Processor clock rate = 2195.1 MHz
~~~~~~~~~ ITERACCION 3 ~~~~~~~~~
Clocks = 33328871.0000000000. Resultado: [ 
2364235132737820365756719291349654143238144.000000 + 2361477028390276315769211858909031131250688.000000i + 2365704330014472015863535300905649303453696.000000j + 2360693032697427058459885106777295635349504.000000k ]

 Processor clock rate = 2195.1 MHz
~~~~~~~~~ ITERACCION 4 ~~~~~~~~~
Clocks = 33983421.0000000000. Resultado: [ 
2364235132737820365756719291349654143238144.000000 + 2361477028390276315769211858909031131250688.000000i + 2365704330014472015863535300905649303453696.000000j + 2360693032697427058459885106777295635349504.000000k ]

 Processor clock rate = 2195.1 MHz
~~~~~~~~~ ITERACCION 5 ~~~~~~~~~
Clocks = 31741840.0000000000. Resultado: [ 
2364235132737820365756719291349654143238144.000000 + 2361477028390276315769211858909031131250688.000000i + 2365704330014472015863535300905649303453696.000000j + 2360693032697427058459885106777295635349504.000000k ]

 Processor clock rate = 2195.1 MHz
~~~~~~~~~ ITERACCION 6 ~~~~~~~~~
Clocks = 32001777.0000000000. Resultado: [ 
2364235132737820365756719291349654143238144.000000 + 2361477028390276315769211858909031131250688.000000i + 2365704330014472015863535300905649303453696.000000j + 2360693032697427058459885106777295635349504.000000k ]

 Processor clock rate = 2195.1 MHz
~~~~~~~~~ ITERACCION 7 ~~~~~~~~~
Clocks = 30028164.0000000000. Resultado: [ 
2364235132737820365756719291349654143238144.000000 + 2361477028390276315769211858909031131250688.000000i + 2365704330014472015863535300905649303453696.000000j + 2360693032697427058459885106777295635349504.000000k ]

 Processor clock rate = 2195.1 MHz
~~~~~~~~~ ITERACCION 8 ~~~~~~~~~
Clocks = 29945256.0000000000. Resultado: [ 
2364235132737820365756719291349654143238144.000000 + 2361477028390276315769211858909031131250688.000000i + 2365704330014472015863535300905649303453696.000000j + 2360693032697427058459885106777295635349504.000000k ]

 Processor clock rate = 2195.1 MHz
~~~~~~~~~ ITERACCION 9 ~~~~~~~~~
Clocks = 29337085.0000000000. Resultado: [ 
2364235132737820365756719291349654143238144.000000 + 2361477028390276315769211858909031131250688.000000i + 2365704330014472015863535300905649303453696.000000j + 2360693032697427058459885106777295635349504.000000k ]

 Processor clock rate = 2195.1 MHz
