#################      Q = 1     #################
~~~~~~~~~ ITERACCION 0 ~~~~~~~~~
Clocks = 744248.0000000000. Resultado: [ 
-185574386071466003793628597648649770500096.000000 + 
-105786130682032666059722017904598729097216.000000i + 
-104996566909520505943081249467840518422528.000000j + 
-105357267838743148801383693900590308392960.000000k ]

 Processor clock rate = 2195.1 MHz
~~~~~~~~~ ITERACCION 1 ~~~~~~~~~
Clocks = 315899.0000000000. Resultado: [ 
-185574386071466003793628597648649770500096.000000 + 
-105786130682032666059722017904598729097216.000000i + 
-104996566909520505943081249467840518422528.000000j + 
-105357267838743148801383693900590308392960.000000k ]

 Processor clock rate = 2195.1 MHz
~~~~~~~~~ ITERACCION 2 ~~~~~~~~~
Clocks = 765692.0000000000. Resultado: [ 
-185574386071466003793628597648649770500096.000000 + 
-105786130682032666059722017904598729097216.000000i + 
-104996566909520505943081249467840518422528.000000j + 
-105357267838743148801383693900590308392960.000000k ]

 Processor clock rate = 2195.1 MHz
~~~~~~~~~ ITERACCION 3 ~~~~~~~~~
Clocks = 541014.0000000000. Resultado: [ 
-185574386071466003793628597648649770500096.000000 + 
-105786130682032666059722017904598729097216.000000i + 
-104996566909520505943081249467840518422528.000000j + 
-105357267838743148801383693900590308392960.000000k ]

 Processor clock rate = 2195.1 MHz
~~~~~~~~~ ITERACCION 4 ~~~~~~~~~
Clocks = 610390.0000000000. Resultado: [ 
-185574386071466003793628597648649770500096.000000 + 
-105786130682032666059722017904598729097216.000000i + 
-104996566909520505943081249467840518422528.000000j + 
-105357267838743148801383693900590308392960.000000k ]

 Processor clock rate = 2195.1 MHz
~~~~~~~~~ ITERACCION 5 ~~~~~~~~~
Clocks = 312986.0000000000. Resultado: [ 
-185574386071466003793628597648649770500096.000000 + 
-105786130682032666059722017904598729097216.000000i + 
-104996566909520505943081249467840518422528.000000j + 
-105357267838743148801383693900590308392960.000000k ]

 Processor clock rate = 2195.1 MHz
~~~~~~~~~ ITERACCION 6 ~~~~~~~~~
Clocks = 660224.0000000000. Resultado: [ 
-185574386071466003793628597648649770500096.000000 + 
-105786130682032666059722017904598729097216.000000i + 
-104996566909520505943081249467840518422528.000000j + 
-105357267838743148801383693900590308392960.000000k ]

 Processor clock rate = 2195.1 MHz
~~~~~~~~~ ITERACCION 7 ~~~~~~~~~
Clocks = 344335.0000000000. Resultado: [ 
-185574386071466003793628597648649770500096.000000 + 
-105786130682032666059722017904598729097216.000000i + 
-104996566909520505943081249467840518422528.000000j + 
-105357267838743148801383693900590308392960.000000k ]

 Processor clock rate = 2195.1 MHz
~~~~~~~~~ ITERACCION 8 ~~~~~~~~~
Clocks = 515300.0000000000. Resultado: [ 
-185574386071466003793628597648649770500096.000000 + 
-105786130682032666059722017904598729097216.000000i + 
-104996566909520505943081249467840518422528.000000j + 
-105357267838743148801383693900590308392960.000000k ]

 Processor clock rate = 2195.1 MHz
~~~~~~~~~ ITERACCION 9 ~~~~~~~~~
Clocks = 744936.0000000000. Resultado: [ 
-185574386071466003793628597648649770500096.000000 + 
-105786130682032666059722017904598729097216.000000i + 
-104996566909520505943081249467840518422528.000000j + 
-105357267838743148801383693900590308392960.000000k ]

 Processor clock rate = 2195.1 MHz
