#################      Q = 2     #################
~~~~~~~~~ ITERACCION 0 ~~~~~~~~~
Clocks = 33001041.0000000000. Resultado: [ 
-18890077698994980056404605552999812286119936.000000 + 
-10612898355504621013540731379700550053396480.000000i + 
-10636984505929016555628453256413171995901952.000000j + 
-10638962771876163174900245642264676336140288.000000k ]

 Processor clock rate = 2195.1 MHz
~~~~~~~~~ ITERACCION 1 ~~~~~~~~~
Clocks = 32235404.0000000000. Resultado: [ 
-18890077698994980056404605552999812286119936.000000 + 
-10612898355504621013540731379700550053396480.000000i + 
-10636984505929016555628453256413171995901952.000000j + 
-10638962771876163174900245642264676336140288.000000k ]

 Processor clock rate = 2195.1 MHz
~~~~~~~~~ ITERACCION 2 ~~~~~~~~~
Clocks = 31473731.0000000000. Resultado: [ 
-18890077698994980056404605552999812286119936.000000 + 
-10612898355504621013540731379700550053396480.000000i + 
-10636984505929016555628453256413171995901952.000000j + 
-10638962771876163174900245642264676336140288.000000k ]

 Processor clock rate = 2195.1 MHz
~~~~~~~~~ ITERACCION 3 ~~~~~~~~~
Clocks = 33233901.0000000000. Resultado: [ 
-18890077698994980056404605552999812286119936.000000 + 
-10612898355504621013540731379700550053396480.000000i + 
-10636984505929016555628453256413171995901952.000000j + 
-10638962771876163174900245642264676336140288.000000k ]

 Processor clock rate = 2195.1 MHz
~~~~~~~~~ ITERACCION 4 ~~~~~~~~~
Clocks = 34484078.0000000000. Resultado: [ 
-18890077698994980056404605552999812286119936.000000 + 
-10612898355504621013540731379700550053396480.000000i + 
-10636984505929016555628453256413171995901952.000000j + 
-10638962771876163174900245642264676336140288.000000k ]

 Processor clock rate = 2195.1 MHz
~~~~~~~~~ ITERACCION 5 ~~~~~~~~~
Clocks = 31492976.0000000000. Resultado: [ 
-18890077698994980056404605552999812286119936.000000 + 
-10612898355504621013540731379700550053396480.000000i + 
-10636984505929016555628453256413171995901952.000000j + 
-10638962771876163174900245642264676336140288.000000k ]

 Processor clock rate = 2195.1 MHz
~~~~~~~~~ ITERACCION 6 ~~~~~~~~~
Clocks = 33288412.0000000000. Resultado: [ 
-18890077698994980056404605552999812286119936.000000 + 
-10612898355504621013540731379700550053396480.000000i + 
-10636984505929016555628453256413171995901952.000000j + 
-10638962771876163174900245642264676336140288.000000k ]

 Processor clock rate = 2195.1 MHz
~~~~~~~~~ ITERACCION 7 ~~~~~~~~~
Clocks = 33452269.0000000000. Resultado: [ 
-18890077698994980056404605552999812286119936.000000 + 
-10612898355504621013540731379700550053396480.000000i + 
-10636984505929016555628453256413171995901952.000000j + 
-10638962771876163174900245642264676336140288.000000k ]

 Processor clock rate = 2195.1 MHz
~~~~~~~~~ ITERACCION 8 ~~~~~~~~~
Clocks = 34339788.0000000000. Resultado: [ 
-18890077698994980056404605552999812286119936.000000 + 
-10612898355504621013540731379700550053396480.000000i + 
-10636984505929016555628453256413171995901952.000000j + 
-10638962771876163174900245642264676336140288.000000k ]

 Processor clock rate = 2195.2 MHz
~~~~~~~~~ ITERACCION 9 ~~~~~~~~~
Clocks = 31792973.0000000000. Resultado: [ 
-18890077698994980056404605552999812286119936.000000 + 
-10612898355504621013540731379700550053396480.000000i + 
-10636984505929016555628453256413171995901952.000000j + 
-10638962771876163174900245642264676336140288.000000k ]

 Processor clock rate = 2195.2 MHz
