#################      Q = 0     #################
~~~~~~~~~ ITERACCION 0 ~~~~~~~~~
Clocks = 5019.0000000000. Resultado: [ 
-1911695871301541732983505449892941135872.000000 + 
-1207491206572679039775946133610147348480.000000i + 
-1191822647415032398560349605517875740672.000000j + 
-1081582932234912960950208653184961871872.000000k ]

 Processor clock rate = 2195.1 MHz
~~~~~~~~~ ITERACCION 1 ~~~~~~~~~
Clocks = 3417.0000000000. Resultado: [ 
-1911695871301541732983505449892941135872.000000 + 
-1207491206572679039775946133610147348480.000000i + 
-1191822647415032398560349605517875740672.000000j + 
-1081582932234912960950208653184961871872.000000k ]

 Processor clock rate = 2195.1 MHz
~~~~~~~~~ ITERACCION 2 ~~~~~~~~~
Clocks = 10235.0000000000. Resultado: [ 
-1911695871301541732983505449892941135872.000000 + 
-1207491206572679039775946133610147348480.000000i + 
-1191822647415032398560349605517875740672.000000j + 
-1081582932234912960950208653184961871872.000000k ]

 Processor clock rate = 2195.1 MHz
~~~~~~~~~ ITERACCION 3 ~~~~~~~~~
Clocks = 7648.0000000000. Resultado: [ 
-1911695871301541732983505449892941135872.000000 + 
-1207491206572679039775946133610147348480.000000i + 
-1191822647415032398560349605517875740672.000000j + 
-1081582932234912960950208653184961871872.000000k ]

 Processor clock rate = 2195.1 MHz
~~~~~~~~~ ITERACCION 4 ~~~~~~~~~
Clocks = 11605.0000000000. Resultado: [ 
-1911695871301541732983505449892941135872.000000 + 
-1207491206572679039775946133610147348480.000000i + 
-1191822647415032398560349605517875740672.000000j + 
-1081582932234912960950208653184961871872.000000k ]

 Processor clock rate = 2195.1 MHz
~~~~~~~~~ ITERACCION 5 ~~~~~~~~~
Clocks = 10956.0000000000. Resultado: [ 
-1911695871301541732983505449892941135872.000000 + 
-1207491206572679039775946133610147348480.000000i + 
-1191822647415032398560349605517875740672.000000j + 
-1081582932234912960950208653184961871872.000000k ]

 Processor clock rate = 2195.1 MHz
~~~~~~~~~ ITERACCION 6 ~~~~~~~~~
Clocks = 8928.0000000000. Resultado: [ 
-1911695871301541732983505449892941135872.000000 + 
-1207491206572679039775946133610147348480.000000i + 
-1191822647415032398560349605517875740672.000000j + 
-1081582932234912960950208653184961871872.000000k ]

 Processor clock rate = 2195.0 MHz
~~~~~~~~~ ITERACCION 7 ~~~~~~~~~
Clocks = 4261.0000000000. Resultado: [ 
-1911695871301541732983505449892941135872.000000 + 
-1207491206572679039775946133610147348480.000000i + 
-1191822647415032398560349605517875740672.000000j + 
-1081582932234912960950208653184961871872.000000k ]

 Processor clock rate = 2195.2 MHz
~~~~~~~~~ ITERACCION 8 ~~~~~~~~~
Clocks = 11044.0000000000. Resultado: [ 
-1911695871301541732983505449892941135872.000000 + 
-1207491206572679039775946133610147348480.000000i + 
-1191822647415032398560349605517875740672.000000j + 
-1081582932234912960950208653184961871872.000000k ]

 Processor clock rate = 2195.1 MHz
~~~~~~~~~ ITERACCION 9 ~~~~~~~~~
Clocks = 8896.0000000000. Resultado: [ 
-1911695871301541732983505449892941135872.000000 + 
-1207491206572679039775946133610147348480.000000i + 
-1191822647415032398560349605517875740672.000000j + 
-1081582932234912960950208653184961871872.000000k ]

 Processor clock rate = 2195.1 MHz
