#################      Q = 3     #################
~~~~~~~~~ ITERACCION 0 ~~~~~~~~~
Clocks = 324176288.0000000000. Resultado: [ 
-189038584213365010097093237157367128596152320.000000 + 
-106248429547485464517409936564936493500465152.000000i + 
-106264868060744169985272371536415990122283008.000000j + 
-106285773714142999660827167617783301379457024.000000k ]

 Processor clock rate = 2195.1 MHz
~~~~~~~~~ ITERACCION 1 ~~~~~~~~~
Clocks = 320574017.0000000000. Resultado: [ 
-189038584213365010097093237157367128596152320.000000 + 
-106248429547485464517409936564936493500465152.000000i + 
-106264868060744169985272371536415990122283008.000000j + 
-106285773714142999660827167617783301379457024.000000k ]

 Processor clock rate = 2195.1 MHz
~~~~~~~~~ ITERACCION 2 ~~~~~~~~~
Clocks = 322126331.0000000000. Resultado: [ 
-189038584213365010097093237157367128596152320.000000 + 
-106248429547485464517409936564936493500465152.000000i + 
-106264868060744169985272371536415990122283008.000000j + 
-106285773714142999660827167617783301379457024.000000k ]

 Processor clock rate = 2195.1 MHz
~~~~~~~~~ ITERACCION 3 ~~~~~~~~~
Clocks = 306020719.0000000000. Resultado: [ 
-189038584213365010097093237157367128596152320.000000 + 
-106248429547485464517409936564936493500465152.000000i + 
-106264868060744169985272371536415990122283008.000000j + 
-106285773714142999660827167617783301379457024.000000k ]

 Processor clock rate = 2195.1 MHz
~~~~~~~~~ ITERACCION 4 ~~~~~~~~~
Clocks = 307856056.0000000000. Resultado: [ 
-189038584213365010097093237157367128596152320.000000 + 
-106248429547485464517409936564936493500465152.000000i + 
-106264868060744169985272371536415990122283008.000000j + 
-106285773714142999660827167617783301379457024.000000k ]

 Processor clock rate = 2195.1 MHz
~~~~~~~~~ ITERACCION 5 ~~~~~~~~~
Clocks = 320731291.0000000000. Resultado: [ 
-189038584213365010097093237157367128596152320.000000 + 
-106248429547485464517409936564936493500465152.000000i + 
-106264868060744169985272371536415990122283008.000000j + 
-106285773714142999660827167617783301379457024.000000k ]

 Processor clock rate = 2195.1 MHz
~~~~~~~~~ ITERACCION 6 ~~~~~~~~~
Clocks = 316617370.0000000000. Resultado: [ 
-189038584213365010097093237157367128596152320.000000 + 
-106248429547485464517409936564936493500465152.000000i + 
-106264868060744169985272371536415990122283008.000000j + 
-106285773714142999660827167617783301379457024.000000k ]

 Processor clock rate = 2195.2 MHz
~~~~~~~~~ ITERACCION 7 ~~~~~~~~~
Clocks = 317158918.0000000000. Resultado: [ 
-189038584213365010097093237157367128596152320.000000 + 
-106248429547485464517409936564936493500465152.000000i + 
-106264868060744169985272371536415990122283008.000000j + 
-106285773714142999660827167617783301379457024.000000k ]

 Processor clock rate = 2195.1 MHz
~~~~~~~~~ ITERACCION 8 ~~~~~~~~~
Clocks = 317196734.0000000000. Resultado: [ 
-189038584213365010097093237157367128596152320.000000 + 
-106248429547485464517409936564936493500465152.000000i + 
-106264868060744169985272371536415990122283008.000000j + 
-106285773714142999660827167617783301379457024.000000k ]

 Processor clock rate = 2195.1 MHz
~~~~~~~~~ ITERACCION 9 ~~~~~~~~~
Clocks = 321715070.0000000000. Resultado: [ 
-189038584213365010097093237157367128596152320.000000 + 
-106248429547485464517409936564936493500465152.000000i + 
-106264868060744169985272371536415990122283008.000000j + 
-106285773714142999660827167617783301379457024.000000k ]

 Processor clock rate = 2195.1 MHz
