#################    Q = 3  F = 1     #################
~~~~~~~~~ ITERACCION 0 ~~~~~~~~~
Clocks = 575272421.0000000000. Resultado: [ 
-189038584213369803400925350149791538005147648.000000 + 
-106248429547475877909745710580087674682474496.000000i + 
-106264868060738089223799401748505685624094720.000000j + 
-106285773714147911806903052006714101104377856.000000k ]

 Processor clock rate = 2195.1 MHz
~~~~~~~~~ ITERACCION 1 ~~~~~~~~~
Clocks = 457102602.0000000000. Resultado: [ 
-189038584213369803400925350149791538005147648.000000 + 
-106248429547475877909745710580087674682474496.000000i + 
-106264868060738089223799401748505685624094720.000000j + 
-106285773714147911806903052006714101104377856.000000k ]

 Processor clock rate = 2195.1 MHz
~~~~~~~~~ ITERACCION 2 ~~~~~~~~~
Clocks = 702941485.0000000000. Resultado: [ 
-189038584213369803400925350149791538005147648.000000 + 
-106248429547475877909745710580087674682474496.000000i + 
-106264868060738089223799401748505685624094720.000000j + 
-106285773714147911806903052006714101104377856.000000k ]

 Processor clock rate = 2195.1 MHz
~~~~~~~~~ ITERACCION 3 ~~~~~~~~~
Clocks = 459858781.0000000000. Resultado: [ 
-189038584213369803400925350149791538005147648.000000 + 
-106248429547475877909745710580087674682474496.000000i + 
-106264868060738089223799401748505685624094720.000000j + 
-106285773714147911806903052006714101104377856.000000k ]

 Processor clock rate = 2195.2 MHz
~~~~~~~~~ ITERACCION 4 ~~~~~~~~~
Clocks = 463650033.0000000000. Resultado: [ 
-189038584213369803400925350149791538005147648.000000 + 
-106248429547475877909745710580087674682474496.000000i + 
-106264868060738089223799401748505685624094720.000000j + 
-106285773714147911806903052006714101104377856.000000k ]

 Processor clock rate = 2195.1 MHz
~~~~~~~~~ ITERACCION 5 ~~~~~~~~~
Clocks = 444394656.0000000000. Resultado: [ 
-189038584213369803400925350149791538005147648.000000 + 
-106248429547475877909745710580087674682474496.000000i + 
-106264868060738089223799401748505685624094720.000000j + 
-106285773714147911806903052006714101104377856.000000k ]

 Processor clock rate = 2195.1 MHz
~~~~~~~~~ ITERACCION 6 ~~~~~~~~~
Clocks = 441408804.0000000000. Resultado: [ 
-189038584213369803400925350149791538005147648.000000 + 
-106248429547475877909745710580087674682474496.000000i + 
-106264868060738089223799401748505685624094720.000000j + 
-106285773714147911806903052006714101104377856.000000k ]

 Processor clock rate = 2195.0 MHz
~~~~~~~~~ ITERACCION 7 ~~~~~~~~~
Clocks = 463319214.0000000000. Resultado: [ 
-189038584213369803400925350149791538005147648.000000 + 
-106248429547475877909745710580087674682474496.000000i + 
-106264868060738089223799401748505685624094720.000000j + 
-106285773714147911806903052006714101104377856.000000k ]

 Processor clock rate = 2195.2 MHz
~~~~~~~~~ ITERACCION 8 ~~~~~~~~~
Clocks = 463768952.0000000000. Resultado: [ 
-189038584213369803400925350149791538005147648.000000 + 
-106248429547475877909745710580087674682474496.000000i + 
-106264868060738089223799401748505685624094720.000000j + 
-106285773714147911806903052006714101104377856.000000k ]

 Processor clock rate = 2195.1 MHz
~~~~~~~~~ ITERACCION 9 ~~~~~~~~~
Clocks = 454252271.0000000000. Resultado: [ 
-189038584213369803400925350149791538005147648.000000 + 
-106248429547475877909745710580087674682474496.000000i + 
-106264868060738089223799401748505685624094720.000000j + 
-106285773714147911806903052006714101104377856.000000k ]

 Processor clock rate = 2195.1 MHz
