#################    Q = 3  F = 2     #################
~~~~~~~~~ ITERACCION 0 ~~~~~~~~~
Clocks = 456311019.0000000000. Resultado: [ 
-189038584213369328031950264563765976741445632.000000 + 
-106248429547481522916324851914141214688935936.000000i + 
-106264868060734464535364374155060780988366848.000000j + 
-106285773714153061637466479188657681461149696.000000k ]

 Processor clock rate = 2195.1 MHz
~~~~~~~~~ ITERACCION 1 ~~~~~~~~~
Clocks = 462042084.0000000000. Resultado: [ 
-189038584213369328031950264563765976741445632.000000 + 
-106248429547481542723365480480225613074923520.000000i + 
-106264868060734464535364374155060780988366848.000000j + 
-106285773714153041830425850622573283075162112.000000k ]

 Processor clock rate = 2195.2 MHz
~~~~~~~~~ ITERACCION 2 ~~~~~~~~~
Clocks = 510949673.0000000000. Resultado: [ 
-189038584213369288417869007431597179969470464.000000 + 
-106248429547481522916324851914141214688935936.000000i + 
-106264868060734484342405002721145179374354432.000000j + 
-106285773714153061637466479188657681461149696.000000k ]

 Processor clock rate = 2195.1 MHz
~~~~~~~~~ ITERACCION 3 ~~~~~~~~~
Clocks = 482981227.0000000000. Resultado: [ 
-189038584213369288417869007431597179969470464.000000 + 
-106248429547481522916324851914141214688935936.000000i + 
-106264868060734464535364374155060780988366848.000000j + 
-106285773714153041830425850622573283075162112.000000k ]

 Processor clock rate = 2195.1 MHz
~~~~~~~~~ ITERACCION 4 ~~~~~~~~~
Clocks = 451106655.0000000000. Resultado: [ 
-189038584213369328031950264563765976741445632.000000 + 
-106248429547481522916324851914141214688935936.000000i + 
-106264868060734464535364374155060780988366848.000000j + 
-106285773714153061637466479188657681461149696.000000k ]

 Processor clock rate = 2195.1 MHz
~~~~~~~~~ ITERACCION 5 ~~~~~~~~~
Clocks = 508438980.0000000000. Resultado: [ 
-189038584213369328031950264563765976741445632.000000 + 
-106248429547481522916324851914141214688935936.000000i + 
-106264868060734464535364374155060780988366848.000000j + 
-106285773714153061637466479188657681461149696.000000k ]

 Processor clock rate = 2195.1 MHz
~~~~~~~~~ ITERACCION 6 ~~~~~~~~~
Clocks = 532289332.0000000000. Resultado: [ 
-189038584213369328031950264563765976741445632.000000 + 
-106248429547481522916324851914141214688935936.000000i + 
-106264868060734464535364374155060780988366848.000000j + 
-106285773714153061637466479188657681461149696.000000k ]

 Processor clock rate = 2195.1 MHz
~~~~~~~~~ ITERACCION 7 ~~~~~~~~~
Clocks = 568836275.0000000000. Resultado: [ 
-189038584213369288417869007431597179969470464.000000 + 
-106248429547481542723365480480225613074923520.000000i + 
-106264868060734464535364374155060780988366848.000000j + 
-106285773714153041830425850622573283075162112.000000k ]

 Processor clock rate = 2195.1 MHz
~~~~~~~~~ ITERACCION 8 ~~~~~~~~~
Clocks = 518430694.0000000000. Resultado: [ 
-189038584213369288417869007431597179969470464.000000 + 
-106248429547481522916324851914141214688935936.000000i + 
-106264868060734464535364374155060780988366848.000000j + 
-106285773714153041830425850622573283075162112.000000k ]

 Processor clock rate = 2195.1 MHz
~~~~~~~~~ ITERACCION 9 ~~~~~~~~~
Clocks = 643671406.0000000000. Resultado: [ 
-189038584213369328031950264563765976741445632.000000 + 
-106248429547481522916324851914141214688935936.000000i + 
-106264868060734464535364374155060780988366848.000000j + 
-106285773714153061637466479188657681461149696.000000k ]

 Processor clock rate = 2195.1 MHz
