#################    Q = 3  F = 3     #################
~~~~~~~~~ ITERACCION 0 ~~~~~~~~~
Clocks = 674563553.0000000000. Resultado: [ 
-189038584213362593638136552095070525505667072.000000 + 
-106248429547484711849866051053729354832936960.000000i + 
-106264868060734682412811288381989163234230272.000000j + 
-106285773714152705110735164999138510513373184.000000k ]

 Processor clock rate = 2195.2 MHz
~~~~~~~~~ ITERACCION 1 ~~~~~~~~~
Clocks = 711287359.0000000000. Resultado: [ 
-189038584213362593638136552095070525505667072.000000 + 
-106248429547484731656906679619813753218924544.000000i + 
-106264868060734682412811288381989163234230272.000000j + 
-106285773714152705110735164999138510513373184.000000k ]

 Processor clock rate = 2195.1 MHz
~~~~~~~~~ ITERACCION 2 ~~~~~~~~~
Clocks = 614949732.0000000000. Resultado: [ 
-189038584213362593638136552095070525505667072.000000 + 
-106248429547484731656906679619813753218924544.000000i + 
-106264868060734662605770659815904764848242688.000000j + 
-106285773714152705110735164999138510513373184.000000k ]

 Processor clock rate = 2195.1 MHz
~~~~~~~~~ ITERACCION 3 ~~~~~~~~~
Clocks = 616426372.0000000000. Resultado: [ 
-189038584213362593638136552095070525505667072.000000 + 
-106248429547484731656906679619813753218924544.000000i + 
-106264868060734682412811288381989163234230272.000000j + 
-106285773714152705110735164999138510513373184.000000k ]

 Processor clock rate = 2195.1 MHz
~~~~~~~~~ ITERACCION 4 ~~~~~~~~~
Clocks = 447525579.0000000000. Resultado: [ 
-189038584213362593638136552095070525505667072.000000 + 
-106248429547484731656906679619813753218924544.000000i + 
-106264868060734682412811288381989163234230272.000000j + 
-106285773714152705110735164999138510513373184.000000k ]

 Processor clock rate = 2195.1 MHz
~~~~~~~~~ ITERACCION 5 ~~~~~~~~~
Clocks = 448962848.0000000000. Resultado: [ 
-189038584213362593638136552095070525505667072.000000 + 
-106248429547484711849866051053729354832936960.000000i + 
-106264868060734662605770659815904764848242688.000000j + 
-106285773714152705110735164999138510513373184.000000k ]

 Processor clock rate = 2195.1 MHz
~~~~~~~~~ ITERACCION 6 ~~~~~~~~~
Clocks = 439329539.0000000000. Resultado: [ 
-189038584213362593638136552095070525505667072.000000 + 
-106248429547484731656906679619813753218924544.000000i + 
-106264868060734682412811288381989163234230272.000000j + 
-106285773714152705110735164999138510513373184.000000k ]

 Processor clock rate = 2195.1 MHz
~~~~~~~~~ ITERACCION 7 ~~~~~~~~~
Clocks = 466804460.0000000000. Resultado: [ 
-189038584213362593638136552095070525505667072.000000 + 
-106248429547484731656906679619813753218924544.000000i + 
-106264868060734682412811288381989163234230272.000000j + 
-106285773714152705110735164999138510513373184.000000k ]

 Processor clock rate = 2195.1 MHz
~~~~~~~~~ ITERACCION 8 ~~~~~~~~~
Clocks = 467636241.0000000000. Resultado: [ 
-189038584213362593638136552095070525505667072.000000 + 
-106248429547484731656906679619813753218924544.000000i + 
-106264868060734662605770659815904764848242688.000000j + 
-106285773714152705110735164999138510513373184.000000k ]

 Processor clock rate = 2195.1 MHz
~~~~~~~~~ ITERACCION 9 ~~~~~~~~~
Clocks = 462739515.0000000000. Resultado: [ 
-189038584213362593638136552095070525505667072.000000 + 
-106248429547484731656906679619813753218924544.000000i + 
-106264868060734682412811288381989163234230272.000000j + 
-106285773714152705110735164999138510513373184.000000k ]

 Processor clock rate = 2195.1 MHz
