#################    Q = 3  F = 4     #################
~~~~~~~~~ ITERACCION 0 ~~~~~~~~~
Clocks = 455403935.0000000000. Resultado: [ 
-189038584213361722128348895187356996522213376.000000 + 
-106248429547485424903328679432767696728489984.000000i + 
-106264868060737653468905573294648921132367872.000000j + 
-106285773714152744724816422131307307285348352.000000k ]

 Processor clock rate = 2195.1 MHz
~~~~~~~~~ ITERACCION 1 ~~~~~~~~~
Clocks = 455822463.0000000000. Resultado: [ 
-189038584213361722128348895187356996522213376.000000 + 
-106248429547485424903328679432767696728489984.000000i + 
-106264868060737633661864944728564522746380288.000000j + 
-106285773714152744724816422131307307285348352.000000k ]

 Processor clock rate = 2195.1 MHz
~~~~~~~~~ ITERACCION 2 ~~~~~~~~~
Clocks = 561166517.0000000000. Resultado: [ 
-189038584213361722128348895187356996522213376.000000 + 
-106248429547485424903328679432767696728489984.000000i + 
-106264868060737633661864944728564522746380288.000000j + 
-106285773714152744724816422131307307285348352.000000k ]

 Processor clock rate = 2195.1 MHz
~~~~~~~~~ ITERACCION 3 ~~~~~~~~~
Clocks = 504344525.0000000000. Resultado: [ 
-189038584213361722128348895187356996522213376.000000 + 
-106248429547485405096288050866683298342502400.000000i + 
-106264868060737653468905573294648921132367872.000000j + 
-106285773714152744724816422131307307285348352.000000k ]

 Processor clock rate = 2195.1 MHz
~~~~~~~~~ ITERACCION 4 ~~~~~~~~~
Clocks = 448446267.0000000000. Resultado: [ 
-189038584213361722128348895187356996522213376.000000 + 
-106248429547485424903328679432767696728489984.000000i + 
-106264868060737653468905573294648921132367872.000000j + 
-106285773714152744724816422131307307285348352.000000k ]

 Processor clock rate = 2195.1 MHz
~~~~~~~~~ ITERACCION 5 ~~~~~~~~~
Clocks = 447964485.0000000000. Resultado: [ 
-189038584213361722128348895187356996522213376.000000 + 
-106248429547485424903328679432767696728489984.000000i + 
-106264868060737633661864944728564522746380288.000000j + 
-106285773714152744724816422131307307285348352.000000k ]

 Processor clock rate = 2195.0 MHz
~~~~~~~~~ ITERACCION 6 ~~~~~~~~~
Clocks = 529453135.0000000000. Resultado: [ 
-189038584213361722128348895187356996522213376.000000 + 
-106248429547485424903328679432767696728489984.000000i + 
-106264868060737653468905573294648921132367872.000000j + 
-106285773714152744724816422131307307285348352.000000k ]

 Processor clock rate = 2195.1 MHz
~~~~~~~~~ ITERACCION 7 ~~~~~~~~~
Clocks = 516954437.0000000000. Resultado: [ 
-189038584213361722128348895187356996522213376.000000 + 
-106248429547485424903328679432767696728489984.000000i + 
-106264868060737633661864944728564522746380288.000000j + 
-106285773714152744724816422131307307285348352.000000k ]

 Processor clock rate = 2195.1 MHz
~~~~~~~~~ ITERACCION 8 ~~~~~~~~~
Clocks = 450707330.0000000000. Resultado: [ 
-189038584213361722128348895187356996522213376.000000 + 
-106248429547485424903328679432767696728489984.000000i + 
-106264868060737653468905573294648921132367872.000000j + 
-106285773714152744724816422131307307285348352.000000k ]

 Processor clock rate = 2195.1 MHz
~~~~~~~~~ ITERACCION 9 ~~~~~~~~~
Clocks = 441772502.0000000000. Resultado: [ 
-189038584213361722128348895187356996522213376.000000 + 
-106248429547485424903328679432767696728489984.000000i + 
-106264868060737653468905573294648921132367872.000000j + 
-106285773714152744724816422131307307285348352.000000k ]

 Processor clock rate = 2195.1 MHz
