#################    Q = 3  F = 0     #################
~~~~~~~~~ ITERACCION 0 ~~~~~~~~~
Clocks = 761673913.0000000000. Resultado: [ 
-189038584213351105554571983766119461632868352.000000 + 
-106248429547492911964686277412670286631796736.000000i + 
-106264868060751617432548712384149783253614592.000000j + 
-106285773714162846315536990834350484139016192.000000k ]

 Processor clock rate = 2195.2 MHz
~~~~~~~~~ ITERACCION 1 ~~~~~~~~~
Clocks = 744867054.0000000000. Resultado: [ 
-189038584213351105554571983766119461632868352.000000 + 
-106248429547492911964686277412670286631796736.000000i + 
-106264868060751617432548712384149783253614592.000000j + 
-106285773714162846315536990834350484139016192.000000k ]

 Processor clock rate = 2195.1 MHz
~~~~~~~~~ ITERACCION 2 ~~~~~~~~~
Clocks = 774998713.0000000000. Resultado: [ 
-189038584213351105554571983766119461632868352.000000 + 
-106248429547492911964686277412670286631796736.000000i + 
-106264868060751617432548712384149783253614592.000000j + 
-106285773714162846315536990834350484139016192.000000k ]

 Processor clock rate = 2195.2 MHz
~~~~~~~~~ ITERACCION 3 ~~~~~~~~~
Clocks = 857140382.0000000000. Resultado: [ 
-189038584213351105554571983766119461632868352.000000 + 
-106248429547492911964686277412670286631796736.000000i + 
-106264868060751617432548712384149783253614592.000000j + 
-106285773714162846315536990834350484139016192.000000k ]

 Processor clock rate = 2195.1 MHz
~~~~~~~~~ ITERACCION 4 ~~~~~~~~~
Clocks = 1012442461.0000000000. Resultado: [ 
-189038584213351105554571983766119461632868352.000000 + 
-106248429547492911964686277412670286631796736.000000i + 
-106264868060751617432548712384149783253614592.000000j + 
-106285773714162846315536990834350484139016192.000000k ]

 Processor clock rate = 2195.1 MHz
~~~~~~~~~ ITERACCION 5 ~~~~~~~~~
Clocks = 832396476.0000000000. Resultado: [ 
-189038584213351105554571983766119461632868352.000000 + 
-106248429547492911964686277412670286631796736.000000i + 
-106264868060751617432548712384149783253614592.000000j + 
-106285773714162846315536990834350484139016192.000000k ]

 Processor clock rate = 2195.1 MHz
~~~~~~~~~ ITERACCION 6 ~~~~~~~~~
Clocks = 839866938.0000000000. Resultado: [ 
-189038584213351105554571983766119461632868352.000000 + 
-106248429547492911964686277412670286631796736.000000i + 
-106264868060751617432548712384149783253614592.000000j + 
-106285773714162846315536990834350484139016192.000000k ]

 Processor clock rate = 2195.1 MHz
~~~~~~~~~ ITERACCION 7 ~~~~~~~~~
Clocks = 835480057.0000000000. Resultado: [ 
-189038584213351105554571983766119461632868352.000000 + 
-106248429547492911964686277412670286631796736.000000i + 
-106264868060751617432548712384149783253614592.000000j + 
-106285773714162846315536990834350484139016192.000000k ]

 Processor clock rate = 2195.1 MHz
~~~~~~~~~ ITERACCION 8 ~~~~~~~~~
Clocks = 863740689.0000000000. Resultado: [ 
-189038584213351105554571983766119461632868352.000000 + 
-106248429547492911964686277412670286631796736.000000i + 
-106264868060751617432548712384149783253614592.000000j + 
-106285773714162846315536990834350484139016192.000000k ]

 Processor clock rate = 2195.1 MHz
~~~~~~~~~ ITERACCION 9 ~~~~~~~~~
Clocks = 854870735.0000000000. Resultado: [ 
-189038584213351105554571983766119461632868352.000000 + 
-106248429547492911964686277412670286631796736.000000i + 
-106264868060751617432548712384149783253614592.000000j + 
-106285773714162846315536990834350484139016192.000000k ]

 Processor clock rate = 2195.1 MHz
