#################    Q = 2  F = 1     #################
~~~~~~~~~ ITERACCION 0 ~~~~~~~~~
Clocks = 62519059.0000000000. Resultado: [ 
-18890077698996356645728290895865500112257024.000000 + 
-10612898355504602444440142098996426566533120.000000i + 
-10636984505928596893955135512499981192790016.000000j + 
-10638962771876418190548338430601305555730432.000000k ]

 Processor clock rate = 2195.1 MHz
~~~~~~~~~ ITERACCION 1 ~~~~~~~~~
Clocks = 61664619.0000000000. Resultado: [ 
-18890077698996356645728290895865500112257024.000000 + 
-10612898355504602444440142098996426566533120.000000i + 
-10636984505928596893955135512499981192790016.000000j + 
-10638962771876418190548338430601305555730432.000000k ]

 Processor clock rate = 2195.1 MHz
~~~~~~~~~ ITERACCION 2 ~~~~~~~~~
Clocks = 67644765.0000000000. Resultado: [ 
-18890077698996356645728290895865500112257024.000000 + 
-10612898355504602444440142098996426566533120.000000i + 
-10636984505928596893955135512499981192790016.000000j + 
-10638962771876418190548338430601305555730432.000000k ]

 Processor clock rate = 2195.1 MHz
~~~~~~~~~ ITERACCION 3 ~~~~~~~~~
Clocks = 72995685.0000000000. Resultado: [ 
-18890077698996356645728290895865500112257024.000000 + 
-10612898355504602444440142098996426566533120.000000i + 
-10636984505928596893955135512499981192790016.000000j + 
-10638962771876418190548338430601305555730432.000000k ]

 Processor clock rate = 2195.1 MHz
~~~~~~~~~ ITERACCION 4 ~~~~~~~~~
Clocks = 61822334.0000000000. Resultado: [ 
-18890077698996356645728290895865500112257024.000000 + 
-10612898355504602444440142098996426566533120.000000i + 
-10636984505928596893955135512499981192790016.000000j + 
-10638962771876418190548338430601305555730432.000000k ]

 Processor clock rate = 2195.1 MHz
~~~~~~~~~ ITERACCION 5 ~~~~~~~~~
Clocks = 63758619.0000000000. Resultado: [ 
-18890077698996356645728290895865500112257024.000000 + 
-10612898355504602444440142098996426566533120.000000i + 
-10636984505928596893955135512499981192790016.000000j + 
-10638962771876418190548338430601305555730432.000000k ]

 Processor clock rate = 2195.1 MHz
~~~~~~~~~ ITERACCION 6 ~~~~~~~~~
Clocks = 97797212.0000000000. Resultado: [ 
-18890077698996356645728290895865500112257024.000000 + 
-10612898355504602444440142098996426566533120.000000i + 
-10636984505928596893955135512499981192790016.000000j + 
-10638962771876418190548338430601305555730432.000000k ]

 Processor clock rate = 2195.1 MHz
~~~~~~~~~ ITERACCION 7 ~~~~~~~~~
Clocks = 67892443.0000000000. Resultado: [ 
-18890077698996356645728290895865500112257024.000000 + 
-10612898355504602444440142098996426566533120.000000i + 
-10636984505928596893955135512499981192790016.000000j + 
-10638962771876418190548338430601305555730432.000000k ]

 Processor clock rate = 2195.2 MHz
~~~~~~~~~ ITERACCION 8 ~~~~~~~~~
Clocks = 73382323.0000000000. Resultado: [ 
-18890077698996356645728290895865500112257024.000000 + 
-10612898355504602444440142098996426566533120.000000i + 
-10636984505928596893955135512499981192790016.000000j + 
-10638962771876418190548338430601305555730432.000000k ]

 Processor clock rate = 2195.1 MHz
~~~~~~~~~ ITERACCION 9 ~~~~~~~~~
Clocks = 65438296.0000000000. Resultado: [ 
-18890077698996356645728290895865500112257024.000000 + 
-10612898355504602444440142098996426566533120.000000i + 
-10636984505928596893955135512499981192790016.000000j + 
-10638962771876418190548338430601305555730432.000000k ]

 Processor clock rate = 2195.2 MHz
