#################    Q = 2  F = 4     #################
~~~~~~~~~ ITERACCION 0 ~~~~~~~~~
Clocks = 112579462.0000000000. Resultado: [ 
-18890077698996356645728290895865500112257024.000000 + 
-10612898355504602444440142098996426566533120.000000i + 
-10636984505928596893955135512499981192790016.000000j + 
-10638962771876418190548338430601305555730432.000000k ]

 Processor clock rate = 2195.1 MHz
~~~~~~~~~ ITERACCION 1 ~~~~~~~~~
Clocks = 82758426.0000000000. Resultado: [ 
-18890077698996356645728290895865500112257024.000000 + 
-10612898355504602444440142098996426566533120.000000i + 
-10636984505928596893955135512499981192790016.000000j + 
-10638962771876418190548338430601305555730432.000000k ]

 Processor clock rate = 2195.1 MHz
~~~~~~~~~ ITERACCION 2 ~~~~~~~~~
Clocks = 89325319.0000000000. Resultado: [ 
-18890077698996356645728290895865500112257024.000000 + 
-10612898355504602444440142098996426566533120.000000i + 
-10636984505928596893955135512499981192790016.000000j + 
-10638962771876418190548338430601305555730432.000000k ]

 Processor clock rate = 2195.1 MHz
~~~~~~~~~ ITERACCION 3 ~~~~~~~~~
Clocks = 135166635.0000000000. Resultado: [ 
-18890077698996356645728290895865500112257024.000000 + 
-10612898355504602444440142098996426566533120.000000i + 
-10636984505928596893955135512499981192790016.000000j + 
-10638962771876418190548338430601305555730432.000000k ]

 Processor clock rate = 2195.1 MHz
~~~~~~~~~ ITERACCION 4 ~~~~~~~~~
Clocks = 129546536.0000000000. Resultado: [ 
-18890077698996356645728290895865500112257024.000000 + 
-10612898355504602444440142098996426566533120.000000i + 
-10636984505928596893955135512499981192790016.000000j + 
-10638962771876418190548338430601305555730432.000000k ]

 Processor clock rate = 2195.1 MHz
~~~~~~~~~ ITERACCION 5 ~~~~~~~~~
Clocks = 85036106.0000000000. Resultado: [ 
-18890077698996356645728290895865500112257024.000000 + 
-10612898355504602444440142098996426566533120.000000i + 
-10636984505928596893955135512499981192790016.000000j + 
-10638962771876418190548338430601305555730432.000000k ]

 Processor clock rate = 2195.2 MHz
~~~~~~~~~ ITERACCION 6 ~~~~~~~~~
Clocks = 92613534.0000000000. Resultado: [ 
-18890077698996356645728290895865500112257024.000000 + 
-10612898355504602444440142098996426566533120.000000i + 
-10636984505928596893955135512499981192790016.000000j + 
-10638962771876418190548338430601305555730432.000000k ]

 Processor clock rate = 2195.1 MHz
~~~~~~~~~ ITERACCION 7 ~~~~~~~~~
Clocks = 65498291.0000000000. Resultado: [ 
-18890077698996356645728290895865500112257024.000000 + 
-10612898355504602444440142098996426566533120.000000i + 
-10636984505928596893955135512499981192790016.000000j + 
-10638962771876418190548338430601305555730432.000000k ]

 Processor clock rate = 2195.1 MHz
~~~~~~~~~ ITERACCION 8 ~~~~~~~~~
Clocks = 78067079.0000000000. Resultado: [ 
-18890077698996356645728290895865500112257024.000000 + 
-10612898355504602444440142098996426566533120.000000i + 
-10636984505928596893955135512499981192790016.000000j + 
-10638962771876418190548338430601305555730432.000000k ]

 Processor clock rate = 2195.1 MHz
~~~~~~~~~ ITERACCION 9 ~~~~~~~~~
Clocks = 68013422.0000000000. Resultado: [ 
-18890077698996356645728290895865500112257024.000000 + 
-10612898355504602444440142098996426566533120.000000i + 
-10636984505928596893955135512499981192790016.000000j + 
-10638962771876418190548338430601305555730432.000000k ]

 Processor clock rate = 2195.1 MHz
