#################    Q = 2  F = 2     #################
~~~~~~~~~ ITERACCION 0 ~~~~~~~~~
Clocks = 151443193.0000000000. Resultado: [ 
-18890077698996356645728290895865500112257024.000000 + 
-10612898355504602444440142098996426566533120.000000i + 
-10636984505928596893955135512499981192790016.000000j + 
-10638962771876418190548338430601305555730432.000000k ]

 Processor clock rate = 2195.2 MHz
~~~~~~~~~ ITERACCION 1 ~~~~~~~~~
Clocks = 89420593.0000000000. Resultado: [ 
-18890077698996356645728290895865500112257024.000000 + 
-10612898355504602444440142098996426566533120.000000i + 
-10636984505928596893955135512499981192790016.000000j + 
-10638962771876418190548338430601305555730432.000000k ]

 Processor clock rate = 2195.1 MHz
~~~~~~~~~ ITERACCION 2 ~~~~~~~~~
Clocks = 76463015.0000000000. Resultado: [ 
-18890077698996356645728290895865500112257024.000000 + 
-10612898355504602444440142098996426566533120.000000i + 
-10636984505928596893955135512499981192790016.000000j + 
-10638962771876418190548338430601305555730432.000000k ]

 Processor clock rate = 2195.2 MHz
~~~~~~~~~ ITERACCION 3 ~~~~~~~~~
Clocks = 78451202.0000000000. Resultado: [ 
-18890077698996356645728290895865500112257024.000000 + 
-10612898355504602444440142098996426566533120.000000i + 
-10636984505928596893955135512499981192790016.000000j + 
-10638962771876418190548338430601305555730432.000000k ]

 Processor clock rate = 2195.2 MHz
~~~~~~~~~ ITERACCION 4 ~~~~~~~~~
Clocks = 97642193.0000000000. Resultado: [ 
-18890077698996356645728290895865500112257024.000000 + 
-10612898355504602444440142098996426566533120.000000i + 
-10636984505928596893955135512499981192790016.000000j + 
-10638962771876418190548338430601305555730432.000000k ]

 Processor clock rate = 2195.1 MHz
~~~~~~~~~ ITERACCION 5 ~~~~~~~~~
Clocks = 69008584.0000000000. Resultado: [ 
-18890077698996356645728290895865500112257024.000000 + 
-10612898355504602444440142098996426566533120.000000i + 
-10636984505928596893955135512499981192790016.000000j + 
-10638962771876418190548338430601305555730432.000000k ]

 Processor clock rate = 2195.1 MHz
~~~~~~~~~ ITERACCION 6 ~~~~~~~~~
Clocks = 75369332.0000000000. Resultado: [ 
-18890077698996356645728290895865500112257024.000000 + 
-10612898355504602444440142098996426566533120.000000i + 
-10636984505928596893955135512499981192790016.000000j + 
-10638962771876418190548338430601305555730432.000000k ]

 Processor clock rate = 2195.1 MHz
~~~~~~~~~ ITERACCION 7 ~~~~~~~~~
Clocks = 98621934.0000000000. Resultado: [ 
-18890077698996356645728290895865500112257024.000000 + 
-10612898355504602444440142098996426566533120.000000i + 
-10636984505928596893955135512499981192790016.000000j + 
-10638962771876418190548338430601305555730432.000000k ]

 Processor clock rate = 2195.1 MHz
~~~~~~~~~ ITERACCION 8 ~~~~~~~~~
Clocks = 105257146.0000000000. Resultado: [ 
-18890077698996356645728290895865500112257024.000000 + 
-10612898355504602444440142098996426566533120.000000i + 
-10636984505928596893955135512499981192790016.000000j + 
-10638962771876418190548338430601305555730432.000000k ]

 Processor clock rate = 2195.1 MHz
~~~~~~~~~ ITERACCION 9 ~~~~~~~~~
Clocks = 84216164.0000000000. Resultado: [ 
-18890077698996356645728290895865500112257024.000000 + 
-10612898355504602444440142098996426566533120.000000i + 
-10636984505928596893955135512499981192790016.000000j + 
-10638962771876418190548338430601305555730432.000000k ]

 Processor clock rate = 2195.1 MHz
