#################    Q = 3  F = 0     #################
~~~~~~~~~ ITERACCION 0 ~~~~~~~~~
Clocks = 988184147.0000000000. Resultado: [ 
-189038584213351105554571983766119461632868352.000000 + 
-106248429547492911964686277412670286631796736.000000i + 
-106264868060751617432548712384149783253614592.000000j + 
-106285773714162846315536990834350484139016192.000000k ]

 Processor clock rate = 2195.1 MHz
~~~~~~~~~ ITERACCION 1 ~~~~~~~~~
Clocks = 1051208964.0000000000. Resultado: [ 
-189038584213351105554571983766119461632868352.000000 + 
-106248429547492911964686277412670286631796736.000000i + 
-106264868060751617432548712384149783253614592.000000j + 
-106285773714162846315536990834350484139016192.000000k ]

 Processor clock rate = 2195.1 MHz
~~~~~~~~~ ITERACCION 2 ~~~~~~~~~
Clocks = 1048157646.0000000000. Resultado: [ 
-189038584213351105554571983766119461632868352.000000 + 
-106248429547492911964686277412670286631796736.000000i + 
-106264868060751617432548712384149783253614592.000000j + 
-106285773714162846315536990834350484139016192.000000k ]

 Processor clock rate = 2195.1 MHz
~~~~~~~~~ ITERACCION 3 ~~~~~~~~~
Clocks = 1086981932.0000000000. Resultado: [ 
-189038584213351105554571983766119461632868352.000000 + 
-106248429547492911964686277412670286631796736.000000i + 
-106264868060751617432548712384149783253614592.000000j + 
-106285773714162846315536990834350484139016192.000000k ]

 Processor clock rate = 2195.1 MHz
~~~~~~~~~ ITERACCION 4 ~~~~~~~~~
Clocks = 1047301585.0000000000. Resultado: [ 
-189038584213351105554571983766119461632868352.000000 + 
-106248429547492911964686277412670286631796736.000000i + 
-106264868060751617432548712384149783253614592.000000j + 
-106285773714162846315536990834350484139016192.000000k ]

 Processor clock rate = 2195.1 MHz
~~~~~~~~~ ITERACCION 5 ~~~~~~~~~
Clocks = 1188499573.0000000000. Resultado: [ 
-189038584213351105554571983766119461632868352.000000 + 
-106248429547492911964686277412670286631796736.000000i + 
-106264868060751617432548712384149783253614592.000000j + 
-106285773714162846315536990834350484139016192.000000k ]

 Processor clock rate = 2195.1 MHz
~~~~~~~~~ ITERACCION 6 ~~~~~~~~~
Clocks = 1095423903.0000000000. Resultado: [ 
-189038584213351105554571983766119461632868352.000000 + 
-106248429547492911964686277412670286631796736.000000i + 
-106264868060751617432548712384149783253614592.000000j + 
-106285773714162846315536990834350484139016192.000000k ]

 Processor clock rate = 2195.1 MHz
~~~~~~~~~ ITERACCION 7 ~~~~~~~~~
Clocks = 1301663598.0000000000. Resultado: [ 
-189038584213351105554571983766119461632868352.000000 + 
-106248429547492911964686277412670286631796736.000000i + 
-106264868060751617432548712384149783253614592.000000j + 
-106285773714162846315536990834350484139016192.000000k ]

 Processor clock rate = 2195.1 MHz
~~~~~~~~~ ITERACCION 8 ~~~~~~~~~
Clocks = 1037898758.0000000000. Resultado: [ 
-189038584213351105554571983766119461632868352.000000 + 
-106248429547492911964686277412670286631796736.000000i + 
-106264868060751617432548712384149783253614592.000000j + 
-106285773714162846315536990834350484139016192.000000k ]

 Processor clock rate = 2195.1 MHz
~~~~~~~~~ ITERACCION 9 ~~~~~~~~~
Clocks = 1115067433.0000000000. Resultado: [ 
-189038584213351105554571983766119461632868352.000000 + 
-106248429547492911964686277412670286631796736.000000i + 
-106264868060751617432548712384149783253614592.000000j + 
-106285773714162846315536990834350484139016192.000000k ]

 Processor clock rate = 2195.1 MHz
