#################    Q = 3  F = 2     #################
~~~~~~~~~ ITERACCION 0 ~~~~~~~~~
Clocks = 652251864.0000000000. Resultado: [ 
-189038584213351105554571983766119461632868352.000000 + 
-106248429547492911964686277412670286631796736.000000i + 
-106264868060751617432548712384149783253614592.000000j + 
-106285773714162846315536990834350484139016192.000000k ]

 Processor clock rate = 2195.1 MHz
~~~~~~~~~ ITERACCION 1 ~~~~~~~~~
Clocks = 794888412.0000000000. Resultado: [ 
-189038584213351105554571983766119461632868352.000000 + 
-106248429547492911964686277412670286631796736.000000i + 
-106264868060751617432548712384149783253614592.000000j + 
-106285773714162846315536990834350484139016192.000000k ]

 Processor clock rate = 2195.1 MHz
~~~~~~~~~ ITERACCION 2 ~~~~~~~~~
Clocks = 642090288.0000000000. Resultado: [ 
-189038584213351105554571983766119461632868352.000000 + 
-106248429547492911964686277412670286631796736.000000i + 
-106264868060751617432548712384149783253614592.000000j + 
-106285773714162846315536990834350484139016192.000000k ]

 Processor clock rate = 2195.1 MHz
~~~~~~~~~ ITERACCION 3 ~~~~~~~~~
Clocks = 736608943.0000000000. Resultado: [ 
-189038584213351105554571983766119461632868352.000000 + 
-106248429547492911964686277412670286631796736.000000i + 
-106264868060751617432548712384149783253614592.000000j + 
-106285773714162846315536990834350484139016192.000000k ]

 Processor clock rate = 2195.2 MHz
~~~~~~~~~ ITERACCION 4 ~~~~~~~~~
Clocks = 654005370.0000000000. Resultado: [ 
-189038584213351105554571983766119461632868352.000000 + 
-106248429547492911964686277412670286631796736.000000i + 
-106264868060751617432548712384149783253614592.000000j + 
-106285773714162846315536990834350484139016192.000000k ]

 Processor clock rate = 2195.1 MHz
~~~~~~~~~ ITERACCION 5 ~~~~~~~~~
Clocks = 647785688.0000000000. Resultado: [ 
-189038584213351105554571983766119461632868352.000000 + 
-106248429547492911964686277412670286631796736.000000i + 
-106264868060751617432548712384149783253614592.000000j + 
-106285773714162846315536990834350484139016192.000000k ]

 Processor clock rate = 2195.1 MHz
~~~~~~~~~ ITERACCION 6 ~~~~~~~~~
Clocks = 639607335.0000000000. Resultado: [ 
-189038584213351105554571983766119461632868352.000000 + 
-106248429547492911964686277412670286631796736.000000i + 
-106264868060751617432548712384149783253614592.000000j + 
-106285773714162846315536990834350484139016192.000000k ]

 Processor clock rate = 2195.1 MHz
~~~~~~~~~ ITERACCION 7 ~~~~~~~~~
Clocks = 809553169.0000000000. Resultado: [ 
-189038584213351105554571983766119461632868352.000000 + 
-106248429547492911964686277412670286631796736.000000i + 
-106264868060751617432548712384149783253614592.000000j + 
-106285773714162846315536990834350484139016192.000000k ]

 Processor clock rate = 2195.1 MHz
~~~~~~~~~ ITERACCION 8 ~~~~~~~~~
Clocks = 680364383.0000000000. Resultado: [ 
-189038584213351105554571983766119461632868352.000000 + 
-106248429547492911964686277412670286631796736.000000i + 
-106264868060751617432548712384149783253614592.000000j + 
-106285773714162846315536990834350484139016192.000000k ]

 Processor clock rate = 2195.1 MHz
~~~~~~~~~ ITERACCION 9 ~~~~~~~~~
Clocks = 631840188.0000000000. Resultado: [ 
-189038584213351105554571983766119461632868352.000000 + 
-106248429547492911964686277412670286631796736.000000i + 
-106264868060751617432548712384149783253614592.000000j + 
-106285773714162846315536990834350484139016192.000000k ]

 Processor clock rate = 2195.1 MHz
