#################    Q = 3  F = 4     #################
~~~~~~~~~ ITERACCION 0 ~~~~~~~~~
Clocks = 796820564.0000000000. Resultado: [ 
-189038584213351105554571983766119461632868352.000000 + 
-106248429547492911964686277412670286631796736.000000i + 
-106264868060751617432548712384149783253614592.000000j + 
-106285773714162846315536990834350484139016192.000000k ]

 Processor clock rate = 2195.1 MHz
~~~~~~~~~ ITERACCION 1 ~~~~~~~~~
Clocks = 706539983.0000000000. Resultado: [ 
-189038584213351105554571983766119461632868352.000000 + 
-106248429547492911964686277412670286631796736.000000i + 
-106264868060751617432548712384149783253614592.000000j + 
-106285773714162846315536990834350484139016192.000000k ]

 Processor clock rate = 2195.1 MHz
~~~~~~~~~ ITERACCION 2 ~~~~~~~~~
Clocks = 747262332.0000000000. Resultado: [ 
-189038584213351105554571983766119461632868352.000000 + 
-106248429547492911964686277412670286631796736.000000i + 
-106264868060751617432548712384149783253614592.000000j + 
-106285773714162846315536990834350484139016192.000000k ]

 Processor clock rate = 2195.1 MHz
~~~~~~~~~ ITERACCION 3 ~~~~~~~~~
Clocks = 626132065.0000000000. Resultado: [ 
-189038584213351105554571983766119461632868352.000000 + 
-106248429547492911964686277412670286631796736.000000i + 
-106264868060751617432548712384149783253614592.000000j + 
-106285773714162846315536990834350484139016192.000000k ]

 Processor clock rate = 2195.1 MHz
~~~~~~~~~ ITERACCION 4 ~~~~~~~~~
Clocks = 646933748.0000000000. Resultado: [ 
-189038584213351105554571983766119461632868352.000000 + 
-106248429547492911964686277412670286631796736.000000i + 
-106264868060751617432548712384149783253614592.000000j + 
-106285773714162846315536990834350484139016192.000000k ]

 Processor clock rate = 2195.1 MHz
~~~~~~~~~ ITERACCION 5 ~~~~~~~~~
Clocks = 621844092.0000000000. Resultado: [ 
-189038584213351105554571983766119461632868352.000000 + 
-106248429547492911964686277412670286631796736.000000i + 
-106264868060751617432548712384149783253614592.000000j + 
-106285773714162846315536990834350484139016192.000000k ]

 Processor clock rate = 2195.2 MHz
~~~~~~~~~ ITERACCION 6 ~~~~~~~~~
Clocks = 625732766.0000000000. Resultado: [ 
-189038584213351105554571983766119461632868352.000000 + 
-106248429547492911964686277412670286631796736.000000i + 
-106264868060751617432548712384149783253614592.000000j + 
-106285773714162846315536990834350484139016192.000000k ]

 Processor clock rate = 2195.1 MHz
~~~~~~~~~ ITERACCION 7 ~~~~~~~~~
Clocks = 639557106.0000000000. Resultado: [ 
-189038584213351105554571983766119461632868352.000000 + 
-106248429547492911964686277412670286631796736.000000i + 
-106264868060751617432548712384149783253614592.000000j + 
-106285773714162846315536990834350484139016192.000000k ]

 Processor clock rate = 2195.2 MHz
~~~~~~~~~ ITERACCION 8 ~~~~~~~~~
Clocks = 716764834.0000000000. Resultado: [ 
-189038584213351105554571983766119461632868352.000000 + 
-106248429547492911964686277412670286631796736.000000i + 
-106264868060751617432548712384149783253614592.000000j + 
-106285773714162846315536990834350484139016192.000000k ]

 Processor clock rate = 2195.1 MHz
~~~~~~~~~ ITERACCION 9 ~~~~~~~~~
Clocks = 673325858.0000000000. Resultado: [ 
-189038584213351105554571983766119461632868352.000000 + 
-106248429547492911964686277412670286631796736.000000i + 
-106264868060751617432548712384149783253614592.000000j + 
-106285773714162846315536990834350484139016192.000000k ]

 Processor clock rate = 2195.1 MHz
