q=4 Q=1 N=10^1

## DP [0.000000,0.000000,0.000000,0.000000] ##
N=0
	A= [1682598162.000000, 267216960.000000, 1229959507.000000, 635001035.000000]
	B= [638879620.000000, 1637232771.000000, 1513210659.000000, 1663647525.000000]
	C= [0.000000, 0.000000, 0.000000, 0.000000] 
N=1
	A= [1215527633.000000, 1716214952.000000, 474109284.000000, 375407850.000000]
	B= [2007548762.000000, 1349088862.000000, 1335975209.000000, 1446393125.000000]
	C= [0.000000, 0.000000, 0.000000, 0.000000] 
N=2
	A= [1056022061.000000, 1552388706.000000, 268567748.000000, 1902925190.000000]
	B= [826784029.000000, 2079821953.000000, 332168891.000000, 1346139605.000000]
	C= [0.000000, 0.000000, 0.000000, 0.000000] 
N=3
	A= [45489612.000000, 567557880.000000, 2144076738.000000, 1460059791.000000]
	B= [1091900492.000000, 2112942472.000000, 1330853890.000000, 627015007.000000]
	C= [0.000000, 0.000000, 0.000000, 0.000000] 
N=4
	A= [232675784.000000, 413329750.000000, 1262016042.000000, 871555405.000000]
	B= [2050562521.000000, 627743054.000000, 387719282.000000, 1118606506.000000]
	C= [0.000000, 0.000000, 0.000000, 0.000000] 
N=5
	A= [196474358.000000, 861828566.000000, 1494014357.000000, 56539472.000000]
	B= [63433780.000000, 682505918.000000, 1502932597.000000, 1119455842.000000]
	C= [0.000000, 0.000000, 0.000000, 0.000000] 
N=6
	A= [87410976.000000, 1771500346.000000, 874897384.000000, 914195005.000000]
	B= [1703838651.000000, 1207066275.000000, 112850962.000000, 1749328263.000000]
	C= [0.000000, 0.000000, 0.000000, 0.000000] 
N=7
	A= [1774624155.000000, 109444053.000000, 1061904406.000000, 719041000.000000]
	B= [74902877.000000, 245274649.000000, 1346056007.000000, 307578662.000000]
	C= [0.000000, 0.000000, 0.000000, 0.000000] 
N=8
	A= [658604399.000000, 460588401.000000, 1179134067.000000, 561683272.000000]
	B= [1088331455.000000, 1566853349.000000, 1680289778.000000, 1284805814.000000]
	C= [0.000000, 0.000000, 0.000000, 0.000000] 
N=9
	A= [281198267.000000, 1026820487.000000, 1341345286.000000, 344632047.000000]
	B= [1709326405.000000, 696794236.000000, 1464087889.000000, 1796737381.000000]
	C= [0.000000, 0.000000, 0.000000, 0.000000] 

--------------------------------------
N=0
	A= [1682598162.000000, 267216960.000000, 1229959507.000000, 635001035.000000]
	B= [638879620.000000, 1637232771.000000, 1513210659.000000, 1663647525.000000]
	C= [1074977674351258496.000000, 437496363878996160.000000, 1861187836130785024.000000, 1056417900250188416.000000] 
N=1
	A= [1215527633.000000, 1716214952.000000, 474109284.000000, 375407850.000000]
	B= [2007548762.000000, 1349088862.000000, 1335975209.000000, 1446393125.000000]
	C= [2440230994805940224.000000, 2315326476541064704.000000, 633398249780740352.000000, 542987333311031232.000000] 
N=2
	A= [1056022061.000000, 1552388706.000000, 268567748.000000, 1902925190.000000]
	B= [826784029.000000, 2079821953.000000, 332168891.000000, 1346139605.000000]
	C= [873102174306463744.000000, 3228692110328062976.000000, 89209851011527472.000000, 2561602963611149824.000000] 
N=3
	A= [45489612.000000, 567557880.000000, 2144076738.000000, 1460059791.000000]
	B= [1091900492.000000, 2112942472.000000, 1330853890.000000, 627015007.000000]
	C= [49670129723689104.000000, 1199217149970279424.000000, 2853452867225810944.000000, 915479400074283520.000000] 
N=4
	A= [232675784.000000, 413329750.000000, 1262016042.000000, 871555405.000000]
	B= [2050562521.000000, 627743054.000000, 387719282.000000, 1118606506.000000]
	C= [477116242214691456.000000, 259464879574056512.000000, 489307953676721856.000000, 974927546372464896.000000] 
N=5
	A= [196474358.000000, 861828566.000000, 1494014357.000000, 56539472.000000]
	B= [63433780.000000, 682505918.000000, 1502932597.000000, 1119455842.000000]
	C= [12463111201013240.000000, 588203096596453632.000000, 2245402877521295104.000000, 63293442233995424.000000] 
N=6
	A= [87410976.000000, 1771500346.000000, 874897384.000000, 914195005.000000]
	B= [1703838651.000000, 1207066275.000000, 112850962.000000, 1749328263.000000]
	C= [148934199430433376.000000, 2138318323807431168.000000, 98733011435683408.000000, 1599227160139926272.000000] 
N=7
	A= [1774624155.000000, 109444053.000000, 1061904406.000000, 719041000.000000]
	B= [74902877.000000, 245274649.000000, 1346056007.000000, 307578662.000000]
	C= [132924454803193936.000000, 26843851684712396.000000, 1429382804556066816.000000, 221161668703142016.000000] 
N=8
	A= [658604399.000000, 460588401.000000, 1179134067.000000, 561683272.000000]
	B= [1088331455.000000, 1566853349.000000, 1680289778.000000, 1284805814.000000]
	C= [716779883833070592.000000, 721674478617404928.000000, 1981286919671667200.000000, 721653933492143360.000000] 
N=9
	A= [281198267.000000, 1026820487.000000, 1341345286.000000, 344632047.000000]
	B= [1709326405.000000, 696794236.000000, 1464087889.000000, 1796737381.000000]
	C= [480659622823340160.000000, 715482596748312960.000000, 1963847388199841280.000000, 619213281535448960.000000] 

## DP [8887531455981686550928785959450312704.000000,23433874429676268291425542873938919424.000000,27131699354804515832574131024252895232.000000,13275905560940054808061575716866621440.000000] ##
Clocks = 772479.0000000000 , Resultado: [ 8887531455981686550928785959450312704.000000 + 23433874429676268291425542873938919424.000000i + 27131699354804515832574131024252895232.000000j + 13275905560940054808061575716866621440.000000k ]

 Processor clock rate = 2195.1 MHz
----------------------------------
q=4 Q=1 N=10^1

## DP [0.000000,0.000000,0.000000,0.000000] ##
N=0
	A= [1682598162.000000, 267216960.000000, 1229959507.000000, 635001035.000000]
	B= [638879620.000000, 1637232771.000000, 1513210659.000000, 1663647525.000000]
	C= [0.000000, 0.000000, 0.000000, 0.000000] 
N=1
	A= [1215527633.000000, 1716214952.000000, 474109284.000000, 375407850.000000]
	B= [2007548762.000000, 1349088862.000000, 1335975209.000000, 1446393125.000000]
	C= [0.000000, 0.000000, 0.000000, 0.000000] 
N=2
	A= [1056022061.000000, 1552388706.000000, 268567748.000000, 1902925190.000000]
	B= [826784029.000000, 2079821953.000000, 332168891.000000, 1346139605.000000]
	C= [0.000000, 0.000000, 0.000000, 0.000000] 
N=3
	A= [45489612.000000, 567557880.000000, 2144076738.000000, 1460059791.000000]
	B= [1091900492.000000, 2112942472.000000, 1330853890.000000, 627015007.000000]
	C= [0.000000, 0.000000, 0.000000, 0.000000] 
N=4
	A= [232675784.000000, 413329750.000000, 1262016042.000000, 871555405.000000]
	B= [2050562521.000000, 627743054.000000, 387719282.000000, 1118606506.000000]
	C= [0.000000, 0.000000, 0.000000, 0.000000] 
N=5
	A= [196474358.000000, 861828566.000000, 1494014357.000000, 56539472.000000]
	B= [63433780.000000, 682505918.000000, 1502932597.000000, 1119455842.000000]
	C= [0.000000, 0.000000, 0.000000, 0.000000] 
N=6
	A= [87410976.000000, 1771500346.000000, 874897384.000000, 914195005.000000]
	B= [1703838651.000000, 1207066275.000000, 112850962.000000, 1749328263.000000]
	C= [0.000000, 0.000000, 0.000000, 0.000000] 
N=7
	A= [1774624155.000000, 109444053.000000, 1061904406.000000, 719041000.000000]
	B= [74902877.000000, 245274649.000000, 1346056007.000000, 307578662.000000]
	C= [0.000000, 0.000000, 0.000000, 0.000000] 
N=8
	A= [658604399.000000, 460588401.000000, 1179134067.000000, 561683272.000000]
	B= [1088331455.000000, 1566853349.000000, 1680289778.000000, 1284805814.000000]
	C= [0.000000, 0.000000, 0.000000, 0.000000] 
N=9
	A= [281198267.000000, 1026820487.000000, 1341345286.000000, 344632047.000000]
	B= [1709326405.000000, 696794236.000000, 1464087889.000000, 1796737381.000000]
	C= [0.000000, 0.000000, 0.000000, 0.000000] 

--------------------------------------
N=0
	A= [1682598162.000000, 267216960.000000, 1229959507.000000, 635001035.000000]
	B= [638879620.000000, 1637232771.000000, 1513210659.000000, 1663647525.000000]
	C= [1074977674351258496.000000, 437496363878996160.000000, 1861187836130785024.000000, 1056417900250188416.000000] 
N=1
	A= [1215527633.000000, 1716214952.000000, 474109284.000000, 375407850.000000]
	B= [2007548762.000000, 1349088862.000000, 1335975209.000000, 1446393125.000000]
	C= [2440230994805940224.000000, 2315326476541064704.000000, 633398249780740352.000000, 542987333311031232.000000] 
N=2
	A= [1056022061.000000, 1552388706.000000, 268567748.000000, 1902925190.000000]
	B= [826784029.000000, 2079821953.000000, 332168891.000000, 1346139605.000000]
	C= [873102174306463744.000000, 3228692110328062976.000000, 89209851011527472.000000, 2561602963611149824.000000] 
N=3
	A= [45489612.000000, 567557880.000000, 2144076738.000000, 1460059791.000000]
	B= [1091900492.000000, 2112942472.000000, 1330853890.000000, 627015007.000000]
	C= [49670129723689104.000000, 1199217149970279424.000000, 2853452867225810944.000000, 915479400074283520.000000] 
N=4
	A= [232675784.000000, 413329750.000000, 1262016042.000000, 871555405.000000]
	B= [2050562521.000000, 627743054.000000, 387719282.000000, 1118606506.000000]
	C= [477116242214691456.000000, 259464879574056512.000000, 489307953676721856.000000, 974927546372464896.000000] 
N=5
	A= [196474358.000000, 861828566.000000, 1494014357.000000, 56539472.000000]
	B= [63433780.000000, 682505918.000000, 1502932597.000000, 1119455842.000000]
	C= [12463111201013240.000000, 588203096596453632.000000, 2245402877521295104.000000, 63293442233995424.000000] 
N=6
	A= [87410976.000000, 1771500346.000000, 874897384.000000, 914195005.000000]
	B= [1703838651.000000, 1207066275.000000, 112850962.000000, 1749328263.000000]
	C= [148934199430433376.000000, 2138318323807431168.000000, 98733011435683408.000000, 1599227160139926272.000000] 
N=7
	A= [1774624155.000000, 109444053.000000, 1061904406.000000, 719041000.000000]
	B= [74902877.000000, 245274649.000000, 1346056007.000000, 307578662.000000]
	C= [132924454803193936.000000, 26843851684712396.000000, 1429382804556066816.000000, 221161668703142016.000000] 
N=8
	A= [658604399.000000, 460588401.000000, 1179134067.000000, 561683272.000000]
	B= [1088331455.000000, 1566853349.000000, 1680289778.000000, 1284805814.000000]
	C= [716779883833070592.000000, 721674478617404928.000000, 1981286919671667200.000000, 721653933492143360.000000] 
N=9
	A= [281198267.000000, 1026820487.000000, 1341345286.000000, 344632047.000000]
	B= [1709326405.000000, 696794236.000000, 1464087889.000000, 1796737381.000000]
	C= [480659622823340160.000000, 715482596748312960.000000, 1963847388199841280.000000, 619213281535448960.000000] 

## DP [8887531455981686550928785959450312704.000000,23433874429676268291425542873938919424.000000,27131699354804515832574131024252895232.000000,13275905560940054808061575716866621440.000000] ##
Clocks = 529180.0000000000 , Resultado: [ 8887531455981686550928785959450312704.000000 + 23433874429676268291425542873938919424.000000i + 27131699354804515832574131024252895232.000000j + 13275905560940054808061575716866621440.000000k ]

 Processor clock rate = 2195.1 MHz
----------------------------------
