#################      Q = 2     #################
~~~~~~~~~ ITERACCION 0 ~~~~~~~~~
Clocks = 51816460.0000000000. Resultado: [ 
2364235132737820365756719291349654143238144.000000 + 2361477028390276315769211858909031131250688.000000i + 2365704330014472015863535300905649303453696.000000j + 2360693032697427058459885106777295635349504.000000k ]

 Processor clock rate = 2195.1 MHz
~~~~~~~~~ ITERACCION 1 ~~~~~~~~~
Clocks = 50507196.0000000000. Resultado: [ 
2364235132737820365756719291349654143238144.000000 + 2361477028390276315769211858909031131250688.000000i + 2365704330014472015863535300905649303453696.000000j + 2360693032697427058459885106777295635349504.000000k ]

 Processor clock rate = 2195.1 MHz
~~~~~~~~~ ITERACCION 2 ~~~~~~~~~
Clocks = 55140050.0000000000. Resultado: [ 
2364235132737820365756719291349654143238144.000000 + 2361477028390276315769211858909031131250688.000000i + 2365704330014472015863535300905649303453696.000000j + 2360693032697427058459885106777295635349504.000000k ]

 Processor clock rate = 2195.1 MHz
~~~~~~~~~ ITERACCION 3 ~~~~~~~~~
Clocks = 48762460.0000000000. Resultado: [ 
2364235132737820365756719291349654143238144.000000 + 2361477028390276315769211858909031131250688.000000i + 2365704330014472015863535300905649303453696.000000j + 2360693032697427058459885106777295635349504.000000k ]

 Processor clock rate = 2195.1 MHz
~~~~~~~~~ ITERACCION 4 ~~~~~~~~~
Clocks = 51345779.0000000000. Resultado: [ 
2364235132737820365756719291349654143238144.000000 + 2361477028390276315769211858909031131250688.000000i + 2365704330014472015863535300905649303453696.000000j + 2360693032697427058459885106777295635349504.000000k ]

 Processor clock rate = 2195.1 MHz
~~~~~~~~~ ITERACCION 5 ~~~~~~~~~
Clocks = 60977752.0000000000. Resultado: [ 
2364235132737820365756719291349654143238144.000000 + 2361477028390276315769211858909031131250688.000000i + 2365704330014472015863535300905649303453696.000000j + 2360693032697427058459885106777295635349504.000000k ]

 Processor clock rate = 2195.1 MHz
~~~~~~~~~ ITERACCION 6 ~~~~~~~~~
Clocks = 47239641.0000000000. Resultado: [ 
2364235132737820365756719291349654143238144.000000 + 2361477028390276315769211858909031131250688.000000i + 2365704330014472015863535300905649303453696.000000j + 2360693032697427058459885106777295635349504.000000k ]

 Processor clock rate = 2195.1 MHz
~~~~~~~~~ ITERACCION 7 ~~~~~~~~~
Clocks = 60121666.0000000000. Resultado: [ 
2364235132737820365756719291349654143238144.000000 + 2361477028390276315769211858909031131250688.000000i + 2365704330014472015863535300905649303453696.000000j + 2360693032697427058459885106777295635349504.000000k ]

 Processor clock rate = 2195.1 MHz
~~~~~~~~~ ITERACCION 8 ~~~~~~~~~
Clocks = 52278701.0000000000. Resultado: [ 
2364235132737820365756719291349654143238144.000000 + 2361477028390276315769211858909031131250688.000000i + 2365704330014472015863535300905649303453696.000000j + 2360693032697427058459885106777295635349504.000000k ]

 Processor clock rate = 2195.1 MHz
~~~~~~~~~ ITERACCION 9 ~~~~~~~~~
Clocks = 61271827.0000000000. Resultado: [ 
2364235132737820365756719291349654143238144.000000 + 2361477028390276315769211858909031131250688.000000i + 2365704330014472015863535300905649303453696.000000j + 2360693032697427058459885106777295635349504.000000k ]

 Processor clock rate = 2195.1 MHz
