#################      Q = 0     #################
~~~~~~~~~ ITERACCION 0 ~~~~~~~~~
Clocks = 4482.0000000000. Resultado: [ 
225445230262823239982928325310360322048.000000 + 291534100908863554854020868551164821504.000000i + 245509767717676198993012541024683163648.000000j + 226018324465924255780644776595360317440.000000k ]

 Processor clock rate = 2195.2 MHz
~~~~~~~~~ ITERACCION 1 ~~~~~~~~~
Clocks = 6316.0000000000. Resultado: [ 
225445230262823239982928325310360322048.000000 + 291534100908863554854020868551164821504.000000i + 245509767717676198993012541024683163648.000000j + 226018324465924255780644776595360317440.000000k ]

 Processor clock rate = 2195.1 MHz
~~~~~~~~~ ITERACCION 2 ~~~~~~~~~
Clocks = 7326.0000000000. Resultado: [ 
225445230262823239982928325310360322048.000000 + 291534100908863554854020868551164821504.000000i + 245509767717676198993012541024683163648.000000j + 226018324465924255780644776595360317440.000000k ]

 Processor clock rate = 2195.1 MHz
~~~~~~~~~ ITERACCION 3 ~~~~~~~~~
Clocks = 4455.0000000000. Resultado: [ 
225445230262823239982928325310360322048.000000 + 291534100908863554854020868551164821504.000000i + 245509767717676198993012541024683163648.000000j + 226018324465924255780644776595360317440.000000k ]

 Processor clock rate = 2195.1 MHz
~~~~~~~~~ ITERACCION 4 ~~~~~~~~~
Clocks = 5288.0000000000. Resultado: [ 
225445230262823239982928325310360322048.000000 + 291534100908863554854020868551164821504.000000i + 245509767717676198993012541024683163648.000000j + 226018324465924255780644776595360317440.000000k ]

 Processor clock rate = 2195.1 MHz
~~~~~~~~~ ITERACCION 5 ~~~~~~~~~
Clocks = 5276.0000000000. Resultado: [ 
225445230262823239982928325310360322048.000000 + 291534100908863554854020868551164821504.000000i + 245509767717676198993012541024683163648.000000j + 226018324465924255780644776595360317440.000000k ]

 Processor clock rate = 2195.1 MHz
~~~~~~~~~ ITERACCION 6 ~~~~~~~~~
Clocks = 7485.0000000000. Resultado: [ 
225445230262823239982928325310360322048.000000 + 291534100908863554854020868551164821504.000000i + 245509767717676198993012541024683163648.000000j + 226018324465924255780644776595360317440.000000k ]

 Processor clock rate = 2195.1 MHz
~~~~~~~~~ ITERACCION 7 ~~~~~~~~~
Clocks = 4370.0000000000. Resultado: [ 
225445230262823239982928325310360322048.000000 + 291534100908863554854020868551164821504.000000i + 245509767717676198993012541024683163648.000000j + 226018324465924255780644776595360317440.000000k ]

 Processor clock rate = 2195.1 MHz
~~~~~~~~~ ITERACCION 8 ~~~~~~~~~
Clocks = 5240.0000000000. Resultado: [ 
225445230262823239982928325310360322048.000000 + 291534100908863554854020868551164821504.000000i + 245509767717676198993012541024683163648.000000j + 226018324465924255780644776595360317440.000000k ]

 Processor clock rate = 2195.1 MHz
~~~~~~~~~ ITERACCION 9 ~~~~~~~~~
Clocks = 16129.0000000000. Resultado: [ 
225445230262823239982928325310360322048.000000 + 291534100908863554854020868551164821504.000000i + 245509767717676198993012541024683163648.000000j + 226018324465924255780644776595360317440.000000k ]

 Processor clock rate = 2195.1 MHz
