#################      Q = 1     #################
~~~~~~~~~ ITERACCION 0 ~~~~~~~~~
Clocks = 476743.0000000000. Resultado: [ 
23056716926739271118019300177443188375552.000000 + 23616853488386275701949141581071927738368.000000i + 23662249367196093385022523715645977133056.000000j + 23235717405806451891425300599757160316928.000000k ]

 Processor clock rate = 2195.1 MHz
~~~~~~~~~ ITERACCION 1 ~~~~~~~~~
Clocks = 567770.0000000000. Resultado: [ 
23056716926739271118019300177443188375552.000000 + 23616853488386275701949141581071927738368.000000i + 23662249367196093385022523715645977133056.000000j + 23235717405806451891425300599757160316928.000000k ]

 Processor clock rate = 2195.1 MHz
~~~~~~~~~ ITERACCION 2 ~~~~~~~~~
Clocks = 785506.0000000000. Resultado: [ 
23056716926739271118019300177443188375552.000000 + 23616853488386275701949141581071927738368.000000i + 23662249367196093385022523715645977133056.000000j + 23235717405806451891425300599757160316928.000000k ]

 Processor clock rate = 2195.1 MHz
~~~~~~~~~ ITERACCION 3 ~~~~~~~~~
Clocks = 621241.0000000000. Resultado: [ 
23056716926739271118019300177443188375552.000000 + 23616853488386275701949141581071927738368.000000i + 23662249367196093385022523715645977133056.000000j + 23235717405806451891425300599757160316928.000000k ]

 Processor clock rate = 2195.1 MHz
~~~~~~~~~ ITERACCION 4 ~~~~~~~~~
Clocks = 1881379.0000000000. Resultado: [ 
23056716926739271118019300177443188375552.000000 + 23616853488386275701949141581071927738368.000000i + 23662249367196093385022523715645977133056.000000j + 23235717405806451891425300599757160316928.000000k ]

 Processor clock rate = 2195.1 MHz
~~~~~~~~~ ITERACCION 5 ~~~~~~~~~
Clocks = 967876.0000000000. Resultado: [ 
23056716926739271118019300177443188375552.000000 + 23616853488386275701949141581071927738368.000000i + 23662249367196093385022523715645977133056.000000j + 23235717405806451891425300599757160316928.000000k ]

 Processor clock rate = 2195.1 MHz
~~~~~~~~~ ITERACCION 6 ~~~~~~~~~
Clocks = 445581.0000000000. Resultado: [ 
23056716926739271118019300177443188375552.000000 + 23616853488386275701949141581071927738368.000000i + 23662249367196093385022523715645977133056.000000j + 23235717405806451891425300599757160316928.000000k ]

 Processor clock rate = 2195.1 MHz
~~~~~~~~~ ITERACCION 7 ~~~~~~~~~
Clocks = 654979.0000000000. Resultado: [ 
23056716926739271118019300177443188375552.000000 + 23616853488386275701949141581071927738368.000000i + 23662249367196093385022523715645977133056.000000j + 23235717405806451891425300599757160316928.000000k ]

 Processor clock rate = 2195.1 MHz
~~~~~~~~~ ITERACCION 8 ~~~~~~~~~
Clocks = 1682829.0000000000. Resultado: [ 
23056716926739271118019300177443188375552.000000 + 23616853488386275701949141581071927738368.000000i + 23662249367196093385022523715645977133056.000000j + 23235717405806451891425300599757160316928.000000k ]

 Processor clock rate = 2195.1 MHz
~~~~~~~~~ ITERACCION 9 ~~~~~~~~~
Clocks = 381971.0000000000. Resultado: [ 
23056716926739271118019300177443188375552.000000 + 23616853488386275701949141581071927738368.000000i + 23662249367196093385022523715645977133056.000000j + 23235717405806451891425300599757160316928.000000k ]

 Processor clock rate = 2195.1 MHz
