#################      Q = 3     #################
~~~~~~~~~ ITERACCION 0 ~~~~~~~~~
Clocks = 747101520.0000000000. Resultado: [ 
23625970025707484345754218534428400213295104.000000 + 23620736528661448876904055713005238982017024.000000i + 23621574894146279491726579725246107094089728.000000j + 23618215408324733762161840965449838147665920.000000k ]

 Processor clock rate = 2195.1 MHz
~~~~~~~~~ ITERACCION 1 ~~~~~~~~~
Clocks = 558616814.0000000000. Resultado: [ 
23625970025707484345754218534428400213295104.000000 + 23620736528661448876904055713005238982017024.000000i + 23621574894146279491726579725246107094089728.000000j + 23618215408324733762161840965449838147665920.000000k ]

 Processor clock rate = 2195.1 MHz
~~~~~~~~~ ITERACCION 2 ~~~~~~~~~
Clocks = 511507507.0000000000. Resultado: [ 
23625970025707484345754218534428400213295104.000000 + 23620736528661448876904055713005238982017024.000000i + 23621574894146279491726579725246107094089728.000000j + 23618215408324733762161840965449838147665920.000000k ]

 Processor clock rate = 2195.1 MHz
~~~~~~~~~ ITERACCION 3 ~~~~~~~~~
Clocks = 502882433.0000000000. Resultado: [ 
23625970025707484345754218534428400213295104.000000 + 23620736528661448876904055713005238982017024.000000i + 23621574894146279491726579725246107094089728.000000j + 23618215408324733762161840965449838147665920.000000k ]

 Processor clock rate = 2195.1 MHz
~~~~~~~~~ ITERACCION 4 ~~~~~~~~~
Clocks = 549506010.0000000000. Resultado: [ 
23625970025707484345754218534428400213295104.000000 + 23620736528661448876904055713005238982017024.000000i + 23621574894146279491726579725246107094089728.000000j + 23618215408324733762161840965449838147665920.000000k ]

 Processor clock rate = 2195.1 MHz
~~~~~~~~~ ITERACCION 5 ~~~~~~~~~
Clocks = 542667976.0000000000. Resultado: [ 
23625970025707484345754218534428400213295104.000000 + 23620736528661448876904055713005238982017024.000000i + 23621574894146279491726579725246107094089728.000000j + 23618215408324733762161840965449838147665920.000000k ]

 Processor clock rate = 2195.1 MHz
~~~~~~~~~ ITERACCION 6 ~~~~~~~~~
Clocks = 590767875.0000000000. Resultado: [ 
23625970025707484345754218534428400213295104.000000 + 23620736528661448876904055713005238982017024.000000i + 23621574894146279491726579725246107094089728.000000j + 23618215408324733762161840965449838147665920.000000k ]

 Processor clock rate = 2195.1 MHz
~~~~~~~~~ ITERACCION 7 ~~~~~~~~~
Clocks = 513138375.0000000000. Resultado: [ 
23625970025707484345754218534428400213295104.000000 + 23620736528661448876904055713005238982017024.000000i + 23621574894146279491726579725246107094089728.000000j + 23618215408324733762161840965449838147665920.000000k ]

 Processor clock rate = 2195.1 MHz
~~~~~~~~~ ITERACCION 8 ~~~~~~~~~
Clocks = 540886304.0000000000. Resultado: [ 
23625970025707484345754218534428400213295104.000000 + 23620736528661448876904055713005238982017024.000000i + 23621574894146279491726579725246107094089728.000000j + 23618215408324733762161840965449838147665920.000000k ]

 Processor clock rate = 2195.1 MHz
~~~~~~~~~ ITERACCION 9 ~~~~~~~~~
Clocks = 572002758.0000000000. Resultado: [ 
23625970025707484345754218534428400213295104.000000 + 23620736528661448876904055713005238982017024.000000i + 23621574894146279491726579725246107094089728.000000j + 23618215408324733762161840965449838147665920.000000k ]

 Processor clock rate = 2195.1 MHz
