#################      Q = 1     #################
~~~~~~~~~ ITERACCION 0 ~~~~~~~~~
Clocks = 829434.0000000000. Resultado: [ 
23056716926739271118019300177443188375552.000000 + 23616853488386275701949141581071927738368.000000i + 23662249367196093385022523715645977133056.000000j + 23235717405806451891425300599757160316928.000000k ]

 Processor clock rate = 2195.1 MHz
~~~~~~~~~ ITERACCION 1 ~~~~~~~~~
Clocks = 587308.0000000000. Resultado: [ 
23056716926739271118019300177443188375552.000000 + 23616853488386275701949141581071927738368.000000i + 23662249367196093385022523715645977133056.000000j + 23235717405806451891425300599757160316928.000000k ]

 Processor clock rate = 2195.1 MHz
~~~~~~~~~ ITERACCION 2 ~~~~~~~~~
Clocks = 441727.0000000000. Resultado: [ 
23056716926739271118019300177443188375552.000000 + 23616853488386275701949141581071927738368.000000i + 23662249367196093385022523715645977133056.000000j + 23235717405806451891425300599757160316928.000000k ]

 Processor clock rate = 2195.1 MHz
~~~~~~~~~ ITERACCION 3 ~~~~~~~~~
Clocks = 417654.0000000000. Resultado: [ 
23056716926739271118019300177443188375552.000000 + 23616853488386275701949141581071927738368.000000i + 23662249367196093385022523715645977133056.000000j + 23235717405806451891425300599757160316928.000000k ]

 Processor clock rate = 2195.1 MHz
~~~~~~~~~ ITERACCION 4 ~~~~~~~~~
Clocks = 539854.0000000000. Resultado: [ 
23056716926739271118019300177443188375552.000000 + 23616853488386275701949141581071927738368.000000i + 23662249367196093385022523715645977133056.000000j + 23235717405806451891425300599757160316928.000000k ]

 Processor clock rate = 2195.1 MHz
~~~~~~~~~ ITERACCION 5 ~~~~~~~~~
Clocks = 422430.0000000000. Resultado: [ 
23056716926739271118019300177443188375552.000000 + 23616853488386275701949141581071927738368.000000i + 23662249367196093385022523715645977133056.000000j + 23235717405806451891425300599757160316928.000000k ]

 Processor clock rate = 2195.1 MHz
~~~~~~~~~ ITERACCION 6 ~~~~~~~~~
Clocks = 385519.0000000000. Resultado: [ 
23056716926739271118019300177443188375552.000000 + 23616853488386275701949141581071927738368.000000i + 23662249367196093385022523715645977133056.000000j + 23235717405806451891425300599757160316928.000000k ]

 Processor clock rate = 2195.1 MHz
~~~~~~~~~ ITERACCION 7 ~~~~~~~~~
Clocks = 1276252.0000000000. Resultado: [ 
23056716926739271118019300177443188375552.000000 + 23616853488386275701949141581071927738368.000000i + 23662249367196093385022523715645977133056.000000j + 23235717405806451891425300599757160316928.000000k ]

 Processor clock rate = 2195.1 MHz
~~~~~~~~~ ITERACCION 8 ~~~~~~~~~
Clocks = 456899.0000000000. Resultado: [ 
23056716926739271118019300177443188375552.000000 + 23616853488386275701949141581071927738368.000000i + 23662249367196093385022523715645977133056.000000j + 23235717405806451891425300599757160316928.000000k ]

 Processor clock rate = 2195.1 MHz
~~~~~~~~~ ITERACCION 9 ~~~~~~~~~
Clocks = 420297.0000000000. Resultado: [ 
23056716926739271118019300177443188375552.000000 + 23616853488386275701949141581071927738368.000000i + 23662249367196093385022523715645977133056.000000j + 23235717405806451891425300599757160316928.000000k ]

 Processor clock rate = 2195.1 MHz
