#################      Q = 0     #################
~~~~~~~~~ ITERACCION 0 ~~~~~~~~~
Clocks = 22936.0000000000. Resultado: [ 
-1911695871301542941909325064522115842048.000000 + 
-1207491206572679190891673585438794186752.000000i + 
-1191822647415032096328894701860582064128.000000j + 
-1081582932234912960950208653184961871872.000000k ]

 Processor clock rate = 2195.3 MHz
~~~~~~~~~ ITERACCION 1 ~~~~~~~~~
Clocks = 16768.0000000000. Resultado: [ 
-1911695871301542941909325064522115842048.000000 + 
-1207491206572679190891673585438794186752.000000i + 
-1191822647415032096328894701860582064128.000000j + 
-1081582932234912960950208653184961871872.000000k ]

 Processor clock rate = 2195.3 MHz
~~~~~~~~~ ITERACCION 2 ~~~~~~~~~
Clocks = 28204.0000000000. Resultado: [ 
-1911695871301542941909325064522115842048.000000 + 
-1207491206572679190891673585438794186752.000000i + 
-1191822647415032096328894701860582064128.000000j + 
-1081582932234912960950208653184961871872.000000k ]

 Processor clock rate = 2195.3 MHz
~~~~~~~~~ ITERACCION 3 ~~~~~~~~~
Clocks = 19588.0000000000. Resultado: [ 
-1911695871301542941909325064522115842048.000000 + 
-1207491206572679190891673585438794186752.000000i + 
-1191822647415032096328894701860582064128.000000j + 
-1081582932234912960950208653184961871872.000000k ]

 Processor clock rate = 2195.3 MHz
~~~~~~~~~ ITERACCION 4 ~~~~~~~~~
Clocks = 24892.0000000000. Resultado: [ 
-1911695871301542941909325064522115842048.000000 + 
-1207491206572679190891673585438794186752.000000i + 
-1191822647415032096328894701860582064128.000000j + 
-1081582932234912960950208653184961871872.000000k ]

 Processor clock rate = 2195.3 MHz
~~~~~~~~~ ITERACCION 5 ~~~~~~~~~
Clocks = 19873.0000000000. Resultado: [ 
-1911695871301542941909325064522115842048.000000 + 
-1207491206572679190891673585438794186752.000000i + 
-1191822647415032096328894701860582064128.000000j + 
-1081582932234912960950208653184961871872.000000k ]

 Processor clock rate = 2195.2 MHz
~~~~~~~~~ ITERACCION 6 ~~~~~~~~~
Clocks = 26774.0000000000. Resultado: [ 
-1911695871301542941909325064522115842048.000000 + 
-1207491206572679190891673585438794186752.000000i + 
-1191822647415032096328894701860582064128.000000j + 
-1081582932234912960950208653184961871872.000000k ]

 Processor clock rate = 2195.2 MHz
~~~~~~~~~ ITERACCION 7 ~~~~~~~~~
Clocks = 24576.0000000000. Resultado: [ 
-1911695871301542941909325064522115842048.000000 + 
-1207491206572679190891673585438794186752.000000i + 
-1191822647415032096328894701860582064128.000000j + 
-1081582932234912960950208653184961871872.000000k ]

 Processor clock rate = 2195.2 MHz
~~~~~~~~~ ITERACCION 8 ~~~~~~~~~
Clocks = 18780.0000000000. Resultado: [ 
-1911695871301542941909325064522115842048.000000 + 
-1207491206572679190891673585438794186752.000000i + 
-1191822647415032096328894701860582064128.000000j + 
-1081582932234912960950208653184961871872.000000k ]

 Processor clock rate = 2195.2 MHz
~~~~~~~~~ ITERACCION 9 ~~~~~~~~~
Clocks = 24100.0000000000. Resultado: [ 
-1911695871301542941909325064522115842048.000000 + 
-1207491206572679190891673585438794186752.000000i + 
-1191822647415032096328894701860582064128.000000j + 
-1081582932234912960950208653184961871872.000000k ]

 Processor clock rate = 2195.3 MHz
