#################      Q = 2     #################
~~~~~~~~~ ITERACCION 0 ~~~~~~~~~
Clocks = 126183161.0000000000. Resultado: [ 
-18890077698996356645728290895865500112257024.000000 + 
-10612898355504602444440142098996426566533120.000000i + 
-10636984505928596893955135512499981192790016.000000j + 
-10638962771876418190548338430601305555730432.000000k ]

 Processor clock rate = 2195.2 MHz
~~~~~~~~~ ITERACCION 1 ~~~~~~~~~
Clocks = 131510143.0000000000. Resultado: [ 
-18890077698996356645728290895865500112257024.000000 + 
-10612898355504602444440142098996426566533120.000000i + 
-10636984505928596893955135512499981192790016.000000j + 
-10638962771876418190548338430601305555730432.000000k ]

 Processor clock rate = 2195.3 MHz
~~~~~~~~~ ITERACCION 2 ~~~~~~~~~
Clocks = 126493464.0000000000. Resultado: [ 
-18890077698996356645728290895865500112257024.000000 + 
-10612898355504602444440142098996426566533120.000000i + 
-10636984505928596893955135512499981192790016.000000j + 
-10638962771876418190548338430601305555730432.000000k ]

 Processor clock rate = 2195.3 MHz
~~~~~~~~~ ITERACCION 3 ~~~~~~~~~
Clocks = 124631487.0000000000. Resultado: [ 
-18890077698996356645728290895865500112257024.000000 + 
-10612898355504602444440142098996426566533120.000000i + 
-10636984505928596893955135512499981192790016.000000j + 
-10638962771876418190548338430601305555730432.000000k ]

 Processor clock rate = 2195.3 MHz
~~~~~~~~~ ITERACCION 4 ~~~~~~~~~
Clocks = 128204165.0000000000. Resultado: [ 
-18890077698996356645728290895865500112257024.000000 + 
-10612898355504602444440142098996426566533120.000000i + 
-10636984505928596893955135512499981192790016.000000j + 
-10638962771876418190548338430601305555730432.000000k ]

 Processor clock rate = 2195.2 MHz
~~~~~~~~~ ITERACCION 5 ~~~~~~~~~
Clocks = 127808818.0000000000. Resultado: [ 
-18890077698996356645728290895865500112257024.000000 + 
-10612898355504602444440142098996426566533120.000000i + 
-10636984505928596893955135512499981192790016.000000j + 
-10638962771876418190548338430601305555730432.000000k ]

 Processor clock rate = 2195.3 MHz
~~~~~~~~~ ITERACCION 6 ~~~~~~~~~
Clocks = 129657370.0000000000. Resultado: [ 
-18890077698996356645728290895865500112257024.000000 + 
-10612898355504602444440142098996426566533120.000000i + 
-10636984505928596893955135512499981192790016.000000j + 
-10638962771876418190548338430601305555730432.000000k ]

 Processor clock rate = 2195.2 MHz
~~~~~~~~~ ITERACCION 7 ~~~~~~~~~
Clocks = 127211273.0000000000. Resultado: [ 
-18890077698996356645728290895865500112257024.000000 + 
-10612898355504602444440142098996426566533120.000000i + 
-10636984505928596893955135512499981192790016.000000j + 
-10638962771876418190548338430601305555730432.000000k ]

 Processor clock rate = 2195.2 MHz
~~~~~~~~~ ITERACCION 8 ~~~~~~~~~
Clocks = 130834604.0000000000. Resultado: [ 
-18890077698996356645728290895865500112257024.000000 + 
-10612898355504602444440142098996426566533120.000000i + 
-10636984505928596893955135512499981192790016.000000j + 
-10638962771876418190548338430601305555730432.000000k ]

 Processor clock rate = 2195.3 MHz
~~~~~~~~~ ITERACCION 9 ~~~~~~~~~
Clocks = 128265286.0000000000. Resultado: [ 
-18890077698996356645728290895865500112257024.000000 + 
-10612898355504602444440142098996426566533120.000000i + 
-10636984505928596893955135512499981192790016.000000j + 
-10638962771876418190548338430601305555730432.000000k ]

 Processor clock rate = 2195.3 MHz
