#################      Q = 3     #################
~~~~~~~~~ ITERACCION 0 ~~~~~~~~~
Clocks = 1291053280.0000000000. Resultado: [ 
-189038584213351105554571983766119461632868352.000000 + 
-106248429547492911964686277412670286631796736.000000i + 
-106264868060751617432548712384149783253614592.000000j + 
-106285773714162846315536990834350484139016192.000000k ]

 Processor clock rate = 2195.4 MHz
~~~~~~~~~ ITERACCION 1 ~~~~~~~~~
Clocks = 1283444275.0000000000. Resultado: [ 
-189038584213351105554571983766119461632868352.000000 + 
-106248429547492911964686277412670286631796736.000000i + 
-106264868060751617432548712384149783253614592.000000j + 
-106285773714162846315536990834350484139016192.000000k ]

 Processor clock rate = 2195.3 MHz
~~~~~~~~~ ITERACCION 2 ~~~~~~~~~
Clocks = 1296738759.0000000000. Resultado: [ 
-189038584213351105554571983766119461632868352.000000 + 
-106248429547492911964686277412670286631796736.000000i + 
-106264868060751617432548712384149783253614592.000000j + 
-106285773714162846315536990834350484139016192.000000k ]

 Processor clock rate = 2195.3 MHz
~~~~~~~~~ ITERACCION 3 ~~~~~~~~~
Clocks = 1293257006.0000000000. Resultado: [ 
-189038584213351105554571983766119461632868352.000000 + 
-106248429547492911964686277412670286631796736.000000i + 
-106264868060751617432548712384149783253614592.000000j + 
-106285773714162846315536990834350484139016192.000000k ]

 Processor clock rate = 2195.3 MHz
~~~~~~~~~ ITERACCION 4 ~~~~~~~~~
Clocks = 1283470554.0000000000. Resultado: [ 
-189038584213351105554571983766119461632868352.000000 + 
-106248429547492911964686277412670286631796736.000000i + 
-106264868060751617432548712384149783253614592.000000j + 
-106285773714162846315536990834350484139016192.000000k ]

 Processor clock rate = 2195.3 MHz
~~~~~~~~~ ITERACCION 5 ~~~~~~~~~
Clocks = 1276872156.0000000000. Resultado: [ 
-189038584213351105554571983766119461632868352.000000 + 
-106248429547492911964686277412670286631796736.000000i + 
-106264868060751617432548712384149783253614592.000000j + 
-106285773714162846315536990834350484139016192.000000k ]

 Processor clock rate = 2195.3 MHz
~~~~~~~~~ ITERACCION 6 ~~~~~~~~~
Clocks = 1291829904.0000000000. Resultado: [ 
-189038584213351105554571983766119461632868352.000000 + 
-106248429547492911964686277412670286631796736.000000i + 
-106264868060751617432548712384149783253614592.000000j + 
-106285773714162846315536990834350484139016192.000000k ]

 Processor clock rate = 2195.3 MHz
~~~~~~~~~ ITERACCION 7 ~~~~~~~~~
Clocks = 1297817576.0000000000. Resultado: [ 
-189038584213351105554571983766119461632868352.000000 + 
-106248429547492911964686277412670286631796736.000000i + 
-106264868060751617432548712384149783253614592.000000j + 
-106285773714162846315536990834350484139016192.000000k ]

 Processor clock rate = 2195.3 MHz
~~~~~~~~~ ITERACCION 8 ~~~~~~~~~
Clocks = 1287782785.0000000000. Resultado: [ 
-189038584213351105554571983766119461632868352.000000 + 
-106248429547492911964686277412670286631796736.000000i + 
-106264868060751617432548712384149783253614592.000000j + 
-106285773714162846315536990834350484139016192.000000k ]

 Processor clock rate = 2195.2 MHz
~~~~~~~~~ ITERACCION 9 ~~~~~~~~~
Clocks = 1288481386.0000000000. Resultado: [ 
-189038584213351105554571983766119461632868352.000000 + 
-106248429547492911964686277412670286631796736.000000i + 
-106264868060751617432548712384149783253614592.000000j + 
-106285773714162846315536990834350484139016192.000000k ]

 Processor clock rate = 2195.3 MHz
