#################    Q = 1  F = 2     #################
~~~~~~~~~ ITERACCION 0 ~~~~~~~~~
Clocks = 1756480.0000000000. Resultado: [ 
-185574386071465887736749914644248998707200.000000 + 
-105786130682032550002843334900197957304320.000000i + 
-104996566909520525285894363301907313721344.000000j + 
-105357267838743303543888604573124670783488.000000k ]

 Processor clock rate = 2195.3 MHz
~~~~~~~~~ ITERACCION 1 ~~~~~~~~~
Clocks = 6790080.0000000000. Resultado: [ 
-185574386071465887736749914644248998707200.000000 + 
-105786130682032550002843334900197957304320.000000i + 
-104996566909520505943081249467840518422528.000000j + 
-105357267838743284201075490739057875484672.000000k ]

 Processor clock rate = 2195.2 MHz
~~~~~~~~~ ITERACCION 2 ~~~~~~~~~
Clocks = 6481645.0000000000. Resultado: [ 
-185574386071465887736749914644248998707200.000000 + 
-105786130682032530660030221066131162005504.000000i + 
-104996566909520505943081249467840518422528.000000j + 
-105357267838743284201075490739057875484672.000000k ]

 Processor clock rate = 2195.2 MHz
~~~~~~~~~ ITERACCION 3 ~~~~~~~~~
Clocks = 1884806.0000000000. Resultado: [ 
-185574386071465887736749914644248998707200.000000 + 
-105786130682032530660030221066131162005504.000000i + 
-104996566909520525285894363301907313721344.000000j + 
-105357267838743284201075490739057875484672.000000k ]

 Processor clock rate = 2195.1 MHz
~~~~~~~~~ ITERACCION 4 ~~~~~~~~~
Clocks = 6931529.0000000000. Resultado: [ 
-185574386071465887736749914644248998707200.000000 + 
-105786130682032550002843334900197957304320.000000i + 
-104996566909520505943081249467840518422528.000000j + 
-105357267838743284201075490739057875484672.000000k ]

 Processor clock rate = 2195.2 MHz
~~~~~~~~~ ITERACCION 5 ~~~~~~~~~
Clocks = 3748272.0000000000. Resultado: [ 
-185574386071465887736749914644248998707200.000000 + 
-105786130682032550002843334900197957304320.000000i + 
-104996566909520505943081249467840518422528.000000j + 
-105357267838743284201075490739057875484672.000000k ]

 Processor clock rate = 2195.1 MHz
~~~~~~~~~ ITERACCION 6 ~~~~~~~~~
Clocks = 6334285.0000000000. Resultado: [ 
-185574386071465887736749914644248998707200.000000 + 
-105786130682032550002843334900197957304320.000000i + 
-104996566909520525285894363301907313721344.000000j + 
-105357267838743264858262376904991080185856.000000k ]

 Processor clock rate = 2195.3 MHz
~~~~~~~~~ ITERACCION 7 ~~~~~~~~~
Clocks = 5836952.0000000000. Resultado: [ 
-185574386071465887736749914644248998707200.000000 + 
-105786130682032550002843334900197957304320.000000i + 
-104996566909520525285894363301907313721344.000000j + 
-105357267838743284201075490739057875484672.000000k ]

 Processor clock rate = 2195.2 MHz
~~~~~~~~~ ITERACCION 8 ~~~~~~~~~
Clocks = 5936472.0000000000. Resultado: [ 
-185574386071465887736749914644248998707200.000000 + 
-105786130682032550002843334900197957304320.000000i + 
-104996566909520525285894363301907313721344.000000j + 
-105357267838743303543888604573124670783488.000000k ]

 Processor clock rate = 2195.3 MHz
~~~~~~~~~ ITERACCION 9 ~~~~~~~~~
Clocks = 5044440.0000000000. Resultado: [ 
-185574386071465887736749914644248998707200.000000 + 
-105786130682032550002843334900197957304320.000000i + 
-104996566909520505943081249467840518422528.000000j + 
-105357267838743284201075490739057875484672.000000k ]

 Processor clock rate = 2195.2 MHz
