#################    Q = 1  F = 3     #################
~~~~~~~~~ ITERACCION 0 ~~~~~~~~~
Clocks = 1206842.0000000000. Resultado: [ 
-185574386071465887736749914644248998707200.000000 + 
-105786130682032511317217107232064366706688.000000i + 
-104996566909520467257455021799706927824896.000000j + 
-105357267838743226172636149236857489588224.000000k ]

 Processor clock rate = 2195.2 MHz
~~~~~~~~~ ITERACCION 1 ~~~~~~~~~
Clocks = 865282.0000000000. Resultado: [ 
-185574386071465926422376142312382589304832.000000 + 
-105786130682032511317217107232064366706688.000000i + 
-104996566909520467257455021799706927824896.000000j + 
-105357267838743245515449263070924284887040.000000k ]

 Processor clock rate = 2195.2 MHz
~~~~~~~~~ ITERACCION 2 ~~~~~~~~~
Clocks = 3161334.0000000000. Resultado: [ 
-185574386071465887736749914644248998707200.000000 + 
-105786130682032511317217107232064366706688.000000i + 
-104996566909520486600268135633773723123712.000000j + 
-105357267838743245515449263070924284887040.000000k ]

 Processor clock rate = 2195.2 MHz
~~~~~~~~~ ITERACCION 3 ~~~~~~~~~
Clocks = 1356676.0000000000. Resultado: [ 
-185574386071465887736749914644248998707200.000000 + 
-105786130682032511317217107232064366706688.000000i + 
-104996566909520467257455021799706927824896.000000j + 
-105357267838743226172636149236857489588224.000000k ]

 Processor clock rate = 2195.3 MHz
~~~~~~~~~ ITERACCION 4 ~~~~~~~~~
Clocks = 2613468.0000000000. Resultado: [ 
-185574386071465926422376142312382589304832.000000 + 
-105786130682032530660030221066131162005504.000000i + 
-104996566909520486600268135633773723123712.000000j + 
-105357267838743245515449263070924284887040.000000k ]

 Processor clock rate = 2195.2 MHz
~~~~~~~~~ ITERACCION 5 ~~~~~~~~~
Clocks = 2267881.0000000000. Resultado: [ 
-185574386071465887736749914644248998707200.000000 + 
-105786130682032511317217107232064366706688.000000i + 
-104996566909520467257455021799706927824896.000000j + 
-105357267838743226172636149236857489588224.000000k ]

 Processor clock rate = 2195.1 MHz
~~~~~~~~~ ITERACCION 6 ~~~~~~~~~
Clocks = 2349809.0000000000. Resultado: [ 
-185574386071465926422376142312382589304832.000000 + 
-105786130682032511317217107232064366706688.000000i + 
-104996566909520467257455021799706927824896.000000j + 
-105357267838743226172636149236857489588224.000000k ]

 Processor clock rate = 2195.3 MHz
~~~~~~~~~ ITERACCION 7 ~~~~~~~~~
Clocks = 2831774.0000000000. Resultado: [ 
-185574386071465887736749914644248998707200.000000 + 
-105786130682032491974403993397997571407872.000000i + 
-104996566909520467257455021799706927824896.000000j + 
-105357267838743245515449263070924284887040.000000k ]

 Processor clock rate = 2195.2 MHz
~~~~~~~~~ ITERACCION 8 ~~~~~~~~~
Clocks = 1067116.0000000000. Resultado: [ 
-185574386071465887736749914644248998707200.000000 + 
-105786130682032511317217107232064366706688.000000i + 
-104996566909520467257455021799706927824896.000000j + 
-105357267838743226172636149236857489588224.000000k ]

 Processor clock rate = 2195.2 MHz
~~~~~~~~~ ITERACCION 9 ~~~~~~~~~
Clocks = 1377384.0000000000. Resultado: [ 
-185574386071465887736749914644248998707200.000000 + 
-105786130682032530660030221066131162005504.000000i + 
-104996566909520486600268135633773723123712.000000j + 
-105357267838743245515449263070924284887040.000000k ]

 Processor clock rate = 2195.3 MHz
