#################    Q = 1  F = 4     #################
~~~~~~~~~ ITERACCION 0 ~~~~~~~~~
Clocks = 2475440.0000000000. Resultado: [ 
-185574386071465887736749914644248998707200.000000 + 
-105786130682032511317217107232064366706688.000000i + 
-104996566909520486600268135633773723123712.000000j + 
-105357267838743206829823035402790694289408.000000k ]

 Processor clock rate = 2195.2 MHz
~~~~~~~~~ ITERACCION 1 ~~~~~~~~~
Clocks = 1298526.0000000000. Resultado: [ 
-185574386071465887736749914644248998707200.000000 + 
-105786130682032511317217107232064366706688.000000i + 
-104996566909520467257455021799706927824896.000000j + 
-105357267838743206829823035402790694289408.000000k ]

 Processor clock rate = 2195.2 MHz
~~~~~~~~~ ITERACCION 2 ~~~~~~~~~
Clocks = 2420625.0000000000. Resultado: [ 
-185574386071465887736749914644248998707200.000000 + 
-105786130682032511317217107232064366706688.000000i + 
-104996566909520467257455021799706927824896.000000j + 
-105357267838743226172636149236857489588224.000000k ]

 Processor clock rate = 2195.3 MHz
~~~~~~~~~ ITERACCION 3 ~~~~~~~~~
Clocks = 1553868.0000000000. Resultado: [ 
-185574386071465887736749914644248998707200.000000 + 
-105786130682032511317217107232064366706688.000000i + 
-104996566909520486600268135633773723123712.000000j + 
-105357267838743226172636149236857489588224.000000k ]

 Processor clock rate = 2195.1 MHz
~~~~~~~~~ ITERACCION 4 ~~~~~~~~~
Clocks = 1189518.0000000000. Resultado: [ 
-185574386071465849051123686976115408109568.000000 + 
-105786130682032511317217107232064366706688.000000i + 
-104996566909520486600268135633773723123712.000000j + 
-105357267838743226172636149236857489588224.000000k ]

 Processor clock rate = 2195.2 MHz
~~~~~~~~~ ITERACCION 5 ~~~~~~~~~
Clocks = 1696765.0000000000. Resultado: [ 
-185574386071465887736749914644248998707200.000000 + 
-105786130682032511317217107232064366706688.000000i + 
-104996566909520486600268135633773723123712.000000j + 
-105357267838743226172636149236857489588224.000000k ]

 Processor clock rate = 2195.1 MHz
~~~~~~~~~ ITERACCION 6 ~~~~~~~~~
Clocks = 1949858.0000000000. Resultado: [ 
-185574386071465887736749914644248998707200.000000 + 
-105786130682032511317217107232064366706688.000000i + 
-104996566909520486600268135633773723123712.000000j + 
-105357267838743226172636149236857489588224.000000k ]

 Processor clock rate = 2195.3 MHz
~~~~~~~~~ ITERACCION 7 ~~~~~~~~~
Clocks = 2738822.0000000000. Resultado: [ 
-185574386071465887736749914644248998707200.000000 + 
-105786130682032511317217107232064366706688.000000i + 
-104996566909520486600268135633773723123712.000000j + 
-105357267838743206829823035402790694289408.000000k ]

 Processor clock rate = 2195.3 MHz
~~~~~~~~~ ITERACCION 8 ~~~~~~~~~
Clocks = 1132168.0000000000. Resultado: [ 
-185574386071465849051123686976115408109568.000000 + 
-105786130682032511317217107232064366706688.000000i + 
-104996566909520467257455021799706927824896.000000j + 
-105357267838743206829823035402790694289408.000000k ]

 Processor clock rate = 2195.2 MHz
~~~~~~~~~ ITERACCION 9 ~~~~~~~~~
Clocks = 2682787.0000000000. Resultado: [ 
-185574386071465887736749914644248998707200.000000 + 
-105786130682032491974403993397997571407872.000000i + 
-104996566909520467257455021799706927824896.000000j + 
-105357267838743226172636149236857489588224.000000k ]

 Processor clock rate = 2195.3 MHz
