#################    Q = 1  F = 0     #################
~~~~~~~~~ ITERACCION 0 ~~~~~~~~~
Clocks = 1207668.0000000000. Resultado: [ 
-185574386071466235907385963657451314085888.000000 + 
-105786130682032627374095790236465138499584.000000i + 
-104996566909520738056838615476642062008320.000000j + 
-105357267838743148801383693900590308392960.000000k ]

 Processor clock rate = 2195.1 MHz
~~~~~~~~~ ITERACCION 1 ~~~~~~~~~
Clocks = 2551989.0000000000. Resultado: [ 
-185574386071466235907385963657451314085888.000000 + 
-105786130682032627374095790236465138499584.000000i + 
-104996566909520738056838615476642062008320.000000j + 
-105357267838743148801383693900590308392960.000000k ]

 Processor clock rate = 2195.3 MHz
~~~~~~~~~ ITERACCION 2 ~~~~~~~~~
Clocks = 2817628.0000000000. Resultado: [ 
-185574386071466235907385963657451314085888.000000 + 
-105786130682032627374095790236465138499584.000000i + 
-104996566909520738056838615476642062008320.000000j + 
-105357267838743148801383693900590308392960.000000k ]

 Processor clock rate = 2195.1 MHz
~~~~~~~~~ ITERACCION 3 ~~~~~~~~~
Clocks = 1709324.0000000000. Resultado: [ 
-185574386071466235907385963657451314085888.000000 + 
-105786130682032627374095790236465138499584.000000i + 
-104996566909520738056838615476642062008320.000000j + 
-105357267838743148801383693900590308392960.000000k ]

 Processor clock rate = 2195.2 MHz
~~~~~~~~~ ITERACCION 4 ~~~~~~~~~
Clocks = 1964160.0000000000. Resultado: [ 
-185574386071466235907385963657451314085888.000000 + 
-105786130682032627374095790236465138499584.000000i + 
-104996566909520738056838615476642062008320.000000j + 
-105357267838743148801383693900590308392960.000000k ]

 Processor clock rate = 2195.3 MHz
~~~~~~~~~ ITERACCION 5 ~~~~~~~~~
Clocks = 2732463.0000000000. Resultado: [ 
-185574386071466235907385963657451314085888.000000 + 
-105786130682032627374095790236465138499584.000000i + 
-104996566909520738056838615476642062008320.000000j + 
-105357267838743148801383693900590308392960.000000k ]

 Processor clock rate = 2195.1 MHz
~~~~~~~~~ ITERACCION 6 ~~~~~~~~~
Clocks = 831072.0000000000. Resultado: [ 
-185574386071466235907385963657451314085888.000000 + 
-105786130682032627374095790236465138499584.000000i + 
-104996566909520738056838615476642062008320.000000j + 
-105357267838743148801383693900590308392960.000000k ]

 Processor clock rate = 2195.1 MHz
~~~~~~~~~ ITERACCION 7 ~~~~~~~~~
Clocks = 1221518.0000000000. Resultado: [ 
-185574386071466235907385963657451314085888.000000 + 
-105786130682032627374095790236465138499584.000000i + 
-104996566909520738056838615476642062008320.000000j + 
-105357267838743148801383693900590308392960.000000k ]

 Processor clock rate = 2195.1 MHz
~~~~~~~~~ ITERACCION 8 ~~~~~~~~~
Clocks = 2318350.0000000000. Resultado: [ 
-185574386071466235907385963657451314085888.000000 + 
-105786130682032627374095790236465138499584.000000i + 
-104996566909520738056838615476642062008320.000000j + 
-105357267838743148801383693900590308392960.000000k ]

 Processor clock rate = 2195.1 MHz
~~~~~~~~~ ITERACCION 9 ~~~~~~~~~
Clocks = 3962488.0000000000. Resultado: [ 
-185574386071466235907385963657451314085888.000000 + 
-105786130682032627374095790236465138499584.000000i + 
-104996566909520738056838615476642062008320.000000j + 
-105357267838743148801383693900590308392960.000000k ]

 Processor clock rate = 2195.3 MHz
