#################    Q = 1  F = 1     #################
~~~~~~~~~ ITERACCION 0 ~~~~~~~~~
Clocks = 860711.0000000000. Resultado: [ 
-185574386071466119850507280653050542292992.000000 + 
-105786130682032453288777765729863980810240.000000i + 
-104996566909520583314333704804107699617792.000000j + 
-105357267838743226172636149236857489588224.000000k ]

 Processor clock rate = 2195.1 MHz
~~~~~~~~~ ITERACCION 1 ~~~~~~~~~
Clocks = 1093451.0000000000. Resultado: [ 
-185574386071466119850507280653050542292992.000000 + 
-105786130682032453288777765729863980810240.000000i + 
-104996566909520583314333704804107699617792.000000j + 
-105357267838743226172636149236857489588224.000000k ]

 Processor clock rate = 2195.1 MHz
~~~~~~~~~ ITERACCION 2 ~~~~~~~~~
Clocks = 996685.0000000000. Resultado: [ 
-185574386071466119850507280653050542292992.000000 + 
-105786130682032453288777765729863980810240.000000i + 
-104996566909520583314333704804107699617792.000000j + 
-105357267838743226172636149236857489588224.000000k ]

 Processor clock rate = 2195.2 MHz
~~~~~~~~~ ITERACCION 3 ~~~~~~~~~
Clocks = 819644.0000000000. Resultado: [ 
-185574386071466119850507280653050542292992.000000 + 
-105786130682032453288777765729863980810240.000000i + 
-104996566909520583314333704804107699617792.000000j + 
-105357267838743226172636149236857489588224.000000k ]

 Processor clock rate = 2195.3 MHz
~~~~~~~~~ ITERACCION 4 ~~~~~~~~~
Clocks = 1578324.0000000000. Resultado: [ 
-185574386071466119850507280653050542292992.000000 + 
-105786130682032453288777765729863980810240.000000i + 
-104996566909520583314333704804107699617792.000000j + 
-105357267838743226172636149236857489588224.000000k ]

 Processor clock rate = 2195.1 MHz
~~~~~~~~~ ITERACCION 5 ~~~~~~~~~
Clocks = 1091332.0000000000. Resultado: [ 
-185574386071466119850507280653050542292992.000000 + 
-105786130682032453288777765729863980810240.000000i + 
-104996566909520583314333704804107699617792.000000j + 
-105357267838743226172636149236857489588224.000000k ]

 Processor clock rate = 2195.1 MHz
~~~~~~~~~ ITERACCION 6 ~~~~~~~~~
Clocks = 903790.0000000000. Resultado: [ 
-185574386071466119850507280653050542292992.000000 + 
-105786130682032453288777765729863980810240.000000i + 
-104996566909520583314333704804107699617792.000000j + 
-105357267838743226172636149236857489588224.000000k ]

 Processor clock rate = 2195.2 MHz
~~~~~~~~~ ITERACCION 7 ~~~~~~~~~
Clocks = 1151896.0000000000. Resultado: [ 
-185574386071466119850507280653050542292992.000000 + 
-105786130682032453288777765729863980810240.000000i + 
-104996566909520583314333704804107699617792.000000j + 
-105357267838743226172636149236857489588224.000000k ]

 Processor clock rate = 2195.3 MHz
~~~~~~~~~ ITERACCION 8 ~~~~~~~~~
Clocks = 1811634.0000000000. Resultado: [ 
-185574386071466119850507280653050542292992.000000 + 
-105786130682032453288777765729863980810240.000000i + 
-104996566909520583314333704804107699617792.000000j + 
-105357267838743226172636149236857489588224.000000k ]

 Processor clock rate = 2195.3 MHz
~~~~~~~~~ ITERACCION 9 ~~~~~~~~~
Clocks = 1611236.0000000000. Resultado: [ 
-185574386071466119850507280653050542292992.000000 + 
-105786130682032453288777765729863980810240.000000i + 
-104996566909520583314333704804107699617792.000000j + 
-105357267838743226172636149236857489588224.000000k ]

 Processor clock rate = 2195.1 MHz
