#################      Q = 3     #################
~~~~~~~~~ ITERACCION 0 ~~~~~~~~~
Clocks = 227772786.0000000000. Resultado: [ 
23625970025707484345754218534428400213295104.000000 + 23620736528661448876904055713005238982017024.000000i + 23621574894146279491726579725246107094089728.000000j + 23618215408324733762161840965449838147665920.000000k ]

 Processor clock rate = 2592.3 MHz
~~~~~~~~~ ITERACCION 1 ~~~~~~~~~
Clocks = 231472492.0000000000. Resultado: [ 
23625970025707484345754218534428400213295104.000000 + 23620736528661448876904055713005238982017024.000000i + 23621574894146279491726579725246107094089728.000000j + 23618215408324733762161840965449838147665920.000000k ]

 Processor clock rate = 2592.2 MHz
~~~~~~~~~ ITERACCION 2 ~~~~~~~~~
Clocks = 233909300.0000000000. Resultado: [ 
23625970025707484345754218534428400213295104.000000 + 23620736528661448876904055713005238982017024.000000i + 23621574894146279491726579725246107094089728.000000j + 23618215408324733762161840965449838147665920.000000k ]

 Processor clock rate = 2592.2 MHz
~~~~~~~~~ ITERACCION 3 ~~~~~~~~~
Clocks = 247142430.0000000000. Resultado: [ 
23625970025707484345754218534428400213295104.000000 + 23620736528661448876904055713005238982017024.000000i + 23621574894146279491726579725246107094089728.000000j + 23618215408324733762161840965449838147665920.000000k ]

 Processor clock rate = 2592.3 MHz
~~~~~~~~~ ITERACCION 4 ~~~~~~~~~
Clocks = 234883434.0000000000. Resultado: [ 
23625970025707484345754218534428400213295104.000000 + 23620736528661448876904055713005238982017024.000000i + 23621574894146279491726579725246107094089728.000000j + 23618215408324733762161840965449838147665920.000000k ]

 Processor clock rate = 2592.3 MHz
~~~~~~~~~ ITERACCION 5 ~~~~~~~~~
Clocks = 252697770.0000000000. Resultado: [ 
23625970025707484345754218534428400213295104.000000 + 23620736528661448876904055713005238982017024.000000i + 23621574894146279491726579725246107094089728.000000j + 23618215408324733762161840965449838147665920.000000k ]

 Processor clock rate = 2592.3 MHz
~~~~~~~~~ ITERACCION 6 ~~~~~~~~~
Clocks = 235520376.0000000000. Resultado: [ 
23625970025707484345754218534428400213295104.000000 + 23620736528661448876904055713005238982017024.000000i + 23621574894146279491726579725246107094089728.000000j + 23618215408324733762161840965449838147665920.000000k ]

 Processor clock rate = 2592.3 MHz
~~~~~~~~~ ITERACCION 7 ~~~~~~~~~
Clocks = 232747448.0000000000. Resultado: [ 
23625970025707484345754218534428400213295104.000000 + 23620736528661448876904055713005238982017024.000000i + 23621574894146279491726579725246107094089728.000000j + 23618215408324733762161840965449838147665920.000000k ]

 Processor clock rate = 2592.3 MHz
~~~~~~~~~ ITERACCION 8 ~~~~~~~~~
Clocks = 235240780.0000000000. Resultado: [ 
23625970025707484345754218534428400213295104.000000 + 23620736528661448876904055713005238982017024.000000i + 23621574894146279491726579725246107094089728.000000j + 23618215408324733762161840965449838147665920.000000k ]

 Processor clock rate = 2592.2 MHz
~~~~~~~~~ ITERACCION 9 ~~~~~~~~~
Clocks = 231085316.0000000000. Resultado: [ 
23625970025707484345754218534428400213295104.000000 + 23620736528661448876904055713005238982017024.000000i + 23621574894146279491726579725246107094089728.000000j + 23618215408324733762161840965449838147665920.000000k ]

 Processor clock rate = 2592.2 MHz
