#################      Q = 2     #################
~~~~~~~~~ ITERACCION 0 ~~~~~~~~~
Clocks = 24208336.0000000000. Resultado: [ 
2364235132737820365756719291349654143238144.000000 + 2361477028390276315769211858909031131250688.000000i + 2365704330014472015863535300905649303453696.000000j + 2360693032697427058459885106777295635349504.000000k ]

 Processor clock rate = 2592.2 MHz
~~~~~~~~~ ITERACCION 1 ~~~~~~~~~
Clocks = 24581514.0000000000. Resultado: [ 
2364235132737820365756719291349654143238144.000000 + 2361477028390276315769211858909031131250688.000000i + 2365704330014472015863535300905649303453696.000000j + 2360693032697427058459885106777295635349504.000000k ]

 Processor clock rate = 2592.3 MHz
~~~~~~~~~ ITERACCION 2 ~~~~~~~~~
Clocks = 22610246.0000000000. Resultado: [ 
2364235132737820365756719291349654143238144.000000 + 2361477028390276315769211858909031131250688.000000i + 2365704330014472015863535300905649303453696.000000j + 2360693032697427058459885106777295635349504.000000k ]

 Processor clock rate = 2592.3 MHz
~~~~~~~~~ ITERACCION 3 ~~~~~~~~~
Clocks = 26000198.0000000000. Resultado: [ 
2364235132737820365756719291349654143238144.000000 + 2361477028390276315769211858909031131250688.000000i + 2365704330014472015863535300905649303453696.000000j + 2360693032697427058459885106777295635349504.000000k ]

 Processor clock rate = 2592.3 MHz
~~~~~~~~~ ITERACCION 4 ~~~~~~~~~
Clocks = 23701572.0000000000. Resultado: [ 
2364235132737820365756719291349654143238144.000000 + 2361477028390276315769211858909031131250688.000000i + 2365704330014472015863535300905649303453696.000000j + 2360693032697427058459885106777295635349504.000000k ]

 Processor clock rate = 2592.3 MHz
~~~~~~~~~ ITERACCION 5 ~~~~~~~~~
Clocks = 23108152.0000000000. Resultado: [ 
2364235132737820365756719291349654143238144.000000 + 2361477028390276315769211858909031131250688.000000i + 2365704330014472015863535300905649303453696.000000j + 2360693032697427058459885106777295635349504.000000k ]

 Processor clock rate = 2592.4 MHz
~~~~~~~~~ ITERACCION 6 ~~~~~~~~~
Clocks = 22912536.0000000000. Resultado: [ 
2364235132737820365756719291349654143238144.000000 + 2361477028390276315769211858909031131250688.000000i + 2365704330014472015863535300905649303453696.000000j + 2360693032697427058459885106777295635349504.000000k ]

 Processor clock rate = 2592.2 MHz
~~~~~~~~~ ITERACCION 7 ~~~~~~~~~
Clocks = 23779478.0000000000. Resultado: [ 
2364235132737820365756719291349654143238144.000000 + 2361477028390276315769211858909031131250688.000000i + 2365704330014472015863535300905649303453696.000000j + 2360693032697427058459885106777295635349504.000000k ]

 Processor clock rate = 2592.3 MHz
~~~~~~~~~ ITERACCION 8 ~~~~~~~~~
Clocks = 25370506.0000000000. Resultado: [ 
2364235132737820365756719291349654143238144.000000 + 2361477028390276315769211858909031131250688.000000i + 2365704330014472015863535300905649303453696.000000j + 2360693032697427058459885106777295635349504.000000k ]

 Processor clock rate = 2592.2 MHz
~~~~~~~~~ ITERACCION 9 ~~~~~~~~~
Clocks = 23343048.0000000000. Resultado: [ 
2364235132737820365756719291349654143238144.000000 + 2361477028390276315769211858909031131250688.000000i + 2365704330014472015863535300905649303453696.000000j + 2360693032697427058459885106777295635349504.000000k ]

 Processor clock rate = 2592.2 MHz
