#################      Q = 1     #################
~~~~~~~~~ ITERACCION 0 ~~~~~~~~~
Clocks = 928006.0000000000. Resultado: [ 
23056716926739271118019300177443188375552.000000 + 23616853488386275701949141581071927738368.000000i + 23662249367196093385022523715645977133056.000000j + 23235717405806451891425300599757160316928.000000k ]

 Processor clock rate = 2592.4 MHz
~~~~~~~~~ ITERACCION 1 ~~~~~~~~~
Clocks = 1361744.0000000000. Resultado: [ 
23056716926739271118019300177443188375552.000000 + 23616853488386275701949141581071927738368.000000i + 23662249367196093385022523715645977133056.000000j + 23235717405806451891425300599757160316928.000000k ]

 Processor clock rate = 2592.3 MHz
~~~~~~~~~ ITERACCION 2 ~~~~~~~~~
Clocks = 1021206.0000000000. Resultado: [ 
23056716926739271118019300177443188375552.000000 + 23616853488386275701949141581071927738368.000000i + 23662249367196093385022523715645977133056.000000j + 23235717405806451891425300599757160316928.000000k ]

 Processor clock rate = 2592.4 MHz
~~~~~~~~~ ITERACCION 3 ~~~~~~~~~
Clocks = 930844.0000000000. Resultado: [ 
23056716926739271118019300177443188375552.000000 + 23616853488386275701949141581071927738368.000000i + 23662249367196093385022523715645977133056.000000j + 23235717405806451891425300599757160316928.000000k ]

 Processor clock rate = 2592.4 MHz
~~~~~~~~~ ITERACCION 4 ~~~~~~~~~
Clocks = 932196.0000000000. Resultado: [ 
23056716926739271118019300177443188375552.000000 + 23616853488386275701949141581071927738368.000000i + 23662249367196093385022523715645977133056.000000j + 23235717405806451891425300599757160316928.000000k ]

 Processor clock rate = 2592.4 MHz
~~~~~~~~~ ITERACCION 5 ~~~~~~~~~
Clocks = 938936.0000000000. Resultado: [ 
23056716926739271118019300177443188375552.000000 + 23616853488386275701949141581071927738368.000000i + 23662249367196093385022523715645977133056.000000j + 23235717405806451891425300599757160316928.000000k ]

 Processor clock rate = 2592.2 MHz
~~~~~~~~~ ITERACCION 6 ~~~~~~~~~
Clocks = 933012.0000000000. Resultado: [ 
23056716926739271118019300177443188375552.000000 + 23616853488386275701949141581071927738368.000000i + 23662249367196093385022523715645977133056.000000j + 23235717405806451891425300599757160316928.000000k ]

 Processor clock rate = 2592.3 MHz
~~~~~~~~~ ITERACCION 7 ~~~~~~~~~
Clocks = 1053648.0000000000. Resultado: [ 
23056716926739271118019300177443188375552.000000 + 23616853488386275701949141581071927738368.000000i + 23662249367196093385022523715645977133056.000000j + 23235717405806451891425300599757160316928.000000k ]

 Processor clock rate = 2592.4 MHz
~~~~~~~~~ ITERACCION 8 ~~~~~~~~~
Clocks = 988124.0000000000. Resultado: [ 
23056716926739271118019300177443188375552.000000 + 23616853488386275701949141581071927738368.000000i + 23662249367196093385022523715645977133056.000000j + 23235717405806451891425300599757160316928.000000k ]

 Processor clock rate = 2592.3 MHz
~~~~~~~~~ ITERACCION 9 ~~~~~~~~~
Clocks = 1643164.0000000000. Resultado: [ 
23056716926739271118019300177443188375552.000000 + 23616853488386275701949141581071927738368.000000i + 23662249367196093385022523715645977133056.000000j + 23235717405806451891425300599757160316928.000000k ]

 Processor clock rate = 2592.4 MHz
