#################      Q = 0     #################
~~~~~~~~~ ITERACCION 0 ~~~~~~~~~
Clocks = 2202.0000000000. Resultado: [ 
225445230262823239982928325310360322048.000000 + 291534100908863554854020868551164821504.000000i + 245509767717676198993012541024683163648.000000j + 226018324465924255780644776595360317440.000000k ]

 Processor clock rate = 2592.2 MHz
~~~~~~~~~ ITERACCION 1 ~~~~~~~~~
Clocks = 9790.0000000000. Resultado: [ 
225445230262823239982928325310360322048.000000 + 291534100908863554854020868551164821504.000000i + 245509767717676198993012541024683163648.000000j + 226018324465924255780644776595360317440.000000k ]

 Processor clock rate = 2592.4 MHz
~~~~~~~~~ ITERACCION 2 ~~~~~~~~~
Clocks = 9340.0000000000. Resultado: [ 
225445230262823239982928325310360322048.000000 + 291534100908863554854020868551164821504.000000i + 245509767717676198993012541024683163648.000000j + 226018324465924255780644776595360317440.000000k ]

 Processor clock rate = 2592.4 MHz
~~~~~~~~~ ITERACCION 3 ~~~~~~~~~
Clocks = 10122.0000000000. Resultado: [ 
225445230262823239982928325310360322048.000000 + 291534100908863554854020868551164821504.000000i + 245509767717676198993012541024683163648.000000j + 226018324465924255780644776595360317440.000000k ]

 Processor clock rate = 2592.2 MHz
~~~~~~~~~ ITERACCION 4 ~~~~~~~~~
Clocks = 9522.0000000000. Resultado: [ 
225445230262823239982928325310360322048.000000 + 291534100908863554854020868551164821504.000000i + 245509767717676198993012541024683163648.000000j + 226018324465924255780644776595360317440.000000k ]

 Processor clock rate = 2592.3 MHz
~~~~~~~~~ ITERACCION 5 ~~~~~~~~~
Clocks = 2136.0000000000. Resultado: [ 
225445230262823239982928325310360322048.000000 + 291534100908863554854020868551164821504.000000i + 245509767717676198993012541024683163648.000000j + 226018324465924255780644776595360317440.000000k ]

 Processor clock rate = 2592.3 MHz
~~~~~~~~~ ITERACCION 6 ~~~~~~~~~
Clocks = 6640.0000000000. Resultado: [ 
225445230262823239982928325310360322048.000000 + 291534100908863554854020868551164821504.000000i + 245509767717676198993012541024683163648.000000j + 226018324465924255780644776595360317440.000000k ]

 Processor clock rate = 2592.4 MHz
~~~~~~~~~ ITERACCION 7 ~~~~~~~~~
Clocks = 9460.0000000000. Resultado: [ 
225445230262823239982928325310360322048.000000 + 291534100908863554854020868551164821504.000000i + 245509767717676198993012541024683163648.000000j + 226018324465924255780644776595360317440.000000k ]

 Processor clock rate = 2592.4 MHz
~~~~~~~~~ ITERACCION 8 ~~~~~~~~~
Clocks = 9410.0000000000. Resultado: [ 
225445230262823239982928325310360322048.000000 + 291534100908863554854020868551164821504.000000i + 245509767717676198993012541024683163648.000000j + 226018324465924255780644776595360317440.000000k ]

 Processor clock rate = 2592.3 MHz
~~~~~~~~~ ITERACCION 9 ~~~~~~~~~
Clocks = 10108.0000000000. Resultado: [ 
225445230262823239982928325310360322048.000000 + 291534100908863554854020868551164821504.000000i + 245509767717676198993012541024683163648.000000j + 226018324465924255780644776595360317440.000000k ]

 Processor clock rate = 2592.3 MHz
