#################      Q = 0     #################
~~~~~~~~~ ITERACCION 0 ~~~~~~~~~
 Resultado: [ 
291216755333799321948025850883968335872.000000 + 228278090495471378854325037724327739392.000000i + 214071154260660777917493206116233904128.000000j + 254941423265355770890762416757038645248.000000k ]
Clocks = 107548.0000000000. Resultado: [ 
291216755333799321948025850883968335872.000000 + 
228278090495471378854325037724327739392.000000i + 
214071154260660777917493206116233904128.000000j + 
254941423265355770890762416757038645248.000000k ]

 Processor clock rate = 2195.2 MHz
~~~~~~~~~ ITERACCION 1 ~~~~~~~~~
 Resultado: [ 
291216755333799321948025850883968335872.000000 + 228278090495471378854325037724327739392.000000i + 214071154260660777917493206116233904128.000000j + 254941423265355770890762416757038645248.000000k ]
Clocks = 188188.0000000000. Resultado: [ 
291216755333799321948025850883968335872.000000 + 
228278090495471378854325037724327739392.000000i + 
214071154260660777917493206116233904128.000000j + 
254941423265355770890762416757038645248.000000k ]

 Processor clock rate = 2195.1 MHz
~~~~~~~~~ ITERACCION 2 ~~~~~~~~~
 Resultado: [ 
291216755333799321948025850883968335872.000000 + 228278090495471378854325037724327739392.000000i + 214071154260660777917493206116233904128.000000j + 254941423265355770890762416757038645248.000000k ]
Clocks = 109082.0000000000. Resultado: [ 
291216755333799321948025850883968335872.000000 + 
228278090495471378854325037724327739392.000000i + 
214071154260660777917493206116233904128.000000j + 
254941423265355770890762416757038645248.000000k ]

 Processor clock rate = 2195.1 MHz
~~~~~~~~~ ITERACCION 3 ~~~~~~~~~
 Resultado: [ 
291216755333799321948025850883968335872.000000 + 228278090495471378854325037724327739392.000000i + 214071154260660777917493206116233904128.000000j + 254941423265355770890762416757038645248.000000k ]
Clocks = 126896.0000000000. Resultado: [ 
291216755333799321948025850883968335872.000000 + 
228278090495471378854325037724327739392.000000i + 
214071154260660777917493206116233904128.000000j + 
254941423265355770890762416757038645248.000000k ]

 Processor clock rate = 2195.2 MHz
~~~~~~~~~ ITERACCION 4 ~~~~~~~~~
 Resultado: [ 
291216755333799321948025850883968335872.000000 + 228278090495471378854325037724327739392.000000i + 214071154260660777917493206116233904128.000000j + 254941423265355770890762416757038645248.000000k ]
Clocks = 153430.0000000000. Resultado: [ 
291216755333799321948025850883968335872.000000 + 
228278090495471378854325037724327739392.000000i + 
214071154260660777917493206116233904128.000000j + 
254941423265355770890762416757038645248.000000k ]

 Processor clock rate = 2195.1 MHz
~~~~~~~~~ ITERACCION 5 ~~~~~~~~~
 Resultado: [ 
291216755333799321948025850883968335872.000000 + 228278090495471378854325037724327739392.000000i + 214071154260660777917493206116233904128.000000j + 254941423265355770890762416757038645248.000000k ]
Clocks = 137784.0000000000. Resultado: [ 
291216755333799321948025850883968335872.000000 + 
228278090495471378854325037724327739392.000000i + 
214071154260660777917493206116233904128.000000j + 
254941423265355770890762416757038645248.000000k ]

 Processor clock rate = 2195.1 MHz
~~~~~~~~~ ITERACCION 6 ~~~~~~~~~
 Resultado: [ 
291216755333799321948025850883968335872.000000 + 228278090495471378854325037724327739392.000000i + 214071154260660777917493206116233904128.000000j + 254941423265355770890762416757038645248.000000k ]
Clocks = 85451.0000000000. Resultado: [ 
291216755333799321948025850883968335872.000000 + 
228278090495471378854325037724327739392.000000i + 
214071154260660777917493206116233904128.000000j + 
254941423265355770890762416757038645248.000000k ]

 Processor clock rate = 2195.1 MHz
~~~~~~~~~ ITERACCION 7 ~~~~~~~~~
 Resultado: [ 
291216755333799321948025850883968335872.000000 + 228278090495471378854325037724327739392.000000i + 214071154260660777917493206116233904128.000000j + 254941423265355770890762416757038645248.000000k ]
Clocks = 124006.0000000000. Resultado: [ 
291216755333799321948025850883968335872.000000 + 
228278090495471378854325037724327739392.000000i + 
214071154260660777917493206116233904128.000000j + 
254941423265355770890762416757038645248.000000k ]

 Processor clock rate = 2195.1 MHz
~~~~~~~~~ ITERACCION 8 ~~~~~~~~~
 Resultado: [ 
291216755333799321948025850883968335872.000000 + 228278090495471378854325037724327739392.000000i + 214071154260660777917493206116233904128.000000j + 254941423265355770890762416757038645248.000000k ]
Clocks = 142120.0000000000. Resultado: [ 
291216755333799321948025850883968335872.000000 + 
228278090495471378854325037724327739392.000000i + 
214071154260660777917493206116233904128.000000j + 
254941423265355770890762416757038645248.000000k ]

 Processor clock rate = 2195.1 MHz
~~~~~~~~~ ITERACCION 9 ~~~~~~~~~
 Resultado: [ 
291216755333799321948025850883968335872.000000 + 228278090495471378854325037724327739392.000000i + 214071154260660777917493206116233904128.000000j + 254941423265355770890762416757038645248.000000k ]
Clocks = 201586.0000000000. Resultado: [ 
291216755333799321948025850883968335872.000000 + 
228278090495471378854325037724327739392.000000i + 
214071154260660777917493206116233904128.000000j + 
254941423265355770890762416757038645248.000000k ]

 Processor clock rate = 2195.1 MHz
