#################      Q = 2     #################
~~~~~~~~~ ITERACCION 0 ~~~~~~~~~
 Resultado: [ 
2359413205650266745877665890529150976917504.000000 + 2359438610865286072531091192995764221509632.000000i + 2370402543205858718823054413783014586712064.000000j + 2362855164118570601277107921450676537786368.000000k ]
Clocks = 9316493.0000000000. Resultado: [ 
2359413205650266745877665890529150976917504.000000 + 
2359438610865286072531091192995764221509632.000000i + 
2370402543205858718823054413783014586712064.000000j + 
2362855164118570601277107921450676537786368.000000k ]

 Processor clock rate = 2195.1 MHz
~~~~~~~~~ ITERACCION 1 ~~~~~~~~~
 Resultado: [ 
2359413205650266745877665890529150976917504.000000 + 2359438610865286072531091192995764221509632.000000i + 2370402543205858718823054413783014586712064.000000j + 2362855164118570601277107921450676537786368.000000k ]
Clocks = 9301017.0000000000. Resultado: [ 
2359413205650266745877665890529150976917504.000000 + 
2359438610865286072531091192995764221509632.000000i + 
2370402543205858718823054413783014586712064.000000j + 
2362855164118570601277107921450676537786368.000000k ]

 Processor clock rate = 2195.2 MHz
~~~~~~~~~ ITERACCION 2 ~~~~~~~~~
 Resultado: [ 
2359413205650266745877665890529150976917504.000000 + 2359438610865286072531091192995764221509632.000000i + 2370402543205858718823054413783014586712064.000000j + 2362855164118570601277107921450676537786368.000000k ]
Clocks = 9239457.0000000000. Resultado: [ 
2359413205650266745877665890529150976917504.000000 + 
2359438610865286072531091192995764221509632.000000i + 
2370402543205858718823054413783014586712064.000000j + 
2362855164118570601277107921450676537786368.000000k ]

 Processor clock rate = 2195.1 MHz
~~~~~~~~~ ITERACCION 3 ~~~~~~~~~
 Resultado: [ 
2359413205650266745877665890529150976917504.000000 + 2359438610865286072531091192995764221509632.000000i + 2370402543205858718823054413783014586712064.000000j + 2362855164118570601277107921450676537786368.000000k ]
Clocks = 9128198.0000000000. Resultado: [ 
2359413205650266745877665890529150976917504.000000 + 
2359438610865286072531091192995764221509632.000000i + 
2370402543205858718823054413783014586712064.000000j + 
2362855164118570601277107921450676537786368.000000k ]

 Processor clock rate = 2195.2 MHz
~~~~~~~~~ ITERACCION 4 ~~~~~~~~~
 Resultado: [ 
2359413205650266745877665890529150976917504.000000 + 2359438610865286072531091192995764221509632.000000i + 2370402543205858718823054413783014586712064.000000j + 2362855164118570601277107921450676537786368.000000k ]
Clocks = 9844375.0000000000. Resultado: [ 
2359413205650266745877665890529150976917504.000000 + 
2359438610865286072531091192995764221509632.000000i + 
2370402543205858718823054413783014586712064.000000j + 
2362855164118570601277107921450676537786368.000000k ]

 Processor clock rate = 2195.1 MHz
~~~~~~~~~ ITERACCION 5 ~~~~~~~~~
 Resultado: [ 
2359413205650266745877665890529150976917504.000000 + 2359438610865286072531091192995764221509632.000000i + 2370402543205858718823054413783014586712064.000000j + 2362855164118570601277107921450676537786368.000000k ]
Clocks = 11786526.0000000000. Resultado: [ 
2359413205650266745877665890529150976917504.000000 + 
2359438610865286072531091192995764221509632.000000i + 
2370402543205858718823054413783014586712064.000000j + 
2362855164118570601277107921450676537786368.000000k ]

 Processor clock rate = 2195.1 MHz
~~~~~~~~~ ITERACCION 6 ~~~~~~~~~
 Resultado: [ 
2359413205650266745877665890529150976917504.000000 + 2359438610865286072531091192995764221509632.000000i + 2370402543205858718823054413783014586712064.000000j + 2362855164118570601277107921450676537786368.000000k ]
Clocks = 10127823.0000000000. Resultado: [ 
2359413205650266745877665890529150976917504.000000 + 
2359438610865286072531091192995764221509632.000000i + 
2370402543205858718823054413783014586712064.000000j + 
2362855164118570601277107921450676537786368.000000k ]

 Processor clock rate = 2195.2 MHz
~~~~~~~~~ ITERACCION 7 ~~~~~~~~~
 Resultado: [ 
2359413205650266745877665890529150976917504.000000 + 2359438610865286072531091192995764221509632.000000i + 2370402543205858718823054413783014586712064.000000j + 2362855164118570601277107921450676537786368.000000k ]
Clocks = 9766574.0000000000. Resultado: [ 
2359413205650266745877665890529150976917504.000000 + 
2359438610865286072531091192995764221509632.000000i + 
2370402543205858718823054413783014586712064.000000j + 
2362855164118570601277107921450676537786368.000000k ]

 Processor clock rate = 2195.1 MHz
~~~~~~~~~ ITERACCION 8 ~~~~~~~~~
 Resultado: [ 
2359413205650266745877665890529150976917504.000000 + 2359438610865286072531091192995764221509632.000000i + 2370402543205858718823054413783014586712064.000000j + 2362855164118570601277107921450676537786368.000000k ]
Clocks = 9923347.0000000000. Resultado: [ 
2359413205650266745877665890529150976917504.000000 + 
2359438610865286072531091192995764221509632.000000i + 
2370402543205858718823054413783014586712064.000000j + 
2362855164118570601277107921450676537786368.000000k ]

 Processor clock rate = 2195.1 MHz
~~~~~~~~~ ITERACCION 9 ~~~~~~~~~
 Resultado: [ 
2359413205650266745877665890529150976917504.000000 + 2359438610865286072531091192995764221509632.000000i + 2370402543205858718823054413783014586712064.000000j + 2362855164118570601277107921450676537786368.000000k ]
Clocks = 10162276.0000000000. Resultado: [ 
2359413205650266745877665890529150976917504.000000 + 
2359438610865286072531091192995764221509632.000000i + 
2370402543205858718823054413783014586712064.000000j + 
2362855164118570601277107921450676537786368.000000k ]

 Processor clock rate = 2195.1 MHz
