#################      Q = 1     #################
~~~~~~~~~ ITERACCION 0 ~~~~~~~~~
 Resultado: [ 
24039109379289875370038106731670071672832.000000 + 23385395971109077252103605264699424243712.000000i + 23180170097169821514189960147032980062208.000000j + 22966861740559540402435403022283923521536.000000k ]
Clocks = 582014.0000000000. Resultado: [ 
24039109379289875370038106731670071672832.000000 + 
23385395971109077252103605264699424243712.000000i + 
23180170097169821514189960147032980062208.000000j + 
22966861740559540402435403022283923521536.000000k ]

 Processor clock rate = 2195.1 MHz
~~~~~~~~~ ITERACCION 1 ~~~~~~~~~
 Resultado: [ 
24039109379289875370038106731670071672832.000000 + 23385395971109077252103605264699424243712.000000i + 23180170097169821514189960147032980062208.000000j + 22966861740559540402435403022283923521536.000000k ]
Clocks = 323219.0000000000. Resultado: [ 
24039109379289875370038106731670071672832.000000 + 
23385395971109077252103605264699424243712.000000i + 
23180170097169821514189960147032980062208.000000j + 
22966861740559540402435403022283923521536.000000k ]

 Processor clock rate = 2195.1 MHz
~~~~~~~~~ ITERACCION 2 ~~~~~~~~~
 Resultado: [ 
24039109379289875370038106731670071672832.000000 + 23385395971109077252103605264699424243712.000000i + 23180170097169821514189960147032980062208.000000j + 22966861740559540402435403022283923521536.000000k ]
Clocks = 331210.0000000000. Resultado: [ 
24039109379289875370038106731670071672832.000000 + 
23385395971109077252103605264699424243712.000000i + 
23180170097169821514189960147032980062208.000000j + 
22966861740559540402435403022283923521536.000000k ]

 Processor clock rate = 2195.1 MHz
~~~~~~~~~ ITERACCION 3 ~~~~~~~~~
 Resultado: [ 
24039109379289875370038106731670071672832.000000 + 23385395971109077252103605264699424243712.000000i + 23180170097169821514189960147032980062208.000000j + 22966861740559540402435403022283923521536.000000k ]
Clocks = 188147.0000000000. Resultado: [ 
24039109379289875370038106731670071672832.000000 + 
23385395971109077252103605264699424243712.000000i + 
23180170097169821514189960147032980062208.000000j + 
22966861740559540402435403022283923521536.000000k ]

 Processor clock rate = 2195.2 MHz
~~~~~~~~~ ITERACCION 4 ~~~~~~~~~
 Resultado: [ 
24039109379289875370038106731670071672832.000000 + 23385395971109077252103605264699424243712.000000i + 23180170097169821514189960147032980062208.000000j + 22966861740559540402435403022283923521536.000000k ]
Clocks = 371984.0000000000. Resultado: [ 
24039109379289875370038106731670071672832.000000 + 
23385395971109077252103605264699424243712.000000i + 
23180170097169821514189960147032980062208.000000j + 
22966861740559540402435403022283923521536.000000k ]

 Processor clock rate = 2195.1 MHz
~~~~~~~~~ ITERACCION 5 ~~~~~~~~~
 Resultado: [ 
24039109379289875370038106731670071672832.000000 + 23385395971109077252103605264699424243712.000000i + 23180170097169821514189960147032980062208.000000j + 22966861740559540402435403022283923521536.000000k ]
Clocks = 521719.0000000000. Resultado: [ 
24039109379289875370038106731670071672832.000000 + 
23385395971109077252103605264699424243712.000000i + 
23180170097169821514189960147032980062208.000000j + 
22966861740559540402435403022283923521536.000000k ]

 Processor clock rate = 2195.1 MHz
~~~~~~~~~ ITERACCION 6 ~~~~~~~~~
 Resultado: [ 
24039109379289875370038106731670071672832.000000 + 23385395971109077252103605264699424243712.000000i + 23180170097169821514189960147032980062208.000000j + 22966861740559540402435403022283923521536.000000k ]
Clocks = 359208.0000000000. Resultado: [ 
24039109379289875370038106731670071672832.000000 + 
23385395971109077252103605264699424243712.000000i + 
23180170097169821514189960147032980062208.000000j + 
22966861740559540402435403022283923521536.000000k ]

 Processor clock rate = 2195.1 MHz
~~~~~~~~~ ITERACCION 7 ~~~~~~~~~
 Resultado: [ 
24039109379289875370038106731670071672832.000000 + 23385395971109077252103605264699424243712.000000i + 23180170097169821514189960147032980062208.000000j + 22966861740559540402435403022283923521536.000000k ]
Clocks = 183999.0000000000. Resultado: [ 
24039109379289875370038106731670071672832.000000 + 
23385395971109077252103605264699424243712.000000i + 
23180170097169821514189960147032980062208.000000j + 
22966861740559540402435403022283923521536.000000k ]

 Processor clock rate = 2195.1 MHz
~~~~~~~~~ ITERACCION 8 ~~~~~~~~~
 Resultado: [ 
24039109379289875370038106731670071672832.000000 + 23385395971109077252103605264699424243712.000000i + 23180170097169821514189960147032980062208.000000j + 22966861740559540402435403022283923521536.000000k ]
Clocks = 416380.0000000000. Resultado: [ 
24039109379289875370038106731670071672832.000000 + 
23385395971109077252103605264699424243712.000000i + 
23180170097169821514189960147032980062208.000000j + 
22966861740559540402435403022283923521536.000000k ]

 Processor clock rate = 2195.1 MHz
~~~~~~~~~ ITERACCION 9 ~~~~~~~~~
 Resultado: [ 
24039109379289875370038106731670071672832.000000 + 23385395971109077252103605264699424243712.000000i + 23180170097169821514189960147032980062208.000000j + 22966861740559540402435403022283923521536.000000k ]
Clocks = 300896.0000000000. Resultado: [ 
24039109379289875370038106731670071672832.000000 + 
23385395971109077252103605264699424243712.000000i + 
23180170097169821514189960147032980062208.000000j + 
22966861740559540402435403022283923521536.000000k ]

 Processor clock rate = 2195.2 MHz
