#################      Q = 3     #################
~~~~~~~~~ ITERACCION 0 ~~~~~~~~~
 Resultado: [ 
23631954934208006352630799178297062740459520.000000 + 23619826343324059501149245946163641603588096.000000i + 23613967679170104291443381029677291442012160.000000j + 23620747900134646818903955342656643664969728.000000k ]
Clocks = 96052931.0000000000. Resultado: [ 
23631954934208006352630799178297062740459520.000000 + 
23619826343324059501149245946163641603588096.000000i + 
23613967679170104291443381029677291442012160.000000j + 
23620747900134646818903955342656643664969728.000000k ]

 Processor clock rate = 2195.1 MHz
~~~~~~~~~ ITERACCION 1 ~~~~~~~~~
 Resultado: [ 
23631954934208006352630799178297062740459520.000000 + 23619826343324059501149245946163641603588096.000000i + 23613967679170104291443381029677291442012160.000000j + 23620747900134646818903955342656643664969728.000000k ]
Clocks = 100437122.0000000000. Resultado: [ 
23631954934208006352630799178297062740459520.000000 + 
23619826343324059501149245946163641603588096.000000i + 
23613967679170104291443381029677291442012160.000000j + 
23620747900134646818903955342656643664969728.000000k ]

 Processor clock rate = 2195.2 MHz
~~~~~~~~~ ITERACCION 2 ~~~~~~~~~
 Resultado: [ 
23631954934208006352630799178297062740459520.000000 + 23619826343324059501149245946163641603588096.000000i + 23613967679170104291443381029677291442012160.000000j + 23620747900134646818903955342656643664969728.000000k ]
Clocks = 96753023.0000000000. Resultado: [ 
23631954934208006352630799178297062740459520.000000 + 
23619826343324059501149245946163641603588096.000000i + 
23613967679170104291443381029677291442012160.000000j + 
23620747900134646818903955342656643664969728.000000k ]

 Processor clock rate = 2195.1 MHz
~~~~~~~~~ ITERACCION 3 ~~~~~~~~~
 Resultado: [ 
23631954934208006352630799178297062740459520.000000 + 23619826343324059501149245946163641603588096.000000i + 23613967679170104291443381029677291442012160.000000j + 23620747900134646818903955342656643664969728.000000k ]
Clocks = 112185926.0000000000. Resultado: [ 
23631954934208006352630799178297062740459520.000000 + 
23619826343324059501149245946163641603588096.000000i + 
23613967679170104291443381029677291442012160.000000j + 
23620747900134646818903955342656643664969728.000000k ]

 Processor clock rate = 2195.1 MHz
~~~~~~~~~ ITERACCION 4 ~~~~~~~~~
 Resultado: [ 
23631954934208006352630799178297062740459520.000000 + 23619826343324059501149245946163641603588096.000000i + 23613967679170104291443381029677291442012160.000000j + 23620747900134646818903955342656643664969728.000000k ]
Clocks = 98392187.0000000000. Resultado: [ 
23631954934208006352630799178297062740459520.000000 + 
23619826343324059501149245946163641603588096.000000i + 
23613967679170104291443381029677291442012160.000000j + 
23620747900134646818903955342656643664969728.000000k ]

 Processor clock rate = 2195.2 MHz
~~~~~~~~~ ITERACCION 5 ~~~~~~~~~
 Resultado: [ 
23631954934208006352630799178297062740459520.000000 + 23619826343324059501149245946163641603588096.000000i + 23613967679170104291443381029677291442012160.000000j + 23620747900134646818903955342656643664969728.000000k ]
Clocks = 92098909.0000000000. Resultado: [ 
23631954934208006352630799178297062740459520.000000 + 
23619826343324059501149245946163641603588096.000000i + 
23613967679170104291443381029677291442012160.000000j + 
23620747900134646818903955342656643664969728.000000k ]

 Processor clock rate = 2195.2 MHz
~~~~~~~~~ ITERACCION 6 ~~~~~~~~~
 Resultado: [ 
23631954934208006352630799178297062740459520.000000 + 23619826343324059501149245946163641603588096.000000i + 23613967679170104291443381029677291442012160.000000j + 23620747900134646818903955342656643664969728.000000k ]
Clocks = 91989453.0000000000. Resultado: [ 
23631954934208006352630799178297062740459520.000000 + 
23619826343324059501149245946163641603588096.000000i + 
23613967679170104291443381029677291442012160.000000j + 
23620747900134646818903955342656643664969728.000000k ]

 Processor clock rate = 2195.1 MHz
~~~~~~~~~ ITERACCION 7 ~~~~~~~~~
 Resultado: [ 
23631954934208006352630799178297062740459520.000000 + 23619826343324059501149245946163641603588096.000000i + 23613967679170104291443381029677291442012160.000000j + 23620747900134646818903955342656643664969728.000000k ]
Clocks = 97224011.0000000000. Resultado: [ 
23631954934208006352630799178297062740459520.000000 + 
23619826343324059501149245946163641603588096.000000i + 
23613967679170104291443381029677291442012160.000000j + 
23620747900134646818903955342656643664969728.000000k ]

 Processor clock rate = 2195.1 MHz
~~~~~~~~~ ITERACCION 8 ~~~~~~~~~
 Resultado: [ 
23631954934208006352630799178297062740459520.000000 + 23619826343324059501149245946163641603588096.000000i + 23613967679170104291443381029677291442012160.000000j + 23620747900134646818903955342656643664969728.000000k ]
Clocks = 95056407.0000000000. Resultado: [ 
23631954934208006352630799178297062740459520.000000 + 
23619826343324059501149245946163641603588096.000000i + 
23613967679170104291443381029677291442012160.000000j + 
23620747900134646818903955342656643664969728.000000k ]

 Processor clock rate = 2195.1 MHz
~~~~~~~~~ ITERACCION 9 ~~~~~~~~~
 Resultado: [ 
23631954934208006352630799178297062740459520.000000 + 23619826343324059501149245946163641603588096.000000i + 23613967679170104291443381029677291442012160.000000j + 23620747900134646818903955342656643664969728.000000k ]
Clocks = 94831801.0000000000. Resultado: [ 
23631954934208006352630799178297062740459520.000000 + 
23619826343324059501149245946163641603588096.000000i + 
23613967679170104291443381029677291442012160.000000j + 
23620747900134646818903955342656643664969728.000000k ]

 Processor clock rate = 2195.2 MHz
