#################      Q = 3     #################
~~~~~~~~~ ITERACCION 0 ~~~~~~~~~
Clocks = 299759631.0000000000. Resultado: [ 
23625970025707484345754218534428400213295104.000000 + 23620736528661448876904055713005238982017024.000000i + 23621574894146279491726579725246107094089728.000000j + 23618215408324733762161840965449838147665920.000000k ]

 Processor clock rate = 2195.1 MHz
~~~~~~~~~ ITERACCION 1 ~~~~~~~~~
Clocks = 286095140.0000000000. Resultado: [ 
23625970025707484345754218534428400213295104.000000 + 23620736528661448876904055713005238982017024.000000i + 23621574894146279491726579725246107094089728.000000j + 23618215408324733762161840965449838147665920.000000k ]

 Processor clock rate = 2195.0 MHz
~~~~~~~~~ ITERACCION 2 ~~~~~~~~~
Clocks = 305857179.0000000000. Resultado: [ 
23625970025707484345754218534428400213295104.000000 + 23620736528661448876904055713005238982017024.000000i + 23621574894146279491726579725246107094089728.000000j + 23618215408324733762161840965449838147665920.000000k ]

 Processor clock rate = 2195.1 MHz
~~~~~~~~~ ITERACCION 3 ~~~~~~~~~
Clocks = 278960076.0000000000. Resultado: [ 
23625970025707484345754218534428400213295104.000000 + 23620736528661448876904055713005238982017024.000000i + 23621574894146279491726579725246107094089728.000000j + 23618215408324733762161840965449838147665920.000000k ]

 Processor clock rate = 2195.0 MHz
~~~~~~~~~ ITERACCION 4 ~~~~~~~~~
Clocks = 305942327.0000000000. Resultado: [ 
23625970025707484345754218534428400213295104.000000 + 23620736528661448876904055713005238982017024.000000i + 23621574894146279491726579725246107094089728.000000j + 23618215408324733762161840965449838147665920.000000k ]

 Processor clock rate = 2195.0 MHz
~~~~~~~~~ ITERACCION 5 ~~~~~~~~~
Clocks = 341652262.0000000000. Resultado: [ 
23625970025707484345754218534428400213295104.000000 + 23620736528661448876904055713005238982017024.000000i + 23621574894146279491726579725246107094089728.000000j + 23618215408324733762161840965449838147665920.000000k ]

 Processor clock rate = 2195.0 MHz
~~~~~~~~~ ITERACCION 6 ~~~~~~~~~
Clocks = 290115360.0000000000. Resultado: [ 
23625970025707484345754218534428400213295104.000000 + 23620736528661448876904055713005238982017024.000000i + 23621574894146279491726579725246107094089728.000000j + 23618215408324733762161840965449838147665920.000000k ]

 Processor clock rate = 2195.1 MHz
~~~~~~~~~ ITERACCION 7 ~~~~~~~~~
Clocks = 294335475.0000000000. Resultado: [ 
23625970025707484345754218534428400213295104.000000 + 23620736528661448876904055713005238982017024.000000i + 23621574894146279491726579725246107094089728.000000j + 23618215408324733762161840965449838147665920.000000k ]

 Processor clock rate = 2195.1 MHz
~~~~~~~~~ ITERACCION 8 ~~~~~~~~~
Clocks = 305942014.0000000000. Resultado: [ 
23625970025707484345754218534428400213295104.000000 + 23620736528661448876904055713005238982017024.000000i + 23621574894146279491726579725246107094089728.000000j + 23618215408324733762161840965449838147665920.000000k ]

 Processor clock rate = 2195.0 MHz
~~~~~~~~~ ITERACCION 9 ~~~~~~~~~
Clocks = 294054616.0000000000. Resultado: [ 
23625970025707484345754218534428400213295104.000000 + 23620736528661448876904055713005238982017024.000000i + 23621574894146279491726579725246107094089728.000000j + 23618215408324733762161840965449838147665920.000000k ]

 Processor clock rate = 2195.1 MHz
