#################      Q = 0     #################
~~~~~~~~~ ITERACCION 0 ~~~~~~~~~
Clocks = 6691.0000000000. Resultado: [ 
-1911695871301542941909325064522115842048.000000 + 
-1207491206572679190891673585438794186752.000000i + 
-1191822647415032096328894701860582064128.000000j + 
-1081582932234912960950208653184961871872.000000k ]

 Processor clock rate = 2195.1 MHz
~~~~~~~~~ ITERACCION 1 ~~~~~~~~~
Clocks = 10632.0000000000. Resultado: [ 
-1911695871301542941909325064522115842048.000000 + 
-1207491206572679190891673585438794186752.000000i + 
-1191822647415032096328894701860582064128.000000j + 
-1081582932234912960950208653184961871872.000000k ]

 Processor clock rate = 2195.2 MHz
~~~~~~~~~ ITERACCION 2 ~~~~~~~~~
Clocks = 9228.0000000000. Resultado: [ 
-1911695871301542941909325064522115842048.000000 + 
-1207491206572679190891673585438794186752.000000i + 
-1191822647415032096328894701860582064128.000000j + 
-1081582932234912960950208653184961871872.000000k ]

 Processor clock rate = 2195.1 MHz
~~~~~~~~~ ITERACCION 3 ~~~~~~~~~
Clocks = 9938.0000000000. Resultado: [ 
-1911695871301542941909325064522115842048.000000 + 
-1207491206572679190891673585438794186752.000000i + 
-1191822647415032096328894701860582064128.000000j + 
-1081582932234912960950208653184961871872.000000k ]

 Processor clock rate = 2195.1 MHz
~~~~~~~~~ ITERACCION 4 ~~~~~~~~~
Clocks = 9522.0000000000. Resultado: [ 
-1911695871301542941909325064522115842048.000000 + 
-1207491206572679190891673585438794186752.000000i + 
-1191822647415032096328894701860582064128.000000j + 
-1081582932234912960950208653184961871872.000000k ]

 Processor clock rate = 2195.1 MHz
~~~~~~~~~ ITERACCION 5 ~~~~~~~~~
Clocks = 7590.0000000000. Resultado: [ 
-1911695871301542941909325064522115842048.000000 + 
-1207491206572679190891673585438794186752.000000i + 
-1191822647415032096328894701860582064128.000000j + 
-1081582932234912960950208653184961871872.000000k ]

 Processor clock rate = 2195.1 MHz
~~~~~~~~~ ITERACCION 6 ~~~~~~~~~
Clocks = 6664.0000000000. Resultado: [ 
-1911695871301542941909325064522115842048.000000 + 
-1207491206572679190891673585438794186752.000000i + 
-1191822647415032096328894701860582064128.000000j + 
-1081582932234912960950208653184961871872.000000k ]

 Processor clock rate = 2195.2 MHz
~~~~~~~~~ ITERACCION 7 ~~~~~~~~~
Clocks = 8862.0000000000. Resultado: [ 
-1911695871301542941909325064522115842048.000000 + 
-1207491206572679190891673585438794186752.000000i + 
-1191822647415032096328894701860582064128.000000j + 
-1081582932234912960950208653184961871872.000000k ]

 Processor clock rate = 2195.1 MHz
~~~~~~~~~ ITERACCION 8 ~~~~~~~~~
Clocks = 11280.0000000000. Resultado: [ 
-1911695871301542941909325064522115842048.000000 + 
-1207491206572679190891673585438794186752.000000i + 
-1191822647415032096328894701860582064128.000000j + 
-1081582932234912960950208653184961871872.000000k ]

 Processor clock rate = 2195.1 MHz
~~~~~~~~~ ITERACCION 9 ~~~~~~~~~
Clocks = 9138.0000000000. Resultado: [ 
-1911695871301542941909325064522115842048.000000 + 
-1207491206572679190891673585438794186752.000000i + 
-1191822647415032096328894701860582064128.000000j + 
-1081582932234912960950208653184961871872.000000k ]

 Processor clock rate = 2195.2 MHz
