#################      Q = 1     #################
~~~~~~~~~ ITERACCION 0 ~~~~~~~~~
Clocks = 303864.0000000000. Resultado: [ 
23056716926739271118019300177443188375552.000000 + 23616853488386275701949141581071927738368.000000i + 23662249367196093385022523715645977133056.000000j + 23235717405806451891425300599757160316928.000000k ]

 Processor clock rate = 2195.0 MHz
~~~~~~~~~ ITERACCION 1 ~~~~~~~~~
Clocks = 325640.0000000000. Resultado: [ 
23056716926739271118019300177443188375552.000000 + 23616853488386275701949141581071927738368.000000i + 23662249367196093385022523715645977133056.000000j + 23235717405806451891425300599757160316928.000000k ]

 Processor clock rate = 2195.0 MHz
~~~~~~~~~ ITERACCION 2 ~~~~~~~~~
Clocks = 271662.0000000000. Resultado: [ 
23056716926739271118019300177443188375552.000000 + 23616853488386275701949141581071927738368.000000i + 23662249367196093385022523715645977133056.000000j + 23235717405806451891425300599757160316928.000000k ]

 Processor clock rate = 2195.1 MHz
~~~~~~~~~ ITERACCION 3 ~~~~~~~~~
Clocks = 189971.0000000000. Resultado: [ 
23056716926739271118019300177443188375552.000000 + 23616853488386275701949141581071927738368.000000i + 23662249367196093385022523715645977133056.000000j + 23235717405806451891425300599757160316928.000000k ]

 Processor clock rate = 2195.1 MHz
~~~~~~~~~ ITERACCION 4 ~~~~~~~~~
Clocks = 503294.0000000000. Resultado: [ 
23056716926739271118019300177443188375552.000000 + 23616853488386275701949141581071927738368.000000i + 23662249367196093385022523715645977133056.000000j + 23235717405806451891425300599757160316928.000000k ]

 Processor clock rate = 2195.1 MHz
~~~~~~~~~ ITERACCION 5 ~~~~~~~~~
Clocks = 716672.0000000000. Resultado: [ 
23056716926739271118019300177443188375552.000000 + 23616853488386275701949141581071927738368.000000i + 23662249367196093385022523715645977133056.000000j + 23235717405806451891425300599757160316928.000000k ]

 Processor clock rate = 2195.0 MHz
~~~~~~~~~ ITERACCION 6 ~~~~~~~~~
Clocks = 200182.0000000000. Resultado: [ 
23056716926739271118019300177443188375552.000000 + 23616853488386275701949141581071927738368.000000i + 23662249367196093385022523715645977133056.000000j + 23235717405806451891425300599757160316928.000000k ]

 Processor clock rate = 2195.0 MHz
~~~~~~~~~ ITERACCION 7 ~~~~~~~~~
Clocks = 182970.0000000000. Resultado: [ 
23056716926739271118019300177443188375552.000000 + 23616853488386275701949141581071927738368.000000i + 23662249367196093385022523715645977133056.000000j + 23235717405806451891425300599757160316928.000000k ]

 Processor clock rate = 2195.0 MHz
~~~~~~~~~ ITERACCION 8 ~~~~~~~~~
Clocks = 380512.0000000000. Resultado: [ 
23056716926739271118019300177443188375552.000000 + 23616853488386275701949141581071927738368.000000i + 23662249367196093385022523715645977133056.000000j + 23235717405806451891425300599757160316928.000000k ]

 Processor clock rate = 2195.1 MHz
~~~~~~~~~ ITERACCION 9 ~~~~~~~~~
Clocks = 311740.0000000000. Resultado: [ 
23056716926739271118019300177443188375552.000000 + 23616853488386275701949141581071927738368.000000i + 23662249367196093385022523715645977133056.000000j + 23235717405806451891425300599757160316928.000000k ]

 Processor clock rate = 2195.0 MHz
