#################      Q = 2     #################
~~~~~~~~~ ITERACCION 0 ~~~~~~~~~
Clocks = 31428235.0000000000. Resultado: [ 
2364235132737820365756719291349654143238144.000000 + 2361477028390276315769211858909031131250688.000000i + 2365704330014472015863535300905649303453696.000000j + 2360693032697427058459885106777295635349504.000000k ]

 Processor clock rate = 2195.1 MHz
~~~~~~~~~ ITERACCION 1 ~~~~~~~~~
Clocks = 29364938.0000000000. Resultado: [ 
2364235132737820365756719291349654143238144.000000 + 2361477028390276315769211858909031131250688.000000i + 2365704330014472015863535300905649303453696.000000j + 2360693032697427058459885106777295635349504.000000k ]

 Processor clock rate = 2195.1 MHz
~~~~~~~~~ ITERACCION 2 ~~~~~~~~~
Clocks = 26167632.0000000000. Resultado: [ 
2364235132737820365756719291349654143238144.000000 + 2361477028390276315769211858909031131250688.000000i + 2365704330014472015863535300905649303453696.000000j + 2360693032697427058459885106777295635349504.000000k ]

 Processor clock rate = 2195.1 MHz
~~~~~~~~~ ITERACCION 3 ~~~~~~~~~
Clocks = 32762555.0000000000. Resultado: [ 
2364235132737820365756719291349654143238144.000000 + 2361477028390276315769211858909031131250688.000000i + 2365704330014472015863535300905649303453696.000000j + 2360693032697427058459885106777295635349504.000000k ]

 Processor clock rate = 2195.1 MHz
~~~~~~~~~ ITERACCION 4 ~~~~~~~~~
Clocks = 26177867.0000000000. Resultado: [ 
2364235132737820365756719291349654143238144.000000 + 2361477028390276315769211858909031131250688.000000i + 2365704330014472015863535300905649303453696.000000j + 2360693032697427058459885106777295635349504.000000k ]

 Processor clock rate = 2195.1 MHz
~~~~~~~~~ ITERACCION 5 ~~~~~~~~~
Clocks = 25211514.0000000000. Resultado: [ 
2364235132737820365756719291349654143238144.000000 + 2361477028390276315769211858909031131250688.000000i + 2365704330014472015863535300905649303453696.000000j + 2360693032697427058459885106777295635349504.000000k ]

 Processor clock rate = 2195.0 MHz
~~~~~~~~~ ITERACCION 6 ~~~~~~~~~
Clocks = 31903984.0000000000. Resultado: [ 
2364235132737820365756719291349654143238144.000000 + 2361477028390276315769211858909031131250688.000000i + 2365704330014472015863535300905649303453696.000000j + 2360693032697427058459885106777295635349504.000000k ]

 Processor clock rate = 2195.1 MHz
~~~~~~~~~ ITERACCION 7 ~~~~~~~~~
Clocks = 31636310.0000000000. Resultado: [ 
2364235132737820365756719291349654143238144.000000 + 2361477028390276315769211858909031131250688.000000i + 2365704330014472015863535300905649303453696.000000j + 2360693032697427058459885106777295635349504.000000k ]

 Processor clock rate = 2195.0 MHz
~~~~~~~~~ ITERACCION 8 ~~~~~~~~~
Clocks = 25508600.0000000000. Resultado: [ 
2364235132737820365756719291349654143238144.000000 + 2361477028390276315769211858909031131250688.000000i + 2365704330014472015863535300905649303453696.000000j + 2360693032697427058459885106777295635349504.000000k ]

 Processor clock rate = 2195.1 MHz
~~~~~~~~~ ITERACCION 9 ~~~~~~~~~
Clocks = 27723881.0000000000. Resultado: [ 
2364235132737820365756719291349654143238144.000000 + 2361477028390276315769211858909031131250688.000000i + 2365704330014472015863535300905649303453696.000000j + 2360693032697427058459885106777295635349504.000000k ]

 Processor clock rate = 2195.1 MHz
