#################    Q = 0  F = 2     #################
~~~~~~~~~ ITERACCION 0 ~~~~~~~~~
Clocks = 1167248.0000000000. Resultado: [ 
-1911695871301542035214960353550234812416.000000 + 
-1207491206572678888660218681781500510208.000000i + 
-1191822647415031945213167250031935225856.000000j + 
-1081582932234912960950208653184961871872.000000k ]

 Processor clock rate = 2195.2 MHz
~~~~~~~~~ ITERACCION 1 ~~~~~~~~~
Clocks = 576422.0000000000. Resultado: [ 
-1911695871301541732983505449892941135872.000000 + 
-1207491206572678888660218681781500510208.000000i + 
-1191822647415031945213167250031935225856.000000j + 
-1081582932234912960950208653184961871872.000000k ]

 Processor clock rate = 2195.1 MHz
~~~~~~~~~ ITERACCION 2 ~~~~~~~~~
Clocks = 13377777.0000000000. Resultado: [ 
-1911695871301542035214960353550234812416.000000 + 
-1207491206572679039775946133610147348480.000000i + 
-1191822647415031945213167250031935225856.000000j + 
-1081582932234912960950208653184961871872.000000k ]

 Processor clock rate = 2195.1 MHz
~~~~~~~~~ ITERACCION 3 ~~~~~~~~~
Clocks = 1557328.0000000000. Resultado: [ 
-1911695871301541732983505449892941135872.000000 + 
-1207491206572678888660218681781500510208.000000i + 
-1191822647415031945213167250031935225856.000000j + 
-1081582932234912960950208653184961871872.000000k ]

 Processor clock rate = 2195.1 MHz
~~~~~~~~~ ITERACCION 4 ~~~~~~~~~
Clocks = 224728.0000000000. Resultado: [ 
-1911695871301541732983505449892941135872.000000 + 
-1207491206572678888660218681781500510208.000000i + 
-1191822647415031945213167250031935225856.000000j + 
-1081582932234912960950208653184961871872.000000k ]

 Processor clock rate = 2195.2 MHz
~~~~~~~~~ ITERACCION 5 ~~~~~~~~~
Clocks = 26076055.0000000000. Resultado: [ 
-1911695871301541732983505449892941135872.000000 + 
-1207491206572678888660218681781500510208.000000i + 
-1191822647415031794097439798203288387584.000000j + 
-1081582932234912960950208653184961871872.000000k ]

 Processor clock rate = 2195.1 MHz
~~~~~~~~~ ITERACCION 6 ~~~~~~~~~
Clocks = 4012101.0000000000. Resultado: [ 
-1911695871301542035214960353550234812416.000000 + 
-1207491206572679039775946133610147348480.000000i + 
-1191822647415031945213167250031935225856.000000j + 
-1081582932234912960950208653184961871872.000000k ]

 Processor clock rate = 2195.1 MHz
~~~~~~~~~ ITERACCION 7 ~~~~~~~~~
Clocks = 1547066.0000000000. Resultado: [ 
-1911695871301542035214960353550234812416.000000 + 
-1207491206572678888660218681781500510208.000000i + 
-1191822647415031945213167250031935225856.000000j + 
-1081582932234912960950208653184961871872.000000k ]

 Processor clock rate = 2195.1 MHz
~~~~~~~~~ ITERACCION 8 ~~~~~~~~~
Clocks = 7276834.0000000000. Resultado: [ 
-1911695871301541732983505449892941135872.000000 + 
-1207491206572678888660218681781500510208.000000i + 
-1191822647415031945213167250031935225856.000000j + 
-1081582932234912960950208653184961871872.000000k ]

 Processor clock rate = 2195.3 MHz
~~~~~~~~~ ITERACCION 9 ~~~~~~~~~
Clocks = 592680.0000000000. Resultado: [ 
-1911695871301542035214960353550234812416.000000 + 
-1207491206572679039775946133610147348480.000000i + 
-1191822647415031945213167250031935225856.000000j + 
-1081582932234912960950208653184961871872.000000k ]

 Processor clock rate = 2195.3 MHz
