#################    Q = 0  F = 1     #################
~~~~~~~~~ ITERACCION 0 ~~~~~~~~~
Clocks = 361713.0000000000. Resultado: [ 
-1911695871301542035214960353550234812416.000000 + 
-1207491206572679039775946133610147348480.000000i + 
-1191822647415032096328894701860582064128.000000j + 
-1081582932234913112065936105013608710144.000000k ]

 Processor clock rate = 2195.1 MHz
~~~~~~~~~ ITERACCION 1 ~~~~~~~~~
Clocks = 403216.0000000000. Resultado: [ 
-1911695871301542035214960353550234812416.000000 + 
-1207491206572679039775946133610147348480.000000i + 
-1191822647415032096328894701860582064128.000000j + 
-1081582932234913112065936105013608710144.000000k ]

 Processor clock rate = 2195.2 MHz
~~~~~~~~~ ITERACCION 2 ~~~~~~~~~
Clocks = 345919.0000000000. Resultado: [ 
-1911695871301542035214960353550234812416.000000 + 
-1207491206572679039775946133610147348480.000000i + 
-1191822647415032096328894701860582064128.000000j + 
-1081582932234913112065936105013608710144.000000k ]

 Processor clock rate = 2195.2 MHz
~~~~~~~~~ ITERACCION 3 ~~~~~~~~~
Clocks = 398739.0000000000. Resultado: [ 
-1911695871301542035214960353550234812416.000000 + 
-1207491206572679039775946133610147348480.000000i + 
-1191822647415032096328894701860582064128.000000j + 
-1081582932234913112065936105013608710144.000000k ]

 Processor clock rate = 2195.2 MHz
~~~~~~~~~ ITERACCION 4 ~~~~~~~~~
Clocks = 365310.0000000000. Resultado: [ 
-1911695871301542035214960353550234812416.000000 + 
-1207491206572679039775946133610147348480.000000i + 
-1191822647415032096328894701860582064128.000000j + 
-1081582932234913112065936105013608710144.000000k ]

 Processor clock rate = 2195.1 MHz
~~~~~~~~~ ITERACCION 5 ~~~~~~~~~
Clocks = 291148.0000000000. Resultado: [ 
-1911695871301542035214960353550234812416.000000 + 
-1207491206572679039775946133610147348480.000000i + 
-1191822647415032096328894701860582064128.000000j + 
-1081582932234913112065936105013608710144.000000k ]

 Processor clock rate = 2195.2 MHz
~~~~~~~~~ ITERACCION 6 ~~~~~~~~~
Clocks = 353353.0000000000. Resultado: [ 
-1911695871301542035214960353550234812416.000000 + 
-1207491206572679039775946133610147348480.000000i + 
-1191822647415032096328894701860582064128.000000j + 
-1081582932234913112065936105013608710144.000000k ]

 Processor clock rate = 2195.2 MHz
~~~~~~~~~ ITERACCION 7 ~~~~~~~~~
Clocks = 405086.0000000000. Resultado: [ 
-1911695871301542035214960353550234812416.000000 + 
-1207491206572679039775946133610147348480.000000i + 
-1191822647415032096328894701860582064128.000000j + 
-1081582932234913112065936105013608710144.000000k ]

 Processor clock rate = 2195.1 MHz
~~~~~~~~~ ITERACCION 8 ~~~~~~~~~
Clocks = 358856.0000000000. Resultado: [ 
-1911695871301542035214960353550234812416.000000 + 
-1207491206572679039775946133610147348480.000000i + 
-1191822647415032096328894701860582064128.000000j + 
-1081582932234913112065936105013608710144.000000k ]

 Processor clock rate = 2195.3 MHz
~~~~~~~~~ ITERACCION 9 ~~~~~~~~~
Clocks = 364386.0000000000. Resultado: [ 
-1911695871301542035214960353550234812416.000000 + 
-1207491206572679039775946133610147348480.000000i + 
-1191822647415032096328894701860582064128.000000j + 
-1081582932234913112065936105013608710144.000000k ]

 Processor clock rate = 2195.1 MHz
