#################    Q = 0  F = 3     #################
~~~~~~~~~ ITERACCION 0 ~~~~~~~~~
Clocks = 1009756.0000000000. Resultado: [ 
-1911695871301541430752050546235647459328.000000 + 
-1207491206572679039775946133610147348480.000000i + 
-1191822647415031794097439798203288387584.000000j + 
-1081582932234913112065936105013608710144.000000k ]

 Processor clock rate = 2195.1 MHz
~~~~~~~~~ ITERACCION 1 ~~~~~~~~~
Clocks = 919966.0000000000. Resultado: [ 
-1911695871301541430752050546235647459328.000000 + 
-1207491206572679039775946133610147348480.000000i + 
-1191822647415031794097439798203288387584.000000j + 
-1081582932234913112065936105013608710144.000000k ]

 Processor clock rate = 2195.2 MHz
~~~~~~~~~ ITERACCION 2 ~~~~~~~~~
Clocks = 1118876.0000000000. Resultado: [ 
-1911695871301542035214960353550234812416.000000 + 
-1207491206572679039775946133610147348480.000000i + 
-1191822647415031794097439798203288387584.000000j + 
-1081582932234912960950208653184961871872.000000k ]

 Processor clock rate = 2195.2 MHz
~~~~~~~~~ ITERACCION 3 ~~~~~~~~~
Clocks = 1194523.0000000000. Resultado: [ 
-1911695871301541732983505449892941135872.000000 + 
-1207491206572679039775946133610147348480.000000i + 
-1191822647415031945213167250031935225856.000000j + 
-1081582932234913112065936105013608710144.000000k ]

 Processor clock rate = 2195.1 MHz
~~~~~~~~~ ITERACCION 4 ~~~~~~~~~
Clocks = 467940.0000000000. Resultado: [ 
-1911695871301541732983505449892941135872.000000 + 
-1207491206572678888660218681781500510208.000000i + 
-1191822647415031945213167250031935225856.000000j + 
-1081582932234913112065936105013608710144.000000k ]

 Processor clock rate = 2195.3 MHz
~~~~~~~~~ ITERACCION 5 ~~~~~~~~~
Clocks = 1141629.0000000000. Resultado: [ 
-1911695871301541430752050546235647459328.000000 + 
-1207491206572679039775946133610147348480.000000i + 
-1191822647415031794097439798203288387584.000000j + 
-1081582932234912960950208653184961871872.000000k ]

 Processor clock rate = 2195.1 MHz
~~~~~~~~~ ITERACCION 6 ~~~~~~~~~
Clocks = 1033744.0000000000. Resultado: [ 
-1911695871301541430752050546235647459328.000000 + 
-1207491206572679039775946133610147348480.000000i + 
-1191822647415031945213167250031935225856.000000j + 
-1081582932234913112065936105013608710144.000000k ]

 Processor clock rate = 2195.2 MHz
~~~~~~~~~ ITERACCION 7 ~~~~~~~~~
Clocks = 965540.0000000000. Resultado: [ 
-1911695871301541430752050546235647459328.000000 + 
-1207491206572679039775946133610147348480.000000i + 
-1191822647415031794097439798203288387584.000000j + 
-1081582932234912960950208653184961871872.000000k ]

 Processor clock rate = 2195.1 MHz
~~~~~~~~~ ITERACCION 8 ~~~~~~~~~
Clocks = 1284789.0000000000. Resultado: [ 
-1911695871301541430752050546235647459328.000000 + 
-1207491206572679039775946133610147348480.000000i + 
-1191822647415031794097439798203288387584.000000j + 
-1081582932234913112065936105013608710144.000000k ]

 Processor clock rate = 2195.2 MHz
~~~~~~~~~ ITERACCION 9 ~~~~~~~~~
Clocks = 1141602.0000000000. Resultado: [ 
-1911695871301541732983505449892941135872.000000 + 
-1207491206572679039775946133610147348480.000000i + 
-1191822647415031794097439798203288387584.000000j + 
-1081582932234913112065936105013608710144.000000k ]

 Processor clock rate = 2195.2 MHz
