#################    Q = 2  F = 2     #################
~~~~~~~~~ ITERACCION 0 ~~~~~~~~~
Clocks = 41274273.0000000000. Resultado: [ 
-18890077698995428190698826860659325769089024.000000 + 
-10612898355504435322534838572659315184762880.000000i + 
-10636984505929005414168099687990697903783936.000000j + 
-10638962771876051760296709958039935414960128.000000k ]

 Processor clock rate = 2195.3 MHz
~~~~~~~~~ ITERACCION 1 ~~~~~~~~~
Clocks = 43731124.0000000000. Resultado: [ 
-18890077698995428190698826860659325769089024.000000 + 
-10612898355504435322534838572659315184762880.000000i + 
-10636984505929005414168099687990697903783936.000000j + 
-10638962771876051760296709958039935414960128.000000k ]

 Processor clock rate = 2195.3 MHz
~~~~~~~~~ ITERACCION 2 ~~~~~~~~~
Clocks = 45568205.0000000000. Resultado: [ 
-18890077698995428190698826860659325769089024.000000 + 
-10612898355504435322534838572659315184762880.000000i + 
-10636984505929005414168099687990697903783936.000000j + 
-10638962771876051760296709958039935414960128.000000k ]

 Processor clock rate = 2195.3 MHz
~~~~~~~~~ ITERACCION 3 ~~~~~~~~~
Clocks = 45552617.0000000000. Resultado: [ 
-18890077698995428190698826860659325769089024.000000 + 
-10612898355504435322534838572659315184762880.000000i + 
-10636984505929005414168099687990697903783936.000000j + 
-10638962771876051760296709958039935414960128.000000k ]

 Processor clock rate = 2195.3 MHz
~~~~~~~~~ ITERACCION 4 ~~~~~~~~~
Clocks = 45475104.0000000000. Resultado: [ 
-18890077698995428190698826860659325769089024.000000 + 
-10612898355504435322534838572659315184762880.000000i + 
-10636984505929005414168099687990697903783936.000000j + 
-10638962771876051760296709958039935414960128.000000k ]

 Processor clock rate = 2195.2 MHz
~~~~~~~~~ ITERACCION 5 ~~~~~~~~~
Clocks = 43327680.0000000000. Resultado: [ 
-18890077698995428190698826860659325769089024.000000 + 
-10612898355504435322534838572659315184762880.000000i + 
-10636984505929005414168099687990697903783936.000000j + 
-10638962771876051760296709958039935414960128.000000k ]

 Processor clock rate = 2195.2 MHz
~~~~~~~~~ ITERACCION 6 ~~~~~~~~~
Clocks = 44052688.0000000000. Resultado: [ 
-18890077698995428190698826860659325769089024.000000 + 
-10612898355504435322534838572659315184762880.000000i + 
-10636984505929005414168099687990697903783936.000000j + 
-10638962771876051760296709958039935414960128.000000k ]

 Processor clock rate = 2195.2 MHz
~~~~~~~~~ ITERACCION 7 ~~~~~~~~~
Clocks = 82908148.0000000000. Resultado: [ 
-18890077698995428190698826860659325769089024.000000 + 
-10612898355504435322534838572659315184762880.000000i + 
-10636984505929005414168099687990697903783936.000000j + 
-10638962771876051760296709958039935414960128.000000k ]

 Processor clock rate = 2195.2 MHz
~~~~~~~~~ ITERACCION 8 ~~~~~~~~~
Clocks = 47083032.0000000000. Resultado: [ 
-18890077698995428190698826860659325769089024.000000 + 
-10612898355504435322534838572659315184762880.000000i + 
-10636984505929006652108138973370972802908160.000000j + 
-10638962771876051760296709958039935414960128.000000k ]

 Processor clock rate = 2195.1 MHz
~~~~~~~~~ ITERACCION 9 ~~~~~~~~~
Clocks = 42605634.0000000000. Resultado: [ 
-18890077698995428190698826860659325769089024.000000 + 
-10612898355504435322534838572659315184762880.000000i + 
-10636984505929005414168099687990697903783936.000000j + 
-10638962771876051760296709958039935414960128.000000k ]

 Processor clock rate = 2195.2 MHz
