#################    Q = 2  F = 4     #################
~~~~~~~~~ ITERACCION 0 ~~~~~~~~~
Clocks = 43216709.0000000000. Resultado: [ 
-18890077698995623785225033950742759830716416.000000 + 
-10612898355504458843395584994884538268123136.000000i + 
-10636984505928967038026881841202176030932992.000000j + 
-10638962771876201551041463489053198208991232.000000k ]

 Processor clock rate = 2195.3 MHz
~~~~~~~~~ ITERACCION 1 ~~~~~~~~~
Clocks = 40845977.0000000000. Resultado: [ 
-18890077698995626261105112521503309628964864.000000 + 
-10612898355504462557215702851025362965495808.000000i + 
-10636984505928967038026881841202176030932992.000000j + 
-10638962771876201551041463489053198208991232.000000k ]

 Processor clock rate = 2195.1 MHz
~~~~~~~~~ ITERACCION 2 ~~~~~~~~~
Clocks = 40965448.0000000000. Resultado: [ 
-18890077698995626261105112521503309628964864.000000 + 
-10612898355504460081335624280264813167247360.000000i + 
-10636984505928965800086842555821901131808768.000000j + 
-10638962771876201551041463489053198208991232.000000k ]

 Processor clock rate = 2195.1 MHz
~~~~~~~~~ ITERACCION 3 ~~~~~~~~~
Clocks = 42781766.0000000000. Resultado: [ 
-18890077698995621309344955379982210032467968.000000 + 
-10612898355504462557215702851025362965495808.000000i + 
-10636984505928965800086842555821901131808768.000000j + 
-10638962771876201551041463489053198208991232.000000k ]

 Processor clock rate = 2195.2 MHz
~~~~~~~~~ ITERACCION 4 ~~~~~~~~~
Clocks = 41873752.0000000000. Resultado: [ 
-18890077698995621309344955379982210032467968.000000 + 
-10612898355504462557215702851025362965495808.000000i + 
-10636984505928965800086842555821901131808768.000000j + 
-10638962771876201551041463489053198208991232.000000k ]

 Processor clock rate = 2195.1 MHz
~~~~~~~~~ ITERACCION 5 ~~~~~~~~~
Clocks = 46734078.0000000000. Resultado: [ 
-18890077698995623785225033950742759830716416.000000 + 
-10612898355504462557215702851025362965495808.000000i + 
-10636984505928965800086842555821901131808768.000000j + 
-10638962771876200313101424203672923309867008.000000k ]

 Processor clock rate = 2195.1 MHz
~~~~~~~~~ ITERACCION 6 ~~~~~~~~~
Clocks = 50047191.0000000000. Resultado: [ 
-18890077698995623785225033950742759830716416.000000 + 
-10612898355504461319275663565645088066371584.000000i + 
-10636984505928965800086842555821901131808768.000000j + 
-10638962771876202788981502774433473108115456.000000k ]

 Processor clock rate = 2195.3 MHz
~~~~~~~~~ ITERACCION 7 ~~~~~~~~~
Clocks = 45763892.0000000000. Resultado: [ 
-18890077698995621309344955379982210032467968.000000 + 
-10612898355504460081335624280264813167247360.000000i + 
-10636984505928965800086842555821901131808768.000000j + 
-10638962771876201551041463489053198208991232.000000k ]

 Processor clock rate = 2195.1 MHz
~~~~~~~~~ ITERACCION 8 ~~~~~~~~~
Clocks = 41352216.0000000000. Resultado: [ 
-18890077698995626261105112521503309628964864.000000 + 
-10612898355504461319275663565645088066371584.000000i + 
-10636984505928965800086842555821901131808768.000000j + 
-10638962771876202788981502774433473108115456.000000k ]

 Processor clock rate = 2195.1 MHz
~~~~~~~~~ ITERACCION 9 ~~~~~~~~~
Clocks = 50667338.0000000000. Resultado: [ 
-18890077698995621309344955379982210032467968.000000 + 
-10612898355504462557215702851025362965495808.000000i + 
-10636984505928964562146803270441626232684544.000000j + 
-10638962771876201551041463489053198208991232.000000k ]

 Processor clock rate = 2195.1 MHz
