#################    Q = 2  F = 0     #################
~~~~~~~~~ ITERACCION 0 ~~~~~~~~~
Clocks = 75455867.0000000000. Resultado: [ 
-18890077698996356645728290895865500112257024.000000 + 
-10612898355504602444440142098996426566533120.000000i + 
-10636984505928596893955135512499981192790016.000000j + 
-10638962771876418190548338430601305555730432.000000k ]

 Processor clock rate = 2195.3 MHz
~~~~~~~~~ ITERACCION 1 ~~~~~~~~~
Clocks = 75105099.0000000000. Resultado: [ 
-18890077698996356645728290895865500112257024.000000 + 
-10612898355504602444440142098996426566533120.000000i + 
-10636984505928596893955135512499981192790016.000000j + 
-10638962771876418190548338430601305555730432.000000k ]

 Processor clock rate = 2195.3 MHz
~~~~~~~~~ ITERACCION 2 ~~~~~~~~~
Clocks = 75159219.0000000000. Resultado: [ 
-18890077698996356645728290895865500112257024.000000 + 
-10612898355504602444440142098996426566533120.000000i + 
-10636984505928596893955135512499981192790016.000000j + 
-10638962771876418190548338430601305555730432.000000k ]

 Processor clock rate = 2195.3 MHz
~~~~~~~~~ ITERACCION 3 ~~~~~~~~~
Clocks = 75083676.0000000000. Resultado: [ 
-18890077698996356645728290895865500112257024.000000 + 
-10612898355504602444440142098996426566533120.000000i + 
-10636984505928596893955135512499981192790016.000000j + 
-10638962771876418190548338430601305555730432.000000k ]

 Processor clock rate = 2195.3 MHz
~~~~~~~~~ ITERACCION 4 ~~~~~~~~~
Clocks = 74770338.0000000000. Resultado: [ 
-18890077698996356645728290895865500112257024.000000 + 
-10612898355504602444440142098996426566533120.000000i + 
-10636984505928596893955135512499981192790016.000000j + 
-10638962771876418190548338430601305555730432.000000k ]

 Processor clock rate = 2195.2 MHz
~~~~~~~~~ ITERACCION 5 ~~~~~~~~~
Clocks = 76323817.0000000000. Resultado: [ 
-18890077698996356645728290895865500112257024.000000 + 
-10612898355504602444440142098996426566533120.000000i + 
-10636984505928596893955135512499981192790016.000000j + 
-10638962771876418190548338430601305555730432.000000k ]

 Processor clock rate = 2195.2 MHz
~~~~~~~~~ ITERACCION 6 ~~~~~~~~~
Clocks = 78687895.0000000000. Resultado: [ 
-18890077698996356645728290895865500112257024.000000 + 
-10612898355504602444440142098996426566533120.000000i + 
-10636984505928596893955135512499981192790016.000000j + 
-10638962771876418190548338430601305555730432.000000k ]

 Processor clock rate = 2195.3 MHz
~~~~~~~~~ ITERACCION 7 ~~~~~~~~~
Clocks = 75363218.0000000000. Resultado: [ 
-18890077698996356645728290895865500112257024.000000 + 
-10612898355504602444440142098996426566533120.000000i + 
-10636984505928596893955135512499981192790016.000000j + 
-10638962771876418190548338430601305555730432.000000k ]

 Processor clock rate = 2195.1 MHz
~~~~~~~~~ ITERACCION 8 ~~~~~~~~~
Clocks = 75869425.0000000000. Resultado: [ 
-18890077698996356645728290895865500112257024.000000 + 
-10612898355504602444440142098996426566533120.000000i + 
-10636984505928596893955135512499981192790016.000000j + 
-10638962771876418190548338430601305555730432.000000k ]

 Processor clock rate = 2195.2 MHz
~~~~~~~~~ ITERACCION 9 ~~~~~~~~~
Clocks = 74975727.0000000000. Resultado: [ 
-18890077698996356645728290895865500112257024.000000 + 
-10612898355504602444440142098996426566533120.000000i + 
-10636984505928596893955135512499981192790016.000000j + 
-10638962771876418190548338430601305555730432.000000k ]

 Processor clock rate = 2195.3 MHz
