#################    Q = 2  F = 3     #################
~~~~~~~~~ ITERACCION 0 ~~~~~~~~~
Clocks = 41477024.0000000000. Resultado: [ 
-18890077698995626261105112521503309628964864.000000 + 
-10612898355504515788637392122377183627837440.000000i + 
-10636984505928849433723149730076060614131712.000000j + 
-10638962771876076519097495665645433397444608.000000k ]

 Processor clock rate = 2195.3 MHz
~~~~~~~~~ ITERACCION 1 ~~~~~~~~~
Clocks = 51397018.0000000000. Resultado: [ 
-18890077698995626261105112521503309628964864.000000 + 
-10612898355504515788637392122377183627837440.000000i + 
-10636984505928849433723149730076060614131712.000000j + 
-10638962771876076519097495665645433397444608.000000k ]

 Processor clock rate = 2195.1 MHz
~~~~~~~~~ ITERACCION 2 ~~~~~~~~~
Clocks = 58795619.0000000000. Resultado: [ 
-18890077698995626261105112521503309628964864.000000 + 
-10612898355504515788637392122377183627837440.000000i + 
-10636984505928848195783110444695785715007488.000000j + 
-10638962771876076519097495665645433397444608.000000k ]

 Processor clock rate = 2195.3 MHz
~~~~~~~~~ ITERACCION 3 ~~~~~~~~~
Clocks = 42411863.0000000000. Resultado: [ 
-18890077698995626261105112521503309628964864.000000 + 
-10612898355504514550697352836996908728713216.000000i + 
-10636984505928849433723149730076060614131712.000000j + 
-10638962771876076519097495665645433397444608.000000k ]

 Processor clock rate = 2195.2 MHz
~~~~~~~~~ ITERACCION 4 ~~~~~~~~~
Clocks = 43739322.0000000000. Resultado: [ 
-18890077698995626261105112521503309628964864.000000 + 
-10612898355504515788637392122377183627837440.000000i + 
-10636984505928849433723149730076060614131712.000000j + 
-10638962771876076519097495665645433397444608.000000k ]

 Processor clock rate = 2195.1 MHz
~~~~~~~~~ ITERACCION 5 ~~~~~~~~~
Clocks = 40951879.0000000000. Resultado: [ 
-18890077698995628736985191092263859427213312.000000 + 
-10612898355504515788637392122377183627837440.000000i + 
-10636984505928849433723149730076060614131712.000000j + 
-10638962771876076519097495665645433397444608.000000k ]

 Processor clock rate = 2195.3 MHz
~~~~~~~~~ ITERACCION 6 ~~~~~~~~~
Clocks = 40657610.0000000000. Resultado: [ 
-18890077698995626261105112521503309628964864.000000 + 
-10612898355504514550697352836996908728713216.000000i + 
-10636984505928849433723149730076060614131712.000000j + 
-10638962771876076519097495665645433397444608.000000k ]

 Processor clock rate = 2195.2 MHz
~~~~~~~~~ ITERACCION 7 ~~~~~~~~~
Clocks = 40979576.0000000000. Resultado: [ 
-18890077698995626261105112521503309628964864.000000 + 
-10612898355504515788637392122377183627837440.000000i + 
-10636984505928848195783110444695785715007488.000000j + 
-10638962771876076519097495665645433397444608.000000k ]

 Processor clock rate = 2195.3 MHz
~~~~~~~~~ ITERACCION 8 ~~~~~~~~~
Clocks = 40701908.0000000000. Resultado: [ 
-18890077698995626261105112521503309628964864.000000 + 
-10612898355504515788637392122377183627837440.000000i + 
-10636984505928849433723149730076060614131712.000000j + 
-10638962771876076519097495665645433397444608.000000k ]

 Processor clock rate = 2195.2 MHz
~~~~~~~~~ ITERACCION 9 ~~~~~~~~~
Clocks = 51332672.0000000000. Resultado: [ 
-18890077698995626261105112521503309628964864.000000 + 
-10612898355504514550697352836996908728713216.000000i + 
-10636984505928849433723149730076060614131712.000000j + 
-10638962771876076519097495665645433397444608.000000k ]

 Processor clock rate = 2195.3 MHz
