#################    Q = 2  F = 1     #################
~~~~~~~~~ ITERACCION 0 ~~~~~~~~~
Clocks = 44530076.0000000000. Resultado: [ 
-18890077698995457901259769709785923348070400.000000 + 
-10612898355504661865562027797249621724495872.000000i + 
-10636984505929090832030810379229665943355392.000000j + 
-10638962771876267161863545614207767862575104.000000k ]

 Processor clock rate = 2195.1 MHz
~~~~~~~~~ ITERACCION 1 ~~~~~~~~~
Clocks = 40751068.0000000000. Resultado: [ 
-18890077698995457901259769709785923348070400.000000 + 
-10612898355504661865562027797249621724495872.000000i + 
-10636984505929090832030810379229665943355392.000000j + 
-10638962771876267161863545614207767862575104.000000k ]

 Processor clock rate = 2195.1 MHz
~~~~~~~~~ ITERACCION 2 ~~~~~~~~~
Clocks = 40562753.0000000000. Resultado: [ 
-18890077698995457901259769709785923348070400.000000 + 
-10612898355504661865562027797249621724495872.000000i + 
-10636984505929090832030810379229665943355392.000000j + 
-10638962771876267161863545614207767862575104.000000k ]

 Processor clock rate = 2195.3 MHz
~~~~~~~~~ ITERACCION 3 ~~~~~~~~~
Clocks = 44442864.0000000000. Resultado: [ 
-18890077698995457901259769709785923348070400.000000 + 
-10612898355504661865562027797249621724495872.000000i + 
-10636984505929090832030810379229665943355392.000000j + 
-10638962771876267161863545614207767862575104.000000k ]

 Processor clock rate = 2195.3 MHz
~~~~~~~~~ ITERACCION 4 ~~~~~~~~~
Clocks = 41652397.0000000000. Resultado: [ 
-18890077698995457901259769709785923348070400.000000 + 
-10612898355504661865562027797249621724495872.000000i + 
-10636984505929090832030810379229665943355392.000000j + 
-10638962771876267161863545614207767862575104.000000k ]

 Processor clock rate = 2195.2 MHz
~~~~~~~~~ ITERACCION 5 ~~~~~~~~~
Clocks = 40875803.0000000000. Resultado: [ 
-18890077698995457901259769709785923348070400.000000 + 
-10612898355504661865562027797249621724495872.000000i + 
-10636984505929090832030810379229665943355392.000000j + 
-10638962771876267161863545614207767862575104.000000k ]

 Processor clock rate = 2195.1 MHz
~~~~~~~~~ ITERACCION 6 ~~~~~~~~~
Clocks = 49133219.0000000000. Resultado: [ 
-18890077698995457901259769709785923348070400.000000 + 
-10612898355504661865562027797249621724495872.000000i + 
-10636984505929090832030810379229665943355392.000000j + 
-10638962771876267161863545614207767862575104.000000k ]

 Processor clock rate = 2195.1 MHz
~~~~~~~~~ ITERACCION 7 ~~~~~~~~~
Clocks = 40533034.0000000000. Resultado: [ 
-18890077698995457901259769709785923348070400.000000 + 
-10612898355504661865562027797249621724495872.000000i + 
-10636984505929090832030810379229665943355392.000000j + 
-10638962771876267161863545614207767862575104.000000k ]

 Processor clock rate = 2195.2 MHz
~~~~~~~~~ ITERACCION 8 ~~~~~~~~~
Clocks = 41182840.0000000000. Resultado: [ 
-18890077698995457901259769709785923348070400.000000 + 
-10612898355504661865562027797249621724495872.000000i + 
-10636984505929090832030810379229665943355392.000000j + 
-10638962771876267161863545614207767862575104.000000k ]

 Processor clock rate = 2195.2 MHz
~~~~~~~~~ ITERACCION 9 ~~~~~~~~~
Clocks = 40717033.0000000000. Resultado: [ 
-18890077698995457901259769709785923348070400.000000 + 
-10612898355504661865562027797249621724495872.000000i + 
-10636984505929090832030810379229665943355392.000000j + 
-10638962771876267161863545614207767862575104.000000k ]

 Processor clock rate = 2195.2 MHz
