#################    Q = 0  F = 0     #################
~~~~~~~~~ ITERACCION 0 ~~~~~~~~~
Clocks = 42856.0000000000. Resultado: [ 
-1911695871301542941909325064522115842048.000000 + 
-1207491206572679190891673585438794186752.000000i + 
-1191822647415032096328894701860582064128.000000j + 
-1081582932234912960950208653184961871872.000000k ]

 Processor clock rate = 2195.1 MHz
~~~~~~~~~ ITERACCION 1 ~~~~~~~~~
Clocks = 75797.0000000000. Resultado: [ 
-1911695871301542941909325064522115842048.000000 + 
-1207491206572679190891673585438794186752.000000i + 
-1191822647415032096328894701860582064128.000000j + 
-1081582932234912960950208653184961871872.000000k ]

 Processor clock rate = 2195.1 MHz
~~~~~~~~~ ITERACCION 2 ~~~~~~~~~
Clocks = 43707.0000000000. Resultado: [ 
-1911695871301542941909325064522115842048.000000 + 
-1207491206572679190891673585438794186752.000000i + 
-1191822647415032096328894701860582064128.000000j + 
-1081582932234912960950208653184961871872.000000k ]

 Processor clock rate = 2195.2 MHz
~~~~~~~~~ ITERACCION 3 ~~~~~~~~~
Clocks = 75962.0000000000. Resultado: [ 
-1911695871301542941909325064522115842048.000000 + 
-1207491206572679190891673585438794186752.000000i + 
-1191822647415032096328894701860582064128.000000j + 
-1081582932234912960950208653184961871872.000000k ]

 Processor clock rate = 2195.0 MHz
~~~~~~~~~ ITERACCION 4 ~~~~~~~~~
Clocks = 53030.0000000000. Resultado: [ 
-1911695871301542941909325064522115842048.000000 + 
-1207491206572679190891673585438794186752.000000i + 
-1191822647415032096328894701860582064128.000000j + 
-1081582932234912960950208653184961871872.000000k ]

 Processor clock rate = 2195.2 MHz
~~~~~~~~~ ITERACCION 5 ~~~~~~~~~
Clocks = 66440.0000000000. Resultado: [ 
-1911695871301542941909325064522115842048.000000 + 
-1207491206572679190891673585438794186752.000000i + 
-1191822647415032096328894701860582064128.000000j + 
-1081582932234912960950208653184961871872.000000k ]

 Processor clock rate = 2195.1 MHz
~~~~~~~~~ ITERACCION 6 ~~~~~~~~~
Clocks = 87021.0000000000. Resultado: [ 
-1911695871301542941909325064522115842048.000000 + 
-1207491206572679190891673585438794186752.000000i + 
-1191822647415032096328894701860582064128.000000j + 
-1081582932234912960950208653184961871872.000000k ]

 Processor clock rate = 2195.1 MHz
~~~~~~~~~ ITERACCION 7 ~~~~~~~~~
Clocks = 46904.0000000000. Resultado: [ 
-1911695871301542941909325064522115842048.000000 + 
-1207491206572679190891673585438794186752.000000i + 
-1191822647415032096328894701860582064128.000000j + 
-1081582932234912960950208653184961871872.000000k ]

 Processor clock rate = 2195.1 MHz
~~~~~~~~~ ITERACCION 8 ~~~~~~~~~
Clocks = 69110.0000000000. Resultado: [ 
-1911695871301542941909325064522115842048.000000 + 
-1207491206572679190891673585438794186752.000000i + 
-1191822647415032096328894701860582064128.000000j + 
-1081582932234912960950208653184961871872.000000k ]

 Processor clock rate = 2195.1 MHz
~~~~~~~~~ ITERACCION 9 ~~~~~~~~~
Clocks = 97021.0000000000. Resultado: [ 
-1911695871301542941909325064522115842048.000000 + 
-1207491206572679190891673585438794186752.000000i + 
-1191822647415032096328894701860582064128.000000j + 
-1081582932234912960950208653184961871872.000000k ]

 Processor clock rate = 2195.1 MHz
