#################    Q = 0  F = 4     #################
~~~~~~~~~ ITERACCION 0 ~~~~~~~~~
Clocks = 2118510.0000000000. Resultado: [ 
-1911695871301542941909325064522115842048.000000 + 
-1207491206572679190891673585438794186752.000000i + 
-1191822647415032096328894701860582064128.000000j + 
-1081582932234912960950208653184961871872.000000k ]

 Processor clock rate = 2195.1 MHz
~~~~~~~~~ ITERACCION 1 ~~~~~~~~~
Clocks = 1075200.0000000000. Resultado: [ 
-1911695871301542941909325064522115842048.000000 + 
-1207491206572679190891673585438794186752.000000i + 
-1191822647415032096328894701860582064128.000000j + 
-1081582932234912960950208653184961871872.000000k ]

 Processor clock rate = 2195.1 MHz
~~~~~~~~~ ITERACCION 2 ~~~~~~~~~
Clocks = 557592.0000000000. Resultado: [ 
-1911695871301542941909325064522115842048.000000 + 
-1207491206572679190891673585438794186752.000000i + 
-1191822647415032096328894701860582064128.000000j + 
-1081582932234912960950208653184961871872.000000k ]

 Processor clock rate = 2195.2 MHz
~~~~~~~~~ ITERACCION 3 ~~~~~~~~~
Clocks = 1027594.0000000000. Resultado: [ 
-1911695871301542941909325064522115842048.000000 + 
-1207491206572679190891673585438794186752.000000i + 
-1191822647415032096328894701860582064128.000000j + 
-1081582932234912960950208653184961871872.000000k ]

 Processor clock rate = 2195.1 MHz
~~~~~~~~~ ITERACCION 4 ~~~~~~~~~
Clocks = 1962892.0000000000. Resultado: [ 
-1911695871301542941909325064522115842048.000000 + 
-1207491206572679190891673585438794186752.000000i + 
-1191822647415032096328894701860582064128.000000j + 
-1081582932234912960950208653184961871872.000000k ]

 Processor clock rate = 2195.1 MHz
~~~~~~~~~ ITERACCION 5 ~~~~~~~~~
Clocks = 1724472.0000000000. Resultado: [ 
-1911695871301542941909325064522115842048.000000 + 
-1207491206572679190891673585438794186752.000000i + 
-1191822647415032096328894701860582064128.000000j + 
-1081582932234912960950208653184961871872.000000k ]

 Processor clock rate = 2195.1 MHz
~~~~~~~~~ ITERACCION 6 ~~~~~~~~~
Clocks = 682923.0000000000. Resultado: [ 
-1911695871301542941909325064522115842048.000000 + 
-1207491206572679190891673585438794186752.000000i + 
-1191822647415032096328894701860582064128.000000j + 
-1081582932234912960950208653184961871872.000000k ]

 Processor clock rate = 2195.1 MHz
~~~~~~~~~ ITERACCION 7 ~~~~~~~~~
Clocks = 981314.0000000000. Resultado: [ 
-1911695871301542941909325064522115842048.000000 + 
-1207491206572679190891673585438794186752.000000i + 
-1191822647415032096328894701860582064128.000000j + 
-1081582932234912960950208653184961871872.000000k ]

 Processor clock rate = 2195.1 MHz
~~~~~~~~~ ITERACCION 8 ~~~~~~~~~
Clocks = 1435182.0000000000. Resultado: [ 
-1911695871301542941909325064522115842048.000000 + 
-1207491206572679190891673585438794186752.000000i + 
-1191822647415032096328894701860582064128.000000j + 
-1081582932234912960950208653184961871872.000000k ]

 Processor clock rate = 2195.1 MHz
~~~~~~~~~ ITERACCION 9 ~~~~~~~~~
Clocks = 1120872.0000000000. Resultado: [ 
-1911695871301542941909325064522115842048.000000 + 
-1207491206572679190891673585438794186752.000000i + 
-1191822647415032096328894701860582064128.000000j + 
-1081582932234912960950208653184961871872.000000k ]

 Processor clock rate = 2195.1 MHz
