#################    Q = 0  F = 1     #################
~~~~~~~~~ ITERACCION 0 ~~~~~~~~~
Clocks = 351722.0000000000. Resultado: [ 
-1911695871301542941909325064522115842048.000000 + 
-1207491206572679190891673585438794186752.000000i + 
-1191822647415032096328894701860582064128.000000j + 
-1081582932234912960950208653184961871872.000000k ]

 Processor clock rate = 2195.1 MHz
~~~~~~~~~ ITERACCION 1 ~~~~~~~~~
Clocks = 368665.0000000000. Resultado: [ 
-1911695871301542941909325064522115842048.000000 + 
-1207491206572679190891673585438794186752.000000i + 
-1191822647415032096328894701860582064128.000000j + 
-1081582932234912960950208653184961871872.000000k ]

 Processor clock rate = 2195.2 MHz
~~~~~~~~~ ITERACCION 2 ~~~~~~~~~
Clocks = 292542.0000000000. Resultado: [ 
-1911695871301542941909325064522115842048.000000 + 
-1207491206572679190891673585438794186752.000000i + 
-1191822647415032096328894701860582064128.000000j + 
-1081582932234912960950208653184961871872.000000k ]

 Processor clock rate = 2195.1 MHz
~~~~~~~~~ ITERACCION 3 ~~~~~~~~~
Clocks = 274872.0000000000. Resultado: [ 
-1911695871301542941909325064522115842048.000000 + 
-1207491206572679190891673585438794186752.000000i + 
-1191822647415032096328894701860582064128.000000j + 
-1081582932234912960950208653184961871872.000000k ]

 Processor clock rate = 2195.3 MHz
~~~~~~~~~ ITERACCION 4 ~~~~~~~~~
Clocks = 259192.0000000000. Resultado: [ 
-1911695871301542941909325064522115842048.000000 + 
-1207491206572679190891673585438794186752.000000i + 
-1191822647415032096328894701860582064128.000000j + 
-1081582932234912960950208653184961871872.000000k ]

 Processor clock rate = 2195.2 MHz
~~~~~~~~~ ITERACCION 5 ~~~~~~~~~
Clocks = 282320.0000000000. Resultado: [ 
-1911695871301542941909325064522115842048.000000 + 
-1207491206572679190891673585438794186752.000000i + 
-1191822647415032096328894701860582064128.000000j + 
-1081582932234912960950208653184961871872.000000k ]

 Processor clock rate = 2195.1 MHz
~~~~~~~~~ ITERACCION 6 ~~~~~~~~~
Clocks = 188793.0000000000. Resultado: [ 
-1911695871301542941909325064522115842048.000000 + 
-1207491206572679190891673585438794186752.000000i + 
-1191822647415032096328894701860582064128.000000j + 
-1081582932234912960950208653184961871872.000000k ]

 Processor clock rate = 2195.1 MHz
~~~~~~~~~ ITERACCION 7 ~~~~~~~~~
Clocks = 243856.0000000000. Resultado: [ 
-1911695871301542941909325064522115842048.000000 + 
-1207491206572679190891673585438794186752.000000i + 
-1191822647415032096328894701860582064128.000000j + 
-1081582932234912960950208653184961871872.000000k ]

 Processor clock rate = 2195.1 MHz
~~~~~~~~~ ITERACCION 8 ~~~~~~~~~
Clocks = 146335.0000000000. Resultado: [ 
-1911695871301542941909325064522115842048.000000 + 
-1207491206572679190891673585438794186752.000000i + 
-1191822647415032096328894701860582064128.000000j + 
-1081582932234912960950208653184961871872.000000k ]

 Processor clock rate = 2195.1 MHz
~~~~~~~~~ ITERACCION 9 ~~~~~~~~~
Clocks = 212226.0000000000. Resultado: [ 
-1911695871301542941909325064522115842048.000000 + 
-1207491206572679190891673585438794186752.000000i + 
-1191822647415032096328894701860582064128.000000j + 
-1081582932234912960950208653184961871872.000000k ]

 Processor clock rate = 2195.1 MHz
