#################      Q = 0     #################
~~~~~~~~~ ITERACCION 0 ~~~~~~~~~
Clocks = 20808.0000000000.
Resultado: [ 
	-1911695871301542941909325064522115842048.000000 + 
	-1207491206572679190891673585438794186752.000000i + 
	-1191822647415032096328894701860582064128.000000j + 
	-1081582932234912960950208653184961871872.000000k ]

 Processor clock rate = 2195.1 MHz
~~~~~~~~~ ITERACCION 1 ~~~~~~~~~
Clocks = 36104.0000000000.
Resultado: [ 
	-1911695871301542941909325064522115842048.000000 + 
	-1207491206572679190891673585438794186752.000000i + 
	-1191822647415032096328894701860582064128.000000j + 
	-1081582932234912960950208653184961871872.000000k ]

 Processor clock rate = 2195.1 MHz
~~~~~~~~~ ITERACCION 2 ~~~~~~~~~
Clocks = 17236.0000000000.
Resultado: [ 
	-1911695871301542941909325064522115842048.000000 + 
	-1207491206572679190891673585438794186752.000000i + 
	-1191822647415032096328894701860582064128.000000j + 
	-1081582932234912960950208653184961871872.000000k ]

 Processor clock rate = 2195.1 MHz
~~~~~~~~~ ITERACCION 3 ~~~~~~~~~
Clocks = 21094.0000000000.
Resultado: [ 
	-1911695871301542941909325064522115842048.000000 + 
	-1207491206572679190891673585438794186752.000000i + 
	-1191822647415032096328894701860582064128.000000j + 
	-1081582932234912960950208653184961871872.000000k ]

 Processor clock rate = 2195.2 MHz
~~~~~~~~~ ITERACCION 4 ~~~~~~~~~
Clocks = 36704.0000000000.
Resultado: [ 
	-1911695871301542941909325064522115842048.000000 + 
	-1207491206572679190891673585438794186752.000000i + 
	-1191822647415032096328894701860582064128.000000j + 
	-1081582932234912960950208653184961871872.000000k ]

 Processor clock rate = 2195.2 MHz
~~~~~~~~~ ITERACCION 5 ~~~~~~~~~
Clocks = 42328.0000000000.
Resultado: [ 
	-1911695871301542941909325064522115842048.000000 + 
	-1207491206572679190891673585438794186752.000000i + 
	-1191822647415032096328894701860582064128.000000j + 
	-1081582932234912960950208653184961871872.000000k ]

 Processor clock rate = 2195.2 MHz
~~~~~~~~~ ITERACCION 6 ~~~~~~~~~
Clocks = 87505.0000000000.
Resultado: [ 
	-1911695871301542941909325064522115842048.000000 + 
	-1207491206572679190891673585438794186752.000000i + 
	-1191822647415032096328894701860582064128.000000j + 
	-1081582932234912960950208653184961871872.000000k ]

 Processor clock rate = 2195.2 MHz
~~~~~~~~~ ITERACCION 7 ~~~~~~~~~
Clocks = 35344.0000000000.
Resultado: [ 
	-1911695871301542941909325064522115842048.000000 + 
	-1207491206572679190891673585438794186752.000000i + 
	-1191822647415032096328894701860582064128.000000j + 
	-1081582932234912960950208653184961871872.000000k ]

 Processor clock rate = 2195.2 MHz
~~~~~~~~~ ITERACCION 8 ~~~~~~~~~
Clocks = 47542.0000000000.
Resultado: [ 
	-1911695871301542941909325064522115842048.000000 + 
	-1207491206572679190891673585438794186752.000000i + 
	-1191822647415032096328894701860582064128.000000j + 
	-1081582932234912960950208653184961871872.000000k ]

 Processor clock rate = 2195.1 MHz
~~~~~~~~~ ITERACCION 9 ~~~~~~~~~
Clocks = 43569.0000000000.
Resultado: [ 
	-1911695871301542941909325064522115842048.000000 + 
	-1207491206572679190891673585438794186752.000000i + 
	-1191822647415032096328894701860582064128.000000j + 
	-1081582932234912960950208653184961871872.000000k ]

 Processor clock rate = 2195.2 MHz
