#################      Q = 3     #################
~~~~~~~~~ ITERACCION 0 ~~~~~~~~~
Clocks = 1445492959.0000000000.
Resultado: [ 
	-189038584213351105554571983766119461632868352.000000 + 
	-106248429547492911964686277412670286631796736.000000i + 
	-106264868060751617432548712384149783253614592.000000j + 
	-106285773714162846315536990834350484139016192.000000k ]

 Processor clock rate = 2195.1 MHz
~~~~~~~~~ ITERACCION 1 ~~~~~~~~~
Clocks = 1616762437.0000000000.
Resultado: [ 
	-189038584213351105554571983766119461632868352.000000 + 
	-106248429547492911964686277412670286631796736.000000i + 
	-106264868060751617432548712384149783253614592.000000j + 
	-106285773714162846315536990834350484139016192.000000k ]

 Processor clock rate = 2195.1 MHz
~~~~~~~~~ ITERACCION 2 ~~~~~~~~~
Clocks = 1444180851.0000000000.
Resultado: [ 
	-189038584213351105554571983766119461632868352.000000 + 
	-106248429547492911964686277412670286631796736.000000i + 
	-106264868060751617432548712384149783253614592.000000j + 
	-106285773714162846315536990834350484139016192.000000k ]

 Processor clock rate = 2195.1 MHz
~~~~~~~~~ ITERACCION 3 ~~~~~~~~~
Clocks = 1464442174.0000000000.
Resultado: [ 
	-189038584213351105554571983766119461632868352.000000 + 
	-106248429547492911964686277412670286631796736.000000i + 
	-106264868060751617432548712384149783253614592.000000j + 
	-106285773714162846315536990834350484139016192.000000k ]

 Processor clock rate = 2195.2 MHz
~~~~~~~~~ ITERACCION 4 ~~~~~~~~~
Clocks = 1459739063.0000000000.
Resultado: [ 
	-189038584213351105554571983766119461632868352.000000 + 
	-106248429547492911964686277412670286631796736.000000i + 
	-106264868060751617432548712384149783253614592.000000j + 
	-106285773714162846315536990834350484139016192.000000k ]

 Processor clock rate = 2195.2 MHz
~~~~~~~~~ ITERACCION 5 ~~~~~~~~~
Clocks = 1469135391.0000000000.
Resultado: [ 
	-189038584213351105554571983766119461632868352.000000 + 
	-106248429547492911964686277412670286631796736.000000i + 
	-106264868060751617432548712384149783253614592.000000j + 
	-106285773714162846315536990834350484139016192.000000k ]

 Processor clock rate = 2195.2 MHz
~~~~~~~~~ ITERACCION 6 ~~~~~~~~~
Clocks = 1476480835.0000000000.
Resultado: [ 
	-189038584213351105554571983766119461632868352.000000 + 
	-106248429547492911964686277412670286631796736.000000i + 
	-106264868060751617432548712384149783253614592.000000j + 
	-106285773714162846315536990834350484139016192.000000k ]

 Processor clock rate = 2195.1 MHz
~~~~~~~~~ ITERACCION 7 ~~~~~~~~~
Clocks = 1475188638.0000000000.
Resultado: [ 
	-189038584213351105554571983766119461632868352.000000 + 
	-106248429547492911964686277412670286631796736.000000i + 
	-106264868060751617432548712384149783253614592.000000j + 
	-106285773714162846315536990834350484139016192.000000k ]

 Processor clock rate = 2195.1 MHz
~~~~~~~~~ ITERACCION 8 ~~~~~~~~~
Clocks = 1503390368.0000000000.
Resultado: [ 
	-189038584213351105554571983766119461632868352.000000 + 
	-106248429547492911964686277412670286631796736.000000i + 
	-106264868060751617432548712384149783253614592.000000j + 
	-106285773714162846315536990834350484139016192.000000k ]

 Processor clock rate = 2195.2 MHz
~~~~~~~~~ ITERACCION 9 ~~~~~~~~~
Clocks = 1446164274.0000000000.
Resultado: [ 
	-189038584213351105554571983766119461632868352.000000 + 
	-106248429547492911964686277412670286631796736.000000i + 
	-106264868060751617432548712384149783253614592.000000j + 
	-106285773714162846315536990834350484139016192.000000k ]

 Processor clock rate = 2195.1 MHz
