#################      Q = 1     #################
~~~~~~~~~ ITERACCION 0 ~~~~~~~~~
Clocks = 299816.0000000000.
Resultado: [ 
	53205927617524635009024.000000 + 
	53959026715829072822272.000000i + 
	53667749144766411964416.000000j + 
	53389816019310486749184.000000k ]

 Processor clock rate = 2195.2 MHz
~~~~~~~~~ ITERACCION 1 ~~~~~~~~~
Clocks = 306372.0000000000.
Resultado: [ 
	53205927617524635009024.000000 + 
	53959026715829072822272.000000i + 
	53667749144766411964416.000000j + 
	53389816019310486749184.000000k ]

 Processor clock rate = 2195.1 MHz
~~~~~~~~~ ITERACCION 2 ~~~~~~~~~
Clocks = 533225.0000000000.
Resultado: [ 
	53205927617524635009024.000000 + 
	53959026715829072822272.000000i + 
	53667749144766411964416.000000j + 
	53389816019310486749184.000000k ]

 Processor clock rate = 2195.1 MHz
~~~~~~~~~ ITERACCION 3 ~~~~~~~~~
Clocks = 533203.0000000000.
Resultado: [ 
	53205927617524635009024.000000 + 
	53959026715829072822272.000000i + 
	53667749144766411964416.000000j + 
	53389816019310486749184.000000k ]

 Processor clock rate = 2195.2 MHz
~~~~~~~~~ ITERACCION 4 ~~~~~~~~~
Clocks = 282352.0000000000.
Resultado: [ 
	53205927617524635009024.000000 + 
	53959026715829072822272.000000i + 
	53667749144766411964416.000000j + 
	53389816019310486749184.000000k ]

 Processor clock rate = 2195.1 MHz
~~~~~~~~~ ITERACCION 5 ~~~~~~~~~
Clocks = 210956.0000000000.
Resultado: [ 
	53205927617524635009024.000000 + 
	53959026715829072822272.000000i + 
	53667749144766411964416.000000j + 
	53389816019310486749184.000000k ]

 Processor clock rate = 2195.2 MHz
~~~~~~~~~ ITERACCION 6 ~~~~~~~~~
Clocks = 472921.0000000000.
Resultado: [ 
	53205927617524635009024.000000 + 
	53959026715829072822272.000000i + 
	53667749144766411964416.000000j + 
	53389816019310486749184.000000k ]

 Processor clock rate = 2195.1 MHz
~~~~~~~~~ ITERACCION 7 ~~~~~~~~~
Clocks = 287906.0000000000.
Resultado: [ 
	53205927617524635009024.000000 + 
	53959026715829072822272.000000i + 
	53667749144766411964416.000000j + 
	53389816019310486749184.000000k ]

 Processor clock rate = 2195.2 MHz
~~~~~~~~~ ITERACCION 8 ~~~~~~~~~
Clocks = 356899.0000000000.
Resultado: [ 
	53205927617524635009024.000000 + 
	53959026715829072822272.000000i + 
	53667749144766411964416.000000j + 
	53389816019310486749184.000000k ]

 Processor clock rate = 2195.1 MHz
~~~~~~~~~ ITERACCION 9 ~~~~~~~~~
Clocks = 274988.0000000000.
Resultado: [ 
	53205927617524635009024.000000 + 
	53959026715829072822272.000000i + 
	53667749144766411964416.000000j + 
	53389816019310486749184.000000k ]

 Processor clock rate = 2195.1 MHz
