#################      Q = 2     #################
~~~~~~~~~ ITERACCION 0 ~~~~~~~~~
Clocks = 20937724.0000000000.
Resultado: [ 
	5375097076200578844983296.000000 + 
	5385601632224341317910528.000000i + 
	5377673190234257853775872.000000j + 
	5381780009643068125872128.000000k ]

 Processor clock rate = 2195.2 MHz
~~~~~~~~~ ITERACCION 1 ~~~~~~~~~
Clocks = 18872474.0000000000.
Resultado: [ 
	5375097076200578844983296.000000 + 
	5385601632224341317910528.000000i + 
	5377673190234257853775872.000000j + 
	5381780009643068125872128.000000k ]

 Processor clock rate = 2195.1 MHz
~~~~~~~~~ ITERACCION 2 ~~~~~~~~~
Clocks = 18272872.0000000000.
Resultado: [ 
	5375097076200578844983296.000000 + 
	5385601632224341317910528.000000i + 
	5377673190234257853775872.000000j + 
	5381780009643068125872128.000000k ]

 Processor clock rate = 2195.1 MHz
~~~~~~~~~ ITERACCION 3 ~~~~~~~~~
Clocks = 18749362.0000000000.
Resultado: [ 
	5375097076200578844983296.000000 + 
	5385601632224341317910528.000000i + 
	5377673190234257853775872.000000j + 
	5381780009643068125872128.000000k ]

 Processor clock rate = 2195.2 MHz
~~~~~~~~~ ITERACCION 4 ~~~~~~~~~
Clocks = 20222570.0000000000.
Resultado: [ 
	5375097076200578844983296.000000 + 
	5385601632224341317910528.000000i + 
	5377673190234257853775872.000000j + 
	5381780009643068125872128.000000k ]

 Processor clock rate = 2195.3 MHz
~~~~~~~~~ ITERACCION 5 ~~~~~~~~~
Clocks = 18391578.0000000000.
Resultado: [ 
	5375097076200578844983296.000000 + 
	5385601632224341317910528.000000i + 
	5377673190234257853775872.000000j + 
	5381780009643068125872128.000000k ]

 Processor clock rate = 2195.2 MHz
~~~~~~~~~ ITERACCION 6 ~~~~~~~~~
Clocks = 18341528.0000000000.
Resultado: [ 
	5375097076200578844983296.000000 + 
	5385601632224341317910528.000000i + 
	5377673190234257853775872.000000j + 
	5381780009643068125872128.000000k ]

 Processor clock rate = 2195.1 MHz
~~~~~~~~~ ITERACCION 7 ~~~~~~~~~
Clocks = 24942984.0000000000.
Resultado: [ 
	5375097076200578844983296.000000 + 
	5385601632224341317910528.000000i + 
	5377673190234257853775872.000000j + 
	5381780009643068125872128.000000k ]

 Processor clock rate = 2195.2 MHz
~~~~~~~~~ ITERACCION 8 ~~~~~~~~~
Clocks = 18328576.0000000000.
Resultado: [ 
	5375097076200578844983296.000000 + 
	5385601632224341317910528.000000i + 
	5377673190234257853775872.000000j + 
	5381780009643068125872128.000000k ]

 Processor clock rate = 2195.1 MHz
~~~~~~~~~ ITERACCION 9 ~~~~~~~~~
Clocks = 18088263.0000000000.
Resultado: [ 
	5375097076200578844983296.000000 + 
	5385601632224341317910528.000000i + 
	5377673190234257853775872.000000j + 
	5381780009643068125872128.000000k ]

 Processor clock rate = 2195.1 MHz
